2022-05-10/12:08:07		'data_' FUNCTION STARTED
2022-05-10/12:08:07		Data loaded successfully
2022-05-10/12:08:07		'remove_outliers' FUNCTION STARTED
2022-05-10/12:08:07		removed outliers function compiled successfully
2022-05-10/12:08:07		'freight_cost_transform' FUNCTION STARTED
2022-05-10/12:08:07		freight_cost_transform function compiled successfully
2022-05-10/12:08:07		'feature_engineering' FUNCTION STARTED
2022-05-10/12:08:07		feature engineering function compiled successfully
2022-05-10/12:08:07		'data' FUNCTION STARTED
2022-05-10/12:08:07		data function compiled successfully
2022-05-12/11:20:28		'data_' FUNCTION STARTED
2022-05-12/11:20:28		Data loaded successfully
2022-05-12/11:20:28		'remove_outliers' FUNCTION STARTED
2022-05-12/11:20:28		removed outliers function compiled successfully
2022-05-12/11:20:28		'freight_cost_transform' FUNCTION STARTED
2022-05-12/11:20:28		freight_cost_transform function compiled successfully
2022-05-12/11:20:28		'feature_engineering' FUNCTION STARTED
2022-05-12/11:20:29		feature engineering function compiled successfully
2022-05-12/11:20:28		'data' FUNCTION STARTED
2022-05-12/11:20:29		data function compiled successfully
2022-05-12/11:20:35		'data_' FUNCTION STARTED
2022-05-12/11:20:35		Data loaded successfully
2022-05-12/11:20:35		'remove_outliers' FUNCTION STARTED
2022-05-12/11:20:35		removed outliers function compiled successfully
2022-05-12/11:20:35		'freight_cost_transform' FUNCTION STARTED
2022-05-12/11:20:35		freight_cost_transform function compiled successfully
2022-05-12/11:20:35		'feature_engineering' FUNCTION STARTED
2022-05-12/11:20:35		feature engineering function compiled successfully
2022-05-12/11:20:35		'data' FUNCTION STARTED
2022-05-12/11:20:35		data function compiled successfully
2022-05-12/11:23:12		'data_' FUNCTION STARTED
2022-05-12/11:23:12		Exception occurred while loading the data[Errno 2] No such file or directory: 'H:/consignment pricing using mlops/data/processed/Consignment_pricing_processed.csv'
2022-05-12/11:23:12		Failed to load the data please check your code and run
2022-05-12/11:23:12		'remove_outliers' FUNCTION STARTED
2022-05-12/11:23:12		Exception occured in remove_outliers method'NoneType' object is not subscriptable
2022-05-12/11:23:12		Error occured while removing outliers
2022-05-12/11:23:12		'freight_cost_transform' FUNCTION STARTED
2022-05-12/11:23:12		Exception occurred while compiling the code'NoneType' object is not subscriptable
2022-05-12/11:23:12		Failed to execute the code please check your code and run
2022-05-12/11:23:12		'feature_engineering' FUNCTION STARTED
2022-05-12/11:23:12		Exception occurred while compiling the code'NoneType' object is not subscriptable
2022-05-12/11:23:12		Failed to execute the code please check your code and run
2022-05-12/11:23:12		'data' FUNCTION STARTED
2022-05-12/11:23:12		Exception occurred while compiling the code'NoneType' object has no attribute 'drop'
2022-05-12/11:23:12		Failed to execute the code please check your code and run
2022-05-12/11:23:23		'data_' FUNCTION STARTED
2022-05-12/11:23:23		Exception occurred while loading the data[Errno 2] No such file or directory: 'H:/consignment pricing using mlops/data/processed/Consignment_pricing_processed.csv'
2022-05-12/11:23:23		Failed to load the data please check your code and run
2022-05-12/11:23:23		'remove_outliers' FUNCTION STARTED
2022-05-12/11:23:23		Exception occured in remove_outliers method'NoneType' object is not subscriptable
2022-05-12/11:23:23		Error occured while removing outliers
2022-05-12/11:23:23		'freight_cost_transform' FUNCTION STARTED
2022-05-12/11:23:23		Exception occurred while compiling the code'NoneType' object is not subscriptable
2022-05-12/11:23:23		Failed to execute the code please check your code and run
2022-05-12/11:23:23		'feature_engineering' FUNCTION STARTED
2022-05-12/11:23:23		Exception occurred while compiling the code'NoneType' object is not subscriptable
2022-05-12/11:23:23		Failed to execute the code please check your code and run
2022-05-12/11:23:23		'data' FUNCTION STARTED
2022-05-12/11:23:23		Exception occurred while compiling the code'NoneType' object has no attribute 'drop'
2022-05-12/11:23:23		Failed to execute the code please check your code and run
