2022-05-10/12:07:44		'read_params' FUNCTION STARTED
2022-05-10/12:07:44		config file i.e 'params.yaml' loaded successfully
2022-05-10/12:07:44		'read_params' FUNCTION STARTED
2022-05-10/12:07:44		config file i.e 'params.yaml' loaded successfully
2022-05-10/12:07:44		'get_data' FUNCTION STARTED
2022-05-10/12:07:45		Raw data loaded successfully
2022-05-10/12:07:52		'read_params' FUNCTION STARTED
2022-05-10/12:07:52		config file i.e 'params.yaml' loaded successfully
2022-05-10/12:07:52		'get_data' FUNCTION STARTED
2022-05-10/12:07:52		Raw data loaded successfully
2022-05-10/12:07:59		'read_params' FUNCTION STARTED
2022-05-10/12:07:59		config file i.e 'params.yaml' loaded successfully
2022-05-10/12:07:59		'read_params' FUNCTION STARTED
2022-05-10/12:07:59		config file i.e 'params.yaml' loaded successfully
2022-05-10/12:07:59		'read_params' FUNCTION STARTED
2022-05-10/12:07:59		config file i.e 'params.yaml' loaded successfully
2022-05-10/12:07:59		'get_data' FUNCTION STARTED
2022-05-10/12:07:59		Raw data loaded successfully
2022-05-10/12:08:07		'read_params' FUNCTION STARTED
2022-05-10/12:08:07		config file i.e 'params.yaml' loaded successfully
2022-05-10/12:08:07		'read_params' FUNCTION STARTED
2022-05-10/12:08:07		config file i.e 'params.yaml' loaded successfully
2022-05-10/12:08:17		'read_params' FUNCTION STARTED
2022-05-10/12:08:17		config file i.e 'params.yaml' loaded successfully
2022-05-10/15:01:01		'read_params' FUNCTION STARTED
2022-05-10/15:01:01		config file i.e 'params.yaml' loaded successfully
2022-05-10/15:01:01		'get_data' FUNCTION STARTED
2022-05-10/15:01:01		Raw data loaded successfully
2022-05-10/15:12:49		'read_params' FUNCTION STARTED
2022-05-10/15:12:49		Exception occured in read_params method:name 'log_fil' is not defined
2022-05-10/15:12:49		Error occured while reading the yaml file
2022-05-10/15:12:49		'get_data' FUNCTION STARTED
2022-05-10/15:12:49		Exception occured in get_data method:'NoneType' object is not subscriptable
2022-05-10/15:12:49		Error occured while reading the data
2022-05-10/15:13:06		'read_params' FUNCTION STARTED
2022-05-10/15:13:06		config file i.e 'params.yaml' loaded successfully
2022-05-10/15:13:06		'get_data' FUNCTION STARTED
2022-05-10/15:13:06		Raw data loaded successfully
2022-05-11/16:53:41		'read_params' FUNCTION STARTED
2022-05-11/16:53:41		config file i.e 'params.yaml' loaded successfully
2022-05-11/16:54:13		'read_params' FUNCTION STARTED
2022-05-11/16:54:13		config file i.e 'params.yaml' loaded successfully
2022-05-11/16:54:37		'read_params' FUNCTION STARTED
2022-05-11/16:54:37		config file i.e 'params.yaml' loaded successfully
2022-05-11/19:28:52		'read_params' FUNCTION STARTED
2022-05-11/19:28:52		config file i.e 'params.yaml' loaded successfully
2022-05-11/19:35:21		'read_params' FUNCTION STARTED
2022-05-11/19:35:21		config file i.e 'params.yaml' loaded successfully
2022-05-11/19:45:54		'read_params' FUNCTION STARTED
2022-05-11/19:45:54		config file i.e 'params.yaml' loaded successfully
2022-05-11/19:46:27		'read_params' FUNCTION STARTED
2022-05-11/19:46:27		config file i.e 'params.yaml' loaded successfully
2022-05-11/19:47:27		'read_params' FUNCTION STARTED
2022-05-11/19:47:27		config file i.e 'params.yaml' loaded successfully
2022-05-11/19:48:04		'read_params' FUNCTION STARTED
2022-05-11/19:48:04		config file i.e 'params.yaml' loaded successfully
2022-05-11/19:49:55		'read_params' FUNCTION STARTED
2022-05-11/19:49:55		config file i.e 'params.yaml' loaded successfully
2022-05-11/19:51:21		'read_params' FUNCTION STARTED
2022-05-11/19:51:21		config file i.e 'params.yaml' loaded successfully
2022-05-11/19:51:41		'read_params' FUNCTION STARTED
2022-05-11/19:51:41		config file i.e 'params.yaml' loaded successfully
2022-05-12/11:18:57		'read_params' FUNCTION STARTED
2022-05-12/11:18:57		config file i.e 'params.yaml' loaded successfully
2022-05-12/11:18:57		'read_params' FUNCTION STARTED
2022-05-12/11:18:57		config file i.e 'params.yaml' loaded successfully
2022-05-12/11:18:57		'get_data' FUNCTION STARTED
2022-05-12/11:18:58		Raw data loaded successfully
2022-05-12/11:19:16		'read_params' FUNCTION STARTED
2022-05-12/11:19:16		config file i.e 'params.yaml' loaded successfully
2022-05-12/11:19:16		'get_data' FUNCTION STARTED
2022-05-12/11:19:16		Raw data loaded successfully
2022-05-12/11:19:28		'read_params' FUNCTION STARTED
2022-05-12/11:19:28		config file i.e 'params.yaml' loaded successfully
2022-05-12/11:19:28		'read_params' FUNCTION STARTED
2022-05-12/11:19:28		config file i.e 'params.yaml' loaded successfully
2022-05-12/11:19:28		'read_params' FUNCTION STARTED
2022-05-12/11:19:28		config file i.e 'params.yaml' loaded successfully
2022-05-12/11:19:28		'get_data' FUNCTION STARTED
2022-05-12/11:19:28		Raw data loaded successfully
2022-05-12/11:20:05		'read_params' FUNCTION STARTED
2022-05-12/11:20:05		config file i.e 'params.yaml' loaded successfully
2022-05-12/11:20:05		'read_params' FUNCTION STARTED
2022-05-12/11:20:05		config file i.e 'params.yaml' loaded successfully
2022-05-12/11:20:05		'read_params' FUNCTION STARTED
2022-05-12/11:20:05		config file i.e 'params.yaml' loaded successfully
2022-05-12/11:20:05		'get_data' FUNCTION STARTED
2022-05-12/11:20:06		Raw data loaded successfully
2022-05-12/11:20:28		'read_params' FUNCTION STARTED
2022-05-12/11:20:28		config file i.e 'params.yaml' loaded successfully
2022-05-12/11:20:29		'read_params' FUNCTION STARTED
2022-05-12/11:20:29		config file i.e 'params.yaml' loaded successfully
2022-05-12/11:20:35		'read_params' FUNCTION STARTED
2022-05-12/11:20:35		config file i.e 'params.yaml' loaded successfully
2022-05-12/11:20:35		'read_params' FUNCTION STARTED
2022-05-12/11:20:35		config file i.e 'params.yaml' loaded successfully
2022-05-12/11:20:57		'read_params' FUNCTION STARTED
2022-05-12/11:20:57		config file i.e 'params.yaml' loaded successfully
2022-05-12/11:21:13		'read_params' FUNCTION STARTED
2022-05-12/11:21:13		config file i.e 'params.yaml' loaded successfully
2022-05-12/11:21:13		'read_params' FUNCTION STARTED
2022-05-12/11:21:13		config file i.e 'params.yaml' loaded successfully
2022-05-12/11:21:13		'get_data' FUNCTION STARTED
2022-05-12/11:21:13		Raw data loaded successfully
2022-05-12/11:22:42		'read_params' FUNCTION STARTED
2022-05-12/11:22:42		config file i.e 'params.yaml' loaded successfully
2022-05-12/11:22:42		'get_data' FUNCTION STARTED
2022-05-12/11:22:42		Raw data loaded successfully
2022-05-12/11:22:52		'read_params' FUNCTION STARTED
2022-05-12/11:22:52		config file i.e 'params.yaml' loaded successfully
2022-05-12/11:22:52		'get_data' FUNCTION STARTED
2022-05-12/11:22:52		Raw data loaded successfully
2022-05-12/11:23:12		'read_params' FUNCTION STARTED
2022-05-12/11:23:12		config file i.e 'params.yaml' loaded successfully
2022-05-12/11:23:12		'read_params' FUNCTION STARTED
2022-05-12/11:23:12		config file i.e 'params.yaml' loaded successfully
2022-05-12/11:23:23		'read_params' FUNCTION STARTED
2022-05-12/11:23:23		config file i.e 'params.yaml' loaded successfully
2022-05-12/11:23:23		'read_params' FUNCTION STARTED
2022-05-12/11:23:23		config file i.e 'params.yaml' loaded successfully
2022-05-12/18:36:34		'read_params' FUNCTION STARTED
2022-05-12/18:36:34		config file i.e 'params.yaml' loaded successfully
2022-05-12/18:36:34		'get_data' FUNCTION STARTED
2022-05-12/18:36:34		Exception occured in get_data method:[Errno 2] No such file or directory: 'consignment_data/Consignment_pricing_raw.csv'
2022-05-12/18:36:34		Error occured while reading the data
2022-05-12/18:37:14		'read_params' FUNCTION STARTED
2022-05-12/18:37:14		Exception occured in read_params method:[Errno 2] No such file or directory: 'params.yaml'
2022-05-12/18:37:14		Error occured while reading the yaml file
2022-05-12/18:37:14		'get_data' FUNCTION STARTED
2022-05-12/18:37:14		Exception occured in get_data method:'NoneType' object is not subscriptable
2022-05-12/18:37:14		Error occured while reading the data
2022-05-12/18:37:21		'read_params' FUNCTION STARTED
2022-05-12/18:37:21		Exception occured in read_params method:[Errno 2] No such file or directory: 'params.yaml'
2022-05-12/18:37:21		Error occured while reading the yaml file
2022-05-12/18:37:21		'get_data' FUNCTION STARTED
2022-05-12/18:37:21		Exception occured in get_data method:'NoneType' object is not subscriptable
2022-05-12/18:37:21		Error occured while reading the data
2022-05-12/19:59:16		'read_params' FUNCTION STARTED
2022-05-12/19:59:16		config file i.e 'params.yaml' loaded successfully
2022-05-12/19:59:16		'read_params' FUNCTION STARTED
2022-05-12/19:59:16		config file i.e 'params.yaml' loaded successfully
2022-05-12/19:59:16		'get_data' FUNCTION STARTED
2022-05-12/19:59:16		Raw data loaded successfully
2022-05-12/20:00:38		'read_params' FUNCTION STARTED
2022-05-12/20:00:38		Exception occured in read_params method:[Errno 2] No such file or directory: 'params.yaml'
2022-05-12/20:00:38		Error occured while reading the yaml file
2022-05-12/20:00:38		'read_params' FUNCTION STARTED
2022-05-12/20:00:38		Exception occured in read_params method:[Errno 2] No such file or directory: 'params.yaml'
2022-05-12/20:00:38		Error occured while reading the yaml file
2022-05-12/20:00:38		'get_data' FUNCTION STARTED
2022-05-12/20:00:38		Exception occured in get_data method:'NoneType' object is not subscriptable
2022-05-12/20:00:38		Error occured while reading the data
2022-05-12/20:00:49		'read_params' FUNCTION STARTED
2022-05-12/20:00:49		Exception occured in read_params method:[Errno 2] No such file or directory: 'params.yaml'
2022-05-12/20:00:49		Error occured while reading the yaml file
2022-05-12/20:00:49		'read_params' FUNCTION STARTED
2022-05-12/20:00:49		Exception occured in read_params method:[Errno 2] No such file or directory: 'params.yaml'
2022-05-12/20:00:49		Error occured while reading the yaml file
2022-05-12/20:00:49		'get_data' FUNCTION STARTED
2022-05-12/20:00:49		Exception occured in get_data method:'NoneType' object is not subscriptable
2022-05-12/20:00:49		Error occured while reading the data
2022-05-12/20:01:01		'read_params' FUNCTION STARTED
2022-05-12/20:01:01		Exception occured in read_params method:[Errno 2] No such file or directory: 'params.yaml'
2022-05-12/20:01:01		Error occured while reading the yaml file
2022-05-12/20:01:02		'read_params' FUNCTION STARTED
2022-05-12/20:01:02		Exception occured in read_params method:[Errno 2] No such file or directory: 'params.yaml'
2022-05-12/20:01:02		Error occured while reading the yaml file
2022-05-12/20:01:02		'get_data' FUNCTION STARTED
2022-05-12/20:01:02		Exception occured in get_data method:'NoneType' object is not subscriptable
2022-05-12/20:01:02		Error occured while reading the data
2022-05-12/20:02:23		'read_params' FUNCTION STARTED
2022-05-12/20:02:23		Exception occured in read_params method:[Errno 2] No such file or directory: 'params.yaml'
2022-05-12/20:02:23		Error occured while reading the yaml file
2022-05-12/20:02:23		'get_data' FUNCTION STARTED
2022-05-12/20:02:23		Exception occured in get_data method:'NoneType' object is not subscriptable
2022-05-12/20:02:23		Error occured while reading the data
2022-05-12/20:02:32		'read_params' FUNCTION STARTED
2022-05-12/20:02:32		Exception occured in read_params method:[Errno 2] No such file or directory: 'params.yaml'
2022-05-12/20:02:32		Error occured while reading the yaml file
2022-05-12/20:02:32		'get_data' FUNCTION STARTED
2022-05-12/20:02:32		Exception occured in get_data method:'NoneType' object is not subscriptable
2022-05-12/20:02:32		Error occured while reading the data
2022-05-12/20:03:46		'read_params' FUNCTION STARTED
2022-05-12/20:03:46		Exception occured in read_params method:[Errno 2] No such file or directory: 'params.yml'
2022-05-12/20:03:46		Error occured while reading the yaml file
2022-05-12/20:03:46		'get_data' FUNCTION STARTED
2022-05-12/20:03:46		Exception occured in get_data method:'NoneType' object is not subscriptable
2022-05-12/20:03:46		Error occured while reading the data
2022-05-12/20:03:52		'read_params' FUNCTION STARTED
2022-05-12/20:03:52		Exception occured in read_params method:[Errno 2] No such file or directory: 'params.yml'
2022-05-12/20:03:52		Error occured while reading the yaml file
2022-05-12/20:03:52		'get_data' FUNCTION STARTED
2022-05-12/20:03:52		Exception occured in get_data method:'NoneType' object is not subscriptable
2022-05-12/20:03:52		Error occured while reading the data
2022-05-12/20:04:29		'read_params' FUNCTION STARTED
2022-05-12/20:04:29		Exception occured in read_params method:[Errno 2] No such file or directory: '/params.yml'
2022-05-12/20:04:29		Error occured while reading the yaml file
2022-05-12/20:04:29		'get_data' FUNCTION STARTED
2022-05-12/20:04:29		Exception occured in get_data method:'NoneType' object is not subscriptable
2022-05-12/20:04:29		Error occured while reading the data
2022-05-12/20:04:59		'read_params' FUNCTION STARTED
2022-05-12/20:04:59		config file i.e 'params.yaml' loaded successfully
2022-05-12/20:04:59		'get_data' FUNCTION STARTED
2022-05-12/20:04:59		Exception occured in get_data method:[Errno 2] No such file or directory: 'consignment_data/Consignment_pricing_raw.csv'
2022-05-12/20:04:59		Error occured while reading the data
2022-05-12/20:05:07		'read_params' FUNCTION STARTED
2022-05-12/20:05:07		config file i.e 'params.yaml' loaded successfully
2022-05-12/20:05:07		'get_data' FUNCTION STARTED
2022-05-12/20:05:07		Exception occured in get_data method:[Errno 2] No such file or directory: 'consignment_data/Consignment_pricing_raw.csv'
2022-05-12/20:05:07		Error occured while reading the data
