2022-05-10/12:07:44		'load_data' FUNCTION STARTED
2022-05-10/12:07:45		Data loaded successfully to 'raw' folder
2022-05-12/11:15:10		'load_data' FUNCTION STARTED
2022-05-12/11:15:10		Exception occured in load_data methodlocal variable 'log_file' referenced before assignment
2022-05-12/11:15:10		Error occured while loading the data
2022-05-12/11:16:24		'load_data' FUNCTION STARTED
2022-05-12/11:16:24		Exception occured in load_data methodlocal variable 'log_file' referenced before assignment
2022-05-12/11:16:24		Error occured while loading the data
2022-05-12/11:18:57		'load_data' FUNCTION STARTED
2022-05-12/11:18:58		Data loaded successfully to 'raw' folder
2022-05-12/11:21:13		'load_data' FUNCTION STARTED
2022-05-12/11:21:14		Data loaded successfully to 'raw' folder
2022-05-12/11:32:15		'load_data' FUNCTION STARTED
2022-05-12/11:32:15		Exception occured in load_data methodlocal variable 'log_file' referenced before assignment
2022-05-12/11:32:15		Error occured while loading the data
2022-05-12/11:32:21		'load_data' FUNCTION STARTED
2022-05-12/11:32:21		Exception occured in load_data methodlocal variable 'log_file' referenced before assignment
2022-05-12/11:32:21		Error occured while loading the data
2022-05-12/11:33:15		'load_data' FUNCTION STARTED
2022-05-12/11:33:15		Exception occured in load_data methodlocal variable 'log_file' referenced before assignment
2022-05-12/11:33:15		Error occured while loading the data
2022-05-12/11:33:42		'load_data' FUNCTION STARTED
2022-05-12/11:33:42		Exception occured in load_data methodlocal variable 'log_file' referenced before assignment
2022-05-12/11:33:42		Error occured while loading the data
2022-05-12/11:33:50		'load_data' FUNCTION STARTED
2022-05-12/11:33:50		Exception occured in load_data methodlocal variable 'log_file' referenced before assignment
2022-05-12/11:33:50		Error occured while loading the data
2022-05-12/19:59:16		'load_data' FUNCTION STARTED
2022-05-12/19:59:16		Data loaded successfully to 'raw' folder
2022-05-12/20:00:38		'load_data' FUNCTION STARTED
2022-05-12/20:00:38		Exception occured in load_data method'NoneType' object is not subscriptable
2022-05-12/20:00:38		Error occured while loading the data
2022-05-12/20:00:49		'load_data' FUNCTION STARTED
2022-05-12/20:00:49		Exception occured in load_data method'NoneType' object is not subscriptable
2022-05-12/20:00:49		Error occured while loading the data
2022-05-12/20:01:01		'load_data' FUNCTION STARTED
2022-05-12/20:01:02		Exception occured in load_data method'NoneType' object is not subscriptable
2022-05-12/20:01:02		Error occured while loading the data
