2022-05-20/23:56:06		'data_' FUNCTION STARTED
2022-05-20/23:56:06		Data loaded successfully
2022-05-20/23:56:06		'remove_outliers' FUNCTION STARTED
2022-05-20/23:56:06		removed outliers function compiled successfully
2022-05-20/23:56:06		'freight_cost_transform' FUNCTION STARTED
2022-05-20/23:56:06		freight_cost_transform function compiled successfully
2022-05-20/23:56:06		'feature_engineering' FUNCTION STARTED
2022-05-20/23:56:07		feature engineering function compiled successfully
2022-05-20/23:56:06		'data' FUNCTION STARTED
2022-05-20/23:56:07		data function compiled successfully
2022-05-20/23:57:20		'data_' FUNCTION STARTED
2022-05-20/23:57:20		Data loaded successfully
2022-05-20/23:57:20		'remove_outliers' FUNCTION STARTED
2022-05-20/23:57:20		removed outliers function compiled successfully
2022-05-20/23:57:20		'freight_cost_transform' FUNCTION STARTED
2022-05-20/23:57:20		freight_cost_transform function compiled successfully
2022-05-20/23:57:20		'feature_engineering' FUNCTION STARTED
2022-05-20/23:57:20		feature engineering function compiled successfully
2022-05-20/23:57:20		'data' FUNCTION STARTED
2022-05-20/23:57:20		data function compiled successfully
2022-05-21/01:00:22		'data_' FUNCTION STARTED
2022-05-21/01:00:22		Data loaded successfully
2022-05-21/01:00:22		'remove_outliers' FUNCTION STARTED
2022-05-21/01:00:22		removed outliers function compiled successfully
2022-05-21/01:00:22		'freight_cost_transform' FUNCTION STARTED
2022-05-21/01:00:22		freight_cost_transform function compiled successfully
2022-05-21/01:00:22		'feature_engineering' FUNCTION STARTED
2022-05-21/01:00:22		feature engineering function compiled successfully
2022-05-21/01:00:22		'data' FUNCTION STARTED
2022-05-21/01:00:22		data function compiled successfully
2022-05-21/01:00:36		'data_' FUNCTION STARTED
2022-05-21/01:00:36		Data loaded successfully
2022-05-21/01:00:36		'remove_outliers' FUNCTION STARTED
2022-05-21/01:00:36		removed outliers function compiled successfully
2022-05-21/01:00:36		'freight_cost_transform' FUNCTION STARTED
2022-05-21/01:00:36		freight_cost_transform function compiled successfully
2022-05-21/01:00:36		'feature_engineering' FUNCTION STARTED
2022-05-21/01:00:37		feature engineering function compiled successfully
2022-05-21/01:00:36		'data' FUNCTION STARTED
2022-05-21/01:00:37		data function compiled successfully
