2022-05-10/12:07:44		'read_params' FUNCTION STARTED
2022-05-10/12:07:44		config file i.e 'params.yaml' loaded successfully
2022-05-10/12:07:44		'read_params' FUNCTION STARTED
2022-05-10/12:07:44		config file i.e 'params.yaml' loaded successfully
2022-05-10/12:07:44		'get_data' FUNCTION STARTED
2022-05-10/12:07:45		Raw data loaded successfully
2022-05-10/12:07:52		'read_params' FUNCTION STARTED
2022-05-10/12:07:52		config file i.e 'params.yaml' loaded successfully
2022-05-10/12:07:52		'get_data' FUNCTION STARTED
2022-05-10/12:07:52		Raw data loaded successfully
2022-05-10/12:07:59		'read_params' FUNCTION STARTED
2022-05-10/12:07:59		config file i.e 'params.yaml' loaded successfully
2022-05-10/12:07:59		'read_params' FUNCTION STARTED
2022-05-10/12:07:59		config file i.e 'params.yaml' loaded successfully
2022-05-10/12:07:59		'read_params' FUNCTION STARTED
2022-05-10/12:07:59		config file i.e 'params.yaml' loaded successfully
2022-05-10/12:07:59		'get_data' FUNCTION STARTED
2022-05-10/12:07:59		Raw data loaded successfully
2022-05-10/12:08:07		'read_params' FUNCTION STARTED
2022-05-10/12:08:07		config file i.e 'params.yaml' loaded successfully
2022-05-10/12:08:07		'read_params' FUNCTION STARTED
2022-05-10/12:08:07		config file i.e 'params.yaml' loaded successfully
2022-05-10/12:08:17		'read_params' FUNCTION STARTED
2022-05-10/12:08:17		config file i.e 'params.yaml' loaded successfully
2022-05-10/15:01:01		'read_params' FUNCTION STARTED
2022-05-10/15:01:01		config file i.e 'params.yaml' loaded successfully
2022-05-10/15:01:01		'get_data' FUNCTION STARTED
2022-05-10/15:01:01		Raw data loaded successfully
2022-05-10/15:12:49		'read_params' FUNCTION STARTED
2022-05-10/15:12:49		Exception occured in read_params method:name 'log_fil' is not defined
2022-05-10/15:12:49		Error occured while reading the yaml file
2022-05-10/15:12:49		'get_data' FUNCTION STARTED
2022-05-10/15:12:49		Exception occured in get_data method:'NoneType' object is not subscriptable
2022-05-10/15:12:49		Error occured while reading the data
2022-05-10/15:13:06		'read_params' FUNCTION STARTED
2022-05-10/15:13:06		config file i.e 'params.yaml' loaded successfully
2022-05-10/15:13:06		'get_data' FUNCTION STARTED
2022-05-10/15:13:06		Raw data loaded successfully
2022-05-11/16:53:41		'read_params' FUNCTION STARTED
2022-05-11/16:53:41		config file i.e 'params.yaml' loaded successfully
2022-05-11/16:54:13		'read_params' FUNCTION STARTED
2022-05-11/16:54:13		config file i.e 'params.yaml' loaded successfully
2022-05-11/16:54:37		'read_params' FUNCTION STARTED
2022-05-11/16:54:37		config file i.e 'params.yaml' loaded successfully
2022-05-11/19:28:52		'read_params' FUNCTION STARTED
2022-05-11/19:28:52		config file i.e 'params.yaml' loaded successfully
2022-05-11/19:35:21		'read_params' FUNCTION STARTED
2022-05-11/19:35:21		config file i.e 'params.yaml' loaded successfully
2022-05-11/19:45:54		'read_params' FUNCTION STARTED
2022-05-11/19:45:54		config file i.e 'params.yaml' loaded successfully
2022-05-11/19:46:27		'read_params' FUNCTION STARTED
2022-05-11/19:46:27		config file i.e 'params.yaml' loaded successfully
2022-05-11/19:47:27		'read_params' FUNCTION STARTED
2022-05-11/19:47:27		config file i.e 'params.yaml' loaded successfully
2022-05-11/19:48:04		'read_params' FUNCTION STARTED
2022-05-11/19:48:04		config file i.e 'params.yaml' loaded successfully
2022-05-11/19:49:55		'read_params' FUNCTION STARTED
2022-05-11/19:49:55		config file i.e 'params.yaml' loaded successfully
2022-05-11/19:51:21		'read_params' FUNCTION STARTED
2022-05-11/19:51:21		config file i.e 'params.yaml' loaded successfully
2022-05-11/19:51:41		'read_params' FUNCTION STARTED
2022-05-11/19:51:41		config file i.e 'params.yaml' loaded successfully
2022-05-12/11:18:57		'read_params' FUNCTION STARTED
2022-05-12/11:18:57		config file i.e 'params.yaml' loaded successfully
2022-05-12/11:18:57		'read_params' FUNCTION STARTED
2022-05-12/11:18:57		config file i.e 'params.yaml' loaded successfully
2022-05-12/11:18:57		'get_data' FUNCTION STARTED
2022-05-12/11:18:58		Raw data loaded successfully
2022-05-12/11:19:16		'read_params' FUNCTION STARTED
2022-05-12/11:19:16		config file i.e 'params.yaml' loaded successfully
2022-05-12/11:19:16		'get_data' FUNCTION STARTED
2022-05-12/11:19:16		Raw data loaded successfully
2022-05-12/11:19:28		'read_params' FUNCTION STARTED
2022-05-12/11:19:28		config file i.e 'params.yaml' loaded successfully
2022-05-12/11:19:28		'read_params' FUNCTION STARTED
2022-05-12/11:19:28		config file i.e 'params.yaml' loaded successfully
2022-05-12/11:19:28		'read_params' FUNCTION STARTED
2022-05-12/11:19:28		config file i.e 'params.yaml' loaded successfully
2022-05-12/11:19:28		'get_data' FUNCTION STARTED
2022-05-12/11:19:28		Raw data loaded successfully
2022-05-12/11:20:05		'read_params' FUNCTION STARTED
2022-05-12/11:20:05		config file i.e 'params.yaml' loaded successfully
2022-05-12/11:20:05		'read_params' FUNCTION STARTED
2022-05-12/11:20:05		config file i.e 'params.yaml' loaded successfully
2022-05-12/11:20:05		'read_params' FUNCTION STARTED
2022-05-12/11:20:05		config file i.e 'params.yaml' loaded successfully
2022-05-12/11:20:05		'get_data' FUNCTION STARTED
2022-05-12/11:20:06		Raw data loaded successfully
2022-05-12/11:20:28		'read_params' FUNCTION STARTED
2022-05-12/11:20:28		config file i.e 'params.yaml' loaded successfully
2022-05-12/11:20:29		'read_params' FUNCTION STARTED
2022-05-12/11:20:29		config file i.e 'params.yaml' loaded successfully
2022-05-12/11:20:35		'read_params' FUNCTION STARTED
2022-05-12/11:20:35		config file i.e 'params.yaml' loaded successfully
2022-05-12/11:20:35		'read_params' FUNCTION STARTED
2022-05-12/11:20:35		config file i.e 'params.yaml' loaded successfully
2022-05-12/11:20:57		'read_params' FUNCTION STARTED
2022-05-12/11:20:57		config file i.e 'params.yaml' loaded successfully
2022-05-12/11:21:13		'read_params' FUNCTION STARTED
2022-05-12/11:21:13		config file i.e 'params.yaml' loaded successfully
2022-05-12/11:21:13		'read_params' FUNCTION STARTED
2022-05-12/11:21:13		config file i.e 'params.yaml' loaded successfully
2022-05-12/11:21:13		'get_data' FUNCTION STARTED
2022-05-12/11:21:13		Raw data loaded successfully
2022-05-12/11:22:42		'read_params' FUNCTION STARTED
2022-05-12/11:22:42		config file i.e 'params.yaml' loaded successfully
2022-05-12/11:22:42		'get_data' FUNCTION STARTED
2022-05-12/11:22:42		Raw data loaded successfully
2022-05-12/11:22:52		'read_params' FUNCTION STARTED
2022-05-12/11:22:52		config file i.e 'params.yaml' loaded successfully
2022-05-12/11:22:52		'get_data' FUNCTION STARTED
2022-05-12/11:22:52		Raw data loaded successfully
2022-05-12/11:23:12		'read_params' FUNCTION STARTED
2022-05-12/11:23:12		config file i.e 'params.yaml' loaded successfully
2022-05-12/11:23:12		'read_params' FUNCTION STARTED
2022-05-12/11:23:12		config file i.e 'params.yaml' loaded successfully
2022-05-12/11:23:23		'read_params' FUNCTION STARTED
2022-05-12/11:23:23		config file i.e 'params.yaml' loaded successfully
2022-05-12/11:23:23		'read_params' FUNCTION STARTED
2022-05-12/11:23:23		config file i.e 'params.yaml' loaded successfully
2022-05-12/18:36:34		'read_params' FUNCTION STARTED
2022-05-12/18:36:34		config file i.e 'params.yaml' loaded successfully
2022-05-12/18:36:34		'get_data' FUNCTION STARTED
2022-05-12/18:36:34		Exception occured in get_data method:[Errno 2] No such file or directory: 'consignment_data/Consignment_pricing_raw.csv'
2022-05-12/18:36:34		Error occured while reading the data
2022-05-12/18:37:14		'read_params' FUNCTION STARTED
2022-05-12/18:37:14		Exception occured in read_params method:[Errno 2] No such file or directory: 'params.yaml'
2022-05-12/18:37:14		Error occured while reading the yaml file
2022-05-12/18:37:14		'get_data' FUNCTION STARTED
2022-05-12/18:37:14		Exception occured in get_data method:'NoneType' object is not subscriptable
2022-05-12/18:37:14		Error occured while reading the data
2022-05-12/18:37:21		'read_params' FUNCTION STARTED
2022-05-12/18:37:21		Exception occured in read_params method:[Errno 2] No such file or directory: 'params.yaml'
2022-05-12/18:37:21		Error occured while reading the yaml file
2022-05-12/18:37:21		'get_data' FUNCTION STARTED
2022-05-12/18:37:21		Exception occured in get_data method:'NoneType' object is not subscriptable
2022-05-12/18:37:21		Error occured while reading the data
2022-05-12/19:59:16		'read_params' FUNCTION STARTED
2022-05-12/19:59:16		config file i.e 'params.yaml' loaded successfully
2022-05-12/19:59:16		'read_params' FUNCTION STARTED
2022-05-12/19:59:16		config file i.e 'params.yaml' loaded successfully
2022-05-12/19:59:16		'get_data' FUNCTION STARTED
2022-05-12/19:59:16		Raw data loaded successfully
2022-05-12/20:00:38		'read_params' FUNCTION STARTED
2022-05-12/20:00:38		Exception occured in read_params method:[Errno 2] No such file or directory: 'params.yaml'
2022-05-12/20:00:38		Error occured while reading the yaml file
2022-05-12/20:00:38		'read_params' FUNCTION STARTED
2022-05-12/20:00:38		Exception occured in read_params method:[Errno 2] No such file or directory: 'params.yaml'
2022-05-12/20:00:38		Error occured while reading the yaml file
2022-05-12/20:00:38		'get_data' FUNCTION STARTED
2022-05-12/20:00:38		Exception occured in get_data method:'NoneType' object is not subscriptable
2022-05-12/20:00:38		Error occured while reading the data
2022-05-12/20:00:49		'read_params' FUNCTION STARTED
2022-05-12/20:00:49		Exception occured in read_params method:[Errno 2] No such file or directory: 'params.yaml'
2022-05-12/20:00:49		Error occured while reading the yaml file
2022-05-12/20:00:49		'read_params' FUNCTION STARTED
2022-05-12/20:00:49		Exception occured in read_params method:[Errno 2] No such file or directory: 'params.yaml'
2022-05-12/20:00:49		Error occured while reading the yaml file
2022-05-12/20:00:49		'get_data' FUNCTION STARTED
2022-05-12/20:00:49		Exception occured in get_data method:'NoneType' object is not subscriptable
2022-05-12/20:00:49		Error occured while reading the data
2022-05-12/20:01:01		'read_params' FUNCTION STARTED
2022-05-12/20:01:01		Exception occured in read_params method:[Errno 2] No such file or directory: 'params.yaml'
2022-05-12/20:01:01		Error occured while reading the yaml file
2022-05-12/20:01:02		'read_params' FUNCTION STARTED
2022-05-12/20:01:02		Exception occured in read_params method:[Errno 2] No such file or directory: 'params.yaml'
2022-05-12/20:01:02		Error occured while reading the yaml file
2022-05-12/20:01:02		'get_data' FUNCTION STARTED
2022-05-12/20:01:02		Exception occured in get_data method:'NoneType' object is not subscriptable
2022-05-12/20:01:02		Error occured while reading the data
2022-05-12/20:02:23		'read_params' FUNCTION STARTED
2022-05-12/20:02:23		Exception occured in read_params method:[Errno 2] No such file or directory: 'params.yaml'
2022-05-12/20:02:23		Error occured while reading the yaml file
2022-05-12/20:02:23		'get_data' FUNCTION STARTED
2022-05-12/20:02:23		Exception occured in get_data method:'NoneType' object is not subscriptable
2022-05-12/20:02:23		Error occured while reading the data
2022-05-12/20:02:32		'read_params' FUNCTION STARTED
2022-05-12/20:02:32		Exception occured in read_params method:[Errno 2] No such file or directory: 'params.yaml'
2022-05-12/20:02:32		Error occured while reading the yaml file
2022-05-12/20:02:32		'get_data' FUNCTION STARTED
2022-05-12/20:02:32		Exception occured in get_data method:'NoneType' object is not subscriptable
2022-05-12/20:02:32		Error occured while reading the data
2022-05-12/20:03:46		'read_params' FUNCTION STARTED
2022-05-12/20:03:46		Exception occured in read_params method:[Errno 2] No such file or directory: 'params.yml'
2022-05-12/20:03:46		Error occured while reading the yaml file
2022-05-12/20:03:46		'get_data' FUNCTION STARTED
2022-05-12/20:03:46		Exception occured in get_data method:'NoneType' object is not subscriptable
2022-05-12/20:03:46		Error occured while reading the data
2022-05-12/20:03:52		'read_params' FUNCTION STARTED
2022-05-12/20:03:52		Exception occured in read_params method:[Errno 2] No such file or directory: 'params.yml'
2022-05-12/20:03:52		Error occured while reading the yaml file
2022-05-12/20:03:52		'get_data' FUNCTION STARTED
2022-05-12/20:03:52		Exception occured in get_data method:'NoneType' object is not subscriptable
2022-05-12/20:03:52		Error occured while reading the data
2022-05-12/20:04:29		'read_params' FUNCTION STARTED
2022-05-12/20:04:29		Exception occured in read_params method:[Errno 2] No such file or directory: '/params.yml'
2022-05-12/20:04:29		Error occured while reading the yaml file
2022-05-12/20:04:29		'get_data' FUNCTION STARTED
2022-05-12/20:04:29		Exception occured in get_data method:'NoneType' object is not subscriptable
2022-05-12/20:04:29		Error occured while reading the data
2022-05-12/20:04:59		'read_params' FUNCTION STARTED
2022-05-12/20:04:59		config file i.e 'params.yaml' loaded successfully
2022-05-12/20:04:59		'get_data' FUNCTION STARTED
2022-05-12/20:04:59		Exception occured in get_data method:[Errno 2] No such file or directory: 'consignment_data/Consignment_pricing_raw.csv'
2022-05-12/20:04:59		Error occured while reading the data
2022-05-12/20:05:07		'read_params' FUNCTION STARTED
2022-05-12/20:05:07		config file i.e 'params.yaml' loaded successfully
2022-05-12/20:05:07		'get_data' FUNCTION STARTED
2022-05-12/20:05:07		Exception occured in get_data method:[Errno 2] No such file or directory: 'consignment_data/Consignment_pricing_raw.csv'
2022-05-12/20:05:07		Error occured while reading the data
2022-05-14/12:39:59		'read_params' FUNCTION STARTED
2022-05-14/12:39:59		Exception occured in read_params method:[Errno 2] No such file or directory: 'params.yml'
2022-05-14/12:39:59		Error occured while reading the yaml file
2022-05-14/12:39:59		'get_data' FUNCTION STARTED
2022-05-14/12:39:59		Exception occured in get_data method:'NoneType' object is not subscriptable
2022-05-14/12:39:59		Error occured while reading the data
2022-05-14/12:40:37		'read_params' FUNCTION STARTED
2022-05-14/12:40:37		Exception occured in read_params method:[Errno 2] No such file or directory: 'params.yml'
2022-05-14/12:40:37		Error occured while reading the yaml file
2022-05-14/12:40:37		'get_data' FUNCTION STARTED
2022-05-14/12:40:37		Exception occured in get_data method:'NoneType' object is not subscriptable
2022-05-14/12:40:37		Error occured while reading the data
2022-05-14/12:40:56		'read_params' FUNCTION STARTED
2022-05-14/12:40:56		config file i.e 'params.yaml' loaded successfully
2022-05-14/12:40:56		'get_data' FUNCTION STARTED
2022-05-14/12:40:56		Exception occured in get_data method:[Errno 2] No such file or directory: 'consignment_data/Consignment_pricing_raw.csv'
2022-05-14/12:40:56		Error occured while reading the data
2022-05-14/12:41:44		'read_params' FUNCTION STARTED
2022-05-14/12:41:44		config file i.e 'params.yaml' loaded successfully
2022-05-14/12:41:44		'get_data' FUNCTION STARTED
2022-05-14/12:41:44		Raw data loaded successfully
2022-05-14/12:41:52		'read_params' FUNCTION STARTED
2022-05-14/12:41:52		config file i.e 'params.yaml' loaded successfully
2022-05-14/12:41:52		'get_data' FUNCTION STARTED
2022-05-14/12:41:52		Raw data loaded successfully
2022-05-14/12:42:06		'read_params' FUNCTION STARTED
2022-05-14/12:42:06		Exception occured in read_params method:[Errno 2] No such file or directory: 'H:/consignment pricing using mlops/params.yaml'
2022-05-14/12:42:06		Error occured while reading the yaml file
2022-05-14/12:42:06		'read_params' FUNCTION STARTED
2022-05-14/12:42:06		Exception occured in read_params method:[Errno 2] No such file or directory: 'H:/consignment pricing using mlops/params.yaml'
2022-05-14/12:42:06		Error occured while reading the yaml file
2022-05-14/12:42:06		'get_data' FUNCTION STARTED
2022-05-14/12:42:06		Exception occured in get_data method:'NoneType' object is not subscriptable
2022-05-14/12:42:06		Error occured while reading the data
2022-05-14/12:42:13		'read_params' FUNCTION STARTED
2022-05-14/12:42:13		Exception occured in read_params method:[Errno 2] No such file or directory: 'H:/consignment pricing using mlops/params.yaml'
2022-05-14/12:42:13		Error occured while reading the yaml file
2022-05-14/12:42:13		'read_params' FUNCTION STARTED
2022-05-14/12:42:13		Exception occured in read_params method:[Errno 2] No such file or directory: 'H:/consignment pricing using mlops/params.yaml'
2022-05-14/12:42:13		Error occured while reading the yaml file
2022-05-14/12:42:13		'get_data' FUNCTION STARTED
2022-05-14/12:42:13		Exception occured in get_data method:'NoneType' object is not subscriptable
2022-05-14/12:42:13		Error occured while reading the data
2022-05-14/12:43:09		'read_params' FUNCTION STARTED
2022-05-14/12:43:09		Exception occured in read_params method:[Errno 2] No such file or directory: 'H:/consignment pricing using mlops/params.yaml'
2022-05-14/12:43:09		Error occured while reading the yaml file
2022-05-14/12:43:09		'read_params' FUNCTION STARTED
2022-05-14/12:43:09		Exception occured in read_params method:[Errno 2] No such file or directory: 'H:/consignment pricing using mlops/params.yaml'
2022-05-14/12:43:09		Error occured while reading the yaml file
2022-05-14/12:43:09		'get_data' FUNCTION STARTED
2022-05-14/12:43:09		Exception occured in get_data method:'NoneType' object is not subscriptable
2022-05-14/12:43:09		Error occured while reading the data
2022-05-14/12:43:21		'read_params' FUNCTION STARTED
2022-05-14/12:43:21		Exception occured in read_params method:[Errno 2] No such file or directory: 'H:/consignment pricing using mlops/params.yaml'
2022-05-14/12:43:21		Error occured while reading the yaml file
2022-05-14/12:43:21		'read_params' FUNCTION STARTED
2022-05-14/12:43:21		Exception occured in read_params method:[Errno 2] No such file or directory: 'H:/consignment pricing using mlops/params.yaml'
2022-05-14/12:43:21		Error occured while reading the yaml file
2022-05-14/12:43:21		'get_data' FUNCTION STARTED
2022-05-14/12:43:21		Exception occured in get_data method:'NoneType' object is not subscriptable
2022-05-14/12:43:21		Error occured while reading the data
2022-05-14/12:44:36		'read_params' FUNCTION STARTED
2022-05-14/12:44:36		Exception occured in read_params method:[Errno 2] No such file or directory: 'H:/consignment pricing using mlops/params.yaml'
2022-05-14/12:44:36		Error occured while reading the yaml file
2022-05-14/12:44:36		'read_params' FUNCTION STARTED
2022-05-14/12:44:36		Exception occured in read_params method:[Errno 2] No such file or directory: 'H:/consignment pricing using mlops/params.yaml'
2022-05-14/12:44:36		Error occured while reading the yaml file
2022-05-14/12:44:36		'get_data' FUNCTION STARTED
2022-05-14/12:44:36		Exception occured in get_data method:'NoneType' object is not subscriptable
2022-05-14/12:44:36		Error occured while reading the data
2022-05-14/12:44:51		'read_params' FUNCTION STARTED
2022-05-14/12:44:51		Exception occured in read_params method:[Errno 2] No such file or directory: 'H:/consignment pricing using mlops/params.yaml'
2022-05-14/12:44:51		Error occured while reading the yaml file
2022-05-14/12:44:51		'read_params' FUNCTION STARTED
2022-05-14/12:44:51		Exception occured in read_params method:[Errno 2] No such file or directory: 'H:/consignment pricing using mlops/params.yaml'
2022-05-14/12:44:51		Error occured while reading the yaml file
2022-05-14/12:44:51		'get_data' FUNCTION STARTED
2022-05-14/12:44:51		Exception occured in get_data method:'NoneType' object is not subscriptable
2022-05-14/12:44:51		Error occured while reading the data
2022-05-14/12:45:00		'read_params' FUNCTION STARTED
2022-05-14/12:45:00		Exception occured in read_params method:[Errno 2] No such file or directory: 'H:/consignment pricing using mlops/params.yaml'
2022-05-14/12:45:00		Error occured while reading the yaml file
2022-05-14/12:45:00		'read_params' FUNCTION STARTED
2022-05-14/12:45:00		Exception occured in read_params method:[Errno 2] No such file or directory: 'H:/consignment pricing using mlops/params.yaml'
2022-05-14/12:45:00		Error occured while reading the yaml file
2022-05-14/12:45:00		'get_data' FUNCTION STARTED
2022-05-14/12:45:00		Exception occured in get_data method:'NoneType' object is not subscriptable
2022-05-14/12:45:00		Error occured while reading the data
2022-05-14/12:45:44		'read_params' FUNCTION STARTED
2022-05-14/12:45:44		Exception occured in read_params method:[Errno 2] No such file or directory: 'H:/consignment pricing using mlops/params.yaml'
2022-05-14/12:45:44		Error occured while reading the yaml file
2022-05-14/12:45:44		'read_params' FUNCTION STARTED
2022-05-14/12:45:44		Exception occured in read_params method:[Errno 2] No such file or directory: 'H:/consignment pricing using mlops/params.yaml'
2022-05-14/12:45:44		Error occured while reading the yaml file
2022-05-14/12:45:44		'get_data' FUNCTION STARTED
2022-05-14/12:45:44		Exception occured in get_data method:'NoneType' object is not subscriptable
2022-05-14/12:45:44		Error occured while reading the data
2022-05-14/12:45:51		'read_params' FUNCTION STARTED
2022-05-14/12:45:51		Exception occured in read_params method:[Errno 2] No such file or directory: 'H:/consignment pricing using mlops/params.yaml'
2022-05-14/12:45:51		Error occured while reading the yaml file
2022-05-14/12:45:51		'read_params' FUNCTION STARTED
2022-05-14/12:45:51		Exception occured in read_params method:[Errno 2] No such file or directory: 'H:/consignment pricing using mlops/params.yaml'
2022-05-14/12:45:51		Error occured while reading the yaml file
2022-05-14/12:45:51		'get_data' FUNCTION STARTED
2022-05-14/12:45:51		Exception occured in get_data method:'NoneType' object is not subscriptable
2022-05-14/12:45:51		Error occured while reading the data
2022-05-14/12:46:23		'read_params' FUNCTION STARTED
2022-05-14/12:46:23		Exception occured in read_params method:[Errno 2] No such file or directory: 'H:/consignment pricing using mlops/params.yaml'
2022-05-14/12:46:23		Error occured while reading the yaml file
2022-05-14/12:46:23		'read_params' FUNCTION STARTED
2022-05-14/12:46:23		Exception occured in read_params method:[Errno 2] No such file or directory: 'H:/consignment pricing using mlops/params.yaml'
2022-05-14/12:46:23		Error occured while reading the yaml file
2022-05-14/12:46:23		'get_data' FUNCTION STARTED
2022-05-14/12:46:23		Exception occured in get_data method:'NoneType' object is not subscriptable
2022-05-14/12:46:23		Error occured while reading the data
2022-05-14/12:47:19		'read_params' FUNCTION STARTED
2022-05-14/12:47:19		config file i.e 'params.yaml' loaded successfully
2022-05-14/12:47:19		'get_data' FUNCTION STARTED
2022-05-14/12:47:20		Raw data loaded successfully
2022-05-14/12:48:37		'read_params' FUNCTION STARTED
2022-05-14/12:48:37		config file i.e 'params.yaml' loaded successfully
2022-05-14/12:48:37		'get_data' FUNCTION STARTED
2022-05-14/12:48:37		Raw data loaded successfully
2022-05-14/12:48:40		'read_params' FUNCTION STARTED
2022-05-14/12:48:40		Exception occured in read_params method:[Errno 2] No such file or directory: 'H:/consignment pricing using mlops/params.yaml'
2022-05-14/12:48:40		Error occured while reading the yaml file
2022-05-14/12:48:40		'read_params' FUNCTION STARTED
2022-05-14/12:48:40		Exception occured in read_params method:[Errno 2] No such file or directory: 'H:/consignment pricing using mlops/params.yaml'
2022-05-14/12:48:40		Error occured while reading the yaml file
2022-05-14/12:48:40		'get_data' FUNCTION STARTED
2022-05-14/12:48:40		Exception occured in get_data method:'NoneType' object is not subscriptable
2022-05-14/12:48:40		Error occured while reading the data
2022-05-14/12:51:52		'read_params' FUNCTION STARTED
2022-05-14/12:51:52		Exception occured in read_params method:[Errno 2] No such file or directory: 'H:/consignment pricing using mlops/params.yaml'
2022-05-14/12:51:52		Error occured while reading the yaml file
2022-05-14/12:51:52		'read_params' FUNCTION STARTED
2022-05-14/12:51:52		Exception occured in read_params method:[Errno 2] No such file or directory: 'H:/consignment pricing using mlops/params.yaml'
2022-05-14/12:51:52		Error occured while reading the yaml file
2022-05-14/12:51:52		'get_data' FUNCTION STARTED
2022-05-14/12:51:52		Exception occured in get_data method:'NoneType' object is not subscriptable
2022-05-14/12:51:52		Error occured while reading the data
2022-05-14/12:52:16		'read_params' FUNCTION STARTED
2022-05-14/12:52:16		Exception occured in read_params method:[Errno 2] No such file or directory: 'H:/consignment pricing using mlops/params.yaml'
2022-05-14/12:52:16		Error occured while reading the yaml file
2022-05-14/12:52:16		'read_params' FUNCTION STARTED
2022-05-14/12:52:16		Exception occured in read_params method:[Errno 2] No such file or directory: 'H:/consignment pricing using mlops/params.yaml'
2022-05-14/12:52:16		Error occured while reading the yaml file
2022-05-14/12:52:16		'get_data' FUNCTION STARTED
2022-05-14/12:52:16		Exception occured in get_data method:'NoneType' object is not subscriptable
2022-05-14/12:52:16		Error occured while reading the data
2022-05-14/12:55:49		'read_params' FUNCTION STARTED
2022-05-14/12:55:49		config file i.e 'params.yaml' loaded successfully
2022-05-14/12:55:49		'get_data' FUNCTION STARTED
2022-05-14/12:55:49		Raw data loaded successfully
2022-05-14/12:56:02		'read_params' FUNCTION STARTED
2022-05-14/12:56:02		Exception occured in read_params method:[Errno 2] No such file or directory: 'H:/consignment pricing using mlops/params.yaml'
2022-05-14/12:56:02		Error occured while reading the yaml file
2022-05-14/12:56:02		'read_params' FUNCTION STARTED
2022-05-14/12:56:02		Exception occured in read_params method:[Errno 2] No such file or directory: 'H:/consignment pricing using mlops/params.yaml'
2022-05-14/12:56:02		Error occured while reading the yaml file
2022-05-14/12:56:02		'get_data' FUNCTION STARTED
2022-05-14/12:56:02		Exception occured in get_data method:'NoneType' object is not subscriptable
2022-05-14/12:56:02		Error occured while reading the data
2022-05-14/12:57:09		'read_params' FUNCTION STARTED
2022-05-14/12:57:09		config file i.e 'params.yaml' loaded successfully
2022-05-14/12:57:09		'get_data' FUNCTION STARTED
2022-05-14/12:57:10		Raw data loaded successfully
2022-05-14/12:57:14		'read_params' FUNCTION STARTED
2022-05-14/12:57:14		Exception occured in read_params method:[Errno 2] No such file or directory: 'H:/consignment pricing using mlops/params.yaml'
2022-05-14/12:57:14		Error occured while reading the yaml file
2022-05-14/12:57:14		'read_params' FUNCTION STARTED
2022-05-14/12:57:14		Exception occured in read_params method:[Errno 2] No such file or directory: 'H:/consignment pricing using mlops/params.yaml'
2022-05-14/12:57:14		Error occured while reading the yaml file
2022-05-14/12:57:14		'get_data' FUNCTION STARTED
2022-05-14/12:57:14		Exception occured in get_data method:'NoneType' object is not subscriptable
2022-05-14/12:57:14		Error occured while reading the data
2022-05-14/12:57:52		'read_params' FUNCTION STARTED
2022-05-14/12:57:52		Exception occured in read_params method:[Errno 2] No such file or directory: 'H:/consignment pricing using mlops/params.yaml'
2022-05-14/12:57:52		Error occured while reading the yaml file
2022-05-14/12:57:52		'read_params' FUNCTION STARTED
2022-05-14/12:57:52		Exception occured in read_params method:[Errno 2] No such file or directory: 'H:/consignment pricing using mlops/params.yaml'
2022-05-14/12:57:52		Error occured while reading the yaml file
2022-05-14/12:57:52		'get_data' FUNCTION STARTED
2022-05-14/12:57:52		Exception occured in get_data method:'NoneType' object is not subscriptable
2022-05-14/12:57:52		Error occured while reading the data
2022-05-14/18:20:24		'read_params' FUNCTION STARTED
2022-05-14/18:20:24		Exception occured in read_params method:[Errno 2] No such file or directory: 'H:/consignment pricing using mlops/params.yaml'
2022-05-14/18:20:24		Error occured while reading the yaml file
2022-05-14/18:20:24		'read_params' FUNCTION STARTED
2022-05-14/18:20:24		Exception occured in read_params method:[Errno 2] No such file or directory: 'H:/consignment pricing using mlops/params.yaml'
2022-05-14/18:20:24		Error occured while reading the yaml file
2022-05-14/18:20:24		'get_data' FUNCTION STARTED
2022-05-14/18:20:24		Exception occured in get_data method:'NoneType' object is not subscriptable
2022-05-14/18:20:24		Error occured while reading the data
2022-05-14/18:21:35		'read_params' FUNCTION STARTED
2022-05-14/18:21:35		Exception occured in read_params method:[Errno 2] No such file or directory: 'H:/consignment pricing using mlops/params.yaml'
2022-05-14/18:21:35		Error occured while reading the yaml file
2022-05-14/18:21:35		'read_params' FUNCTION STARTED
2022-05-14/18:21:35		Exception occured in read_params method:[Errno 2] No such file or directory: 'H:/consignment pricing using mlops/params.yaml'
2022-05-14/18:21:35		Error occured while reading the yaml file
2022-05-14/18:21:35		'get_data' FUNCTION STARTED
2022-05-14/18:21:35		Exception occured in get_data method:'NoneType' object is not subscriptable
2022-05-14/18:21:35		Error occured while reading the data
2022-05-14/18:21:38		'read_params' FUNCTION STARTED
2022-05-14/18:21:38		config file i.e 'params.yaml' loaded successfully
2022-05-14/18:21:38		'get_data' FUNCTION STARTED
2022-05-14/18:21:39		Raw data loaded successfully
2022-05-14/18:21:56		'read_params' FUNCTION STARTED
2022-05-14/18:21:56		config file i.e 'params.yaml' loaded successfully
2022-05-14/18:21:56		'get_data' FUNCTION STARTED
2022-05-14/18:21:56		Raw data loaded successfully
2022-05-14/18:22:32		'read_params' FUNCTION STARTED
2022-05-14/18:22:32		config file i.e 'params.yaml' loaded successfully
2022-05-14/18:22:32		'get_data' FUNCTION STARTED
2022-05-14/18:22:33		Raw data loaded successfully
2022-05-14/18:22:44		'read_params' FUNCTION STARTED
2022-05-14/18:22:44		Exception occured in read_params method:[Errno 2] No such file or directory: 'H:/consignment pricing using mlops/params.yaml'
2022-05-14/18:22:44		Error occured while reading the yaml file
2022-05-14/18:22:44		'read_params' FUNCTION STARTED
2022-05-14/18:22:44		Exception occured in read_params method:[Errno 2] No such file or directory: 'H:/consignment pricing using mlops/params.yaml'
2022-05-14/18:22:44		Error occured while reading the yaml file
2022-05-14/18:22:44		'get_data' FUNCTION STARTED
2022-05-14/18:22:44		Exception occured in get_data method:'NoneType' object is not subscriptable
2022-05-14/18:22:44		Error occured while reading the data
2022-05-14/18:22:55		'read_params' FUNCTION STARTED
2022-05-14/18:22:55		Exception occured in read_params method:[Errno 2] No such file or directory: 'H:/consignment pricing using mlops/params.yaml'
2022-05-14/18:22:55		Error occured while reading the yaml file
2022-05-14/18:22:55		'get_data' FUNCTION STARTED
2022-05-14/18:22:55		Exception occured in get_data method:'NoneType' object is not subscriptable
2022-05-14/18:22:55		Error occured while reading the data
2022-05-14/18:23:59		'read_params' FUNCTION STARTED
2022-05-14/18:23:59		Exception occured in read_params method:[Errno 2] No such file or directory: 'H:/consignment pricing using mlops/params.yaml'
2022-05-14/18:23:59		Error occured while reading the yaml file
2022-05-14/18:23:59		'get_data' FUNCTION STARTED
2022-05-14/18:23:59		Exception occured in get_data method:'NoneType' object is not subscriptable
2022-05-14/18:23:59		Error occured while reading the data
2022-05-14/18:25:26		'read_params' FUNCTION STARTED
2022-05-14/18:25:26		Exception occured in read_params method:[Errno 2] No such file or directory: 'H:/consignment pricing using mlops/params.yaml'
2022-05-14/18:25:26		Error occured while reading the yaml file
2022-05-14/18:25:26		'get_data' FUNCTION STARTED
2022-05-14/18:25:26		Exception occured in get_data method:'NoneType' object is not subscriptable
2022-05-14/18:25:26		Error occured while reading the data
2022-05-14/18:25:26		'read_params' FUNCTION STARTED
2022-05-14/18:25:26		Exception occured in read_params method:[Errno 2] No such file or directory: 'H:/Consignment pricing using mlops/params.yaml'
2022-05-14/18:25:26		Error occured while reading the yaml file
2022-05-14/18:25:26		'read_params' FUNCTION STARTED
2022-05-14/18:25:26		Exception occured in read_params method:[Errno 2] No such file or directory: 'H:/Consignment pricing using mlops/params.yaml'
2022-05-14/18:25:26		Error occured while reading the yaml file
2022-05-14/18:25:26		'read_params' FUNCTION STARTED
2022-05-14/18:25:26		Exception occured in read_params method:[Errno 2] No such file or directory: 'H:/Consignment pricing using mlops/params.yaml'
2022-05-14/18:25:26		Error occured while reading the yaml file
2022-05-14/18:25:26		'get_data' FUNCTION STARTED
2022-05-14/18:25:26		Exception occured in get_data method:'NoneType' object is not subscriptable
2022-05-14/18:25:26		Error occured while reading the data
2022-05-14/18:26:26		'read_params' FUNCTION STARTED
2022-05-14/18:26:26		config file i.e 'params.yaml' loaded successfully
2022-05-14/18:26:26		'get_data' FUNCTION STARTED
2022-05-14/18:26:26		Raw data loaded successfully
2022-05-14/18:27:27		'get_data' FUNCTION STARTED
2022-05-14/18:27:27		Exception occured in get_data method:read_params() takes 1 positional argument but 2 were given
2022-05-14/18:27:27		Error occured while reading the data
2022-05-14/18:27:36		'get_data' FUNCTION STARTED
2022-05-14/18:27:36		Exception occured in get_data method:read_params() takes 1 positional argument but 2 were given
2022-05-14/18:27:36		Error occured while reading the data
2022-05-14/18:27:51		'get_data' FUNCTION STARTED
2022-05-14/18:27:51		Exception occured in get_data method:read_params() takes 1 positional argument but 2 were given
2022-05-14/18:27:51		Error occured while reading the data
2022-05-14/18:28:15		'read_params' FUNCTION STARTED
2022-05-14/18:28:15		config file i.e 'params.yaml' loaded successfully
2022-05-14/18:28:15		'get_data' FUNCTION STARTED
2022-05-14/18:28:15		Raw data loaded successfully
2022-05-14/18:29:27		'read_params' FUNCTION STARTED
2022-05-14/18:29:27		config file i.e 'params.yaml' loaded successfully
2022-05-14/18:29:27		'get_data' FUNCTION STARTED
2022-05-14/18:29:28		Raw data loaded successfully
2022-05-14/18:30:12		'read_params' FUNCTION STARTED
2022-05-14/18:30:12		Exception occured in read_params method:[Errno 2] No such file or directory: 'H:/consignment pricing using mlops/params.yaml'
2022-05-14/18:30:12		Error occured while reading the yaml file
2022-05-14/18:30:12		'read_params' FUNCTION STARTED
2022-05-14/18:30:12		Exception occured in read_params method:[Errno 2] No such file or directory: 'H:/consignment pricing using mlops/params.yaml'
2022-05-14/18:30:12		Error occured while reading the yaml file
2022-05-14/18:30:12		'get_data' FUNCTION STARTED
2022-05-14/18:30:12		Exception occured in get_data method:'NoneType' object is not subscriptable
2022-05-14/18:30:12		Error occured while reading the data
2022-05-14/18:30:29		'read_params' FUNCTION STARTED
2022-05-14/18:30:29		Exception occured in read_params method:[Errno 2] No such file or directory: 'H:/consignment pricing using mlops/params.yaml'
2022-05-14/18:30:29		Error occured while reading the yaml file
2022-05-14/18:30:29		'read_params' FUNCTION STARTED
2022-05-14/18:30:29		Exception occured in read_params method:[Errno 2] No such file or directory: 'H:/consignment pricing using mlops/params.yaml'
2022-05-14/18:30:29		Error occured while reading the yaml file
2022-05-14/18:30:29		'get_data' FUNCTION STARTED
2022-05-14/18:30:29		Exception occured in get_data method:'NoneType' object is not subscriptable
2022-05-14/18:30:29		Error occured while reading the data
2022-05-14/18:30:33		'read_params' FUNCTION STARTED
2022-05-14/18:30:33		Exception occured in read_params method:[Errno 2] No such file or directory: 'H:/consignment pricing using mlops/params.yaml'
2022-05-14/18:30:33		Error occured while reading the yaml file
2022-05-14/18:30:33		'read_params' FUNCTION STARTED
2022-05-14/18:30:33		Exception occured in read_params method:[Errno 2] No such file or directory: 'H:/consignment pricing using mlops/params.yaml'
2022-05-14/18:30:33		Error occured while reading the yaml file
2022-05-14/18:30:33		'get_data' FUNCTION STARTED
2022-05-14/18:30:33		Exception occured in get_data method:'NoneType' object is not subscriptable
2022-05-14/18:30:33		Error occured while reading the data
2022-05-14/18:35:34		'read_params' FUNCTION STARTED
2022-05-14/18:35:34		Exception occured in read_params method:[Errno 2] No such file or directory: 'H:/consignment pricing using mlops/params.yaml'
2022-05-14/18:35:34		Error occured while reading the yaml file
2022-05-14/18:35:34		'read_params' FUNCTION STARTED
2022-05-14/18:35:34		Exception occured in read_params method:[Errno 2] No such file or directory: 'H:/consignment pricing using mlops/params.yaml'
2022-05-14/18:35:34		Error occured while reading the yaml file
2022-05-14/18:35:34		'get_data' FUNCTION STARTED
2022-05-14/18:35:34		Exception occured in get_data method:'NoneType' object is not subscriptable
2022-05-14/18:35:34		Error occured while reading the data
2022-05-14/18:36:34		'read_params' FUNCTION STARTED
2022-05-14/18:36:34		Exception occured in read_params method:[Errno 2] No such file or directory: 'H:/consignment pricing using mlops/params.yaml'
2022-05-14/18:36:34		Error occured while reading the yaml file
2022-05-14/18:36:34		'read_params' FUNCTION STARTED
2022-05-14/18:36:34		Exception occured in read_params method:[Errno 2] No such file or directory: 'params.yaml'
2022-05-14/18:36:34		Error occured while reading the yaml file
2022-05-14/18:36:34		'get_data' FUNCTION STARTED
2022-05-14/18:36:34		Exception occured in get_data method:'NoneType' object is not subscriptable
2022-05-14/18:36:34		Error occured while reading the data
2022-05-14/18:36:51		'read_params' FUNCTION STARTED
2022-05-14/18:36:51		Exception occured in read_params method:[Errno 2] No such file or directory: 'params.yaml'
2022-05-14/18:36:51		Error occured while reading the yaml file
2022-05-14/18:36:51		'read_params' FUNCTION STARTED
2022-05-14/18:36:51		Exception occured in read_params method:[Errno 2] No such file or directory: 'params.yaml'
2022-05-14/18:36:51		Error occured while reading the yaml file
2022-05-14/18:36:51		'get_data' FUNCTION STARTED
2022-05-14/18:36:51		Exception occured in get_data method:'NoneType' object is not subscriptable
2022-05-14/18:36:51		Error occured while reading the data
2022-05-14/18:37:26		'read_params' FUNCTION STARTED
2022-05-14/18:37:26		Exception occured in read_params method:[Errno 2] No such file or directory: 'H:/consignment pricing using mlops/params.yaml'
2022-05-14/18:37:26		Error occured while reading the yaml file
2022-05-14/18:37:26		'read_params' FUNCTION STARTED
2022-05-14/18:37:26		Exception occured in read_params method:[Errno 2] No such file or directory: 'H:/consignment pricing using mlops/params.yaml'
2022-05-14/18:37:26		Error occured while reading the yaml file
2022-05-14/18:37:26		'get_data' FUNCTION STARTED
2022-05-14/18:37:26		Exception occured in get_data method:'NoneType' object is not subscriptable
2022-05-14/18:37:26		Error occured while reading the data
2022-05-14/18:37:37		'read_params' FUNCTION STARTED
2022-05-14/18:37:37		Exception occured in read_params method:[Errno 2] No such file or directory: 'H:/consignment pricing using mlops/params.yaml'
2022-05-14/18:37:37		Error occured while reading the yaml file
2022-05-14/18:37:37		'read_params' FUNCTION STARTED
2022-05-14/18:37:37		Exception occured in read_params method:[Errno 2] No such file or directory: 'H:/consignment pricing using mlops/params.yaml'
2022-05-14/18:37:37		Error occured while reading the yaml file
2022-05-14/18:37:37		'get_data' FUNCTION STARTED
2022-05-14/18:37:37		Exception occured in get_data method:'NoneType' object is not subscriptable
2022-05-14/18:37:37		Error occured while reading the data
2022-05-14/18:38:53		'read_params' FUNCTION STARTED
2022-05-14/18:38:53		Exception occured in read_params method:[Errno 2] No such file or directory: 'H:/consignment pricing using mlops/params.yaml'
2022-05-14/18:38:53		Error occured while reading the yaml file
2022-05-14/18:38:53		'read_params' FUNCTION STARTED
2022-05-14/18:38:53		Exception occured in read_params method:[Errno 2] No such file or directory: 'H:/consignment pricing using mlops/params.yaml'
2022-05-14/18:38:53		Error occured while reading the yaml file
2022-05-14/18:38:53		'get_data' FUNCTION STARTED
2022-05-14/18:38:53		Exception occured in get_data method:'NoneType' object is not subscriptable
2022-05-14/18:38:53		Error occured while reading the data
2022-05-14/18:39:48		'read_params' FUNCTION STARTED
2022-05-14/18:39:48		Exception occured in read_params method:[Errno 2] No such file or directory: 'H:/consignment pricing using mlops/params.yaml'
2022-05-14/18:39:48		Error occured while reading the yaml file
2022-05-14/18:39:48		'read_params' FUNCTION STARTED
2022-05-14/18:39:48		Exception occured in read_params method:[Errno 2] No such file or directory: 'H:/consignment pricing using mlops/params.yaml'
2022-05-14/18:39:48		Error occured while reading the yaml file
2022-05-14/18:39:48		'get_data' FUNCTION STARTED
2022-05-14/18:39:48		Exception occured in get_data method:'NoneType' object is not subscriptable
2022-05-14/18:39:48		Error occured while reading the data
2022-05-14/19:45:21		'read_params' FUNCTION STARTED
2022-05-14/19:45:21		Exception occured in read_params method:[Errno 2] No such file or directory: 'H:/consignment pricing using mlops/params.yaml'
2022-05-14/19:45:21		Error occured while reading the yaml file
2022-05-14/19:45:21		'read_params' FUNCTION STARTED
2022-05-14/19:45:21		Exception occured in read_params method:[Errno 2] No such file or directory: 'H:/consignment pricing using mlops/params.yaml'
2022-05-14/19:45:21		Error occured while reading the yaml file
2022-05-14/19:45:21		'get_data' FUNCTION STARTED
2022-05-14/19:45:21		Exception occured in get_data method:'NoneType' object is not subscriptable
2022-05-14/19:45:21		Error occured while reading the data
2022-05-15/14:33:08		'read_params' FUNCTION STARTED
2022-05-15/14:33:08		config file i.e 'params.yaml' loaded successfully
2022-05-15/14:33:08		'get_data' FUNCTION STARTED
2022-05-15/14:33:08		Raw data loaded successfully
2022-05-15/14:33:14		'read_params' FUNCTION STARTED
2022-05-15/14:33:14		Exception occured in read_params method:[Errno 2] No such file or directory: 'H:/consignment pricing using mlops/params.yaml'
2022-05-15/14:33:14		Error occured while reading the yaml file
2022-05-15/14:33:14		'read_params' FUNCTION STARTED
2022-05-15/14:33:14		Exception occured in read_params method:[Errno 2] No such file or directory: 'H:/consignment pricing using mlops/params.yaml'
2022-05-15/14:33:14		Error occured while reading the yaml file
2022-05-15/14:33:14		'get_data' FUNCTION STARTED
2022-05-15/14:33:14		Exception occured in get_data method:'NoneType' object is not subscriptable
2022-05-15/14:33:14		Error occured while reading the data
2022-05-15/14:33:46		'read_params' FUNCTION STARTED
2022-05-15/14:33:46		Exception occured in read_params method:[Errno 2] No such file or directory: 'H:/consignment pricing using mlops/params.yaml'
2022-05-15/14:33:46		Error occured while reading the yaml file
2022-05-15/14:33:46		'read_params' FUNCTION STARTED
2022-05-15/14:33:46		Exception occured in read_params method:[Errno 2] No such file or directory: 'H:/consignment pricing using mlops/params.yaml'
2022-05-15/14:33:46		Error occured while reading the yaml file
2022-05-15/14:33:46		'get_data' FUNCTION STARTED
2022-05-15/14:33:46		Exception occured in get_data method:'NoneType' object is not subscriptable
2022-05-15/14:33:46		Error occured while reading the data
2022-05-15/14:34:09		'read_params' FUNCTION STARTED
2022-05-15/14:34:09		Exception occured in read_params method:[Errno 2] No such file or directory: 'H:/consignment pricing using mlops/params.yaml'
2022-05-15/14:34:09		Error occured while reading the yaml file
2022-05-15/14:34:09		'read_params' FUNCTION STARTED
2022-05-15/14:34:09		Exception occured in read_params method:[Errno 2] No such file or directory: 'H:/consignment pricing using mlops/params.yaml'
2022-05-15/14:34:09		Error occured while reading the yaml file
2022-05-15/14:34:09		'get_data' FUNCTION STARTED
2022-05-15/14:34:09		Exception occured in get_data method:'NoneType' object is not subscriptable
2022-05-15/14:34:09		Error occured while reading the data
2022-05-15/14:37:32		'read_params' FUNCTION STARTED
2022-05-15/14:37:32		Exception occured in read_params method:[Errno 2] No such file or directory: 'H:/consignment pricing using mlops/params.yaml'
2022-05-15/14:37:32		Error occured while reading the yaml file
2022-05-15/14:37:32		'read_params' FUNCTION STARTED
2022-05-15/14:37:32		Exception occured in read_params method:[Errno 2] No such file or directory: 'H:/consignment pricing using mlops/params.yaml'
2022-05-15/14:37:32		Error occured while reading the yaml file
2022-05-15/14:37:32		'get_data' FUNCTION STARTED
2022-05-15/14:37:32		Exception occured in get_data method:'NoneType' object is not subscriptable
2022-05-15/14:37:32		Error occured while reading the data
2022-05-16/14:07:48		'read_params' FUNCTION STARTED
2022-05-16/14:07:48		Exception occured in read_params method:[Errno 2] No such file or directory: 'H:/consignment pricing using mlops/params.yaml'
2022-05-16/14:07:48		Error occured while reading the yaml file
2022-05-16/14:07:48		'read_params' FUNCTION STARTED
2022-05-16/14:07:48		Exception occured in read_params method:[Errno 2] No such file or directory: 'H:/consignment pricing using mlops/params.yaml'
2022-05-16/14:07:48		Error occured while reading the yaml file
2022-05-16/14:07:48		'get_data' FUNCTION STARTED
2022-05-16/14:07:48		Exception occured in get_data method:'NoneType' object is not subscriptable
2022-05-16/14:07:48		Error occured while reading the data
2022-05-16/14:08:25		'read_params' FUNCTION STARTED
2022-05-16/14:08:25		Exception occured in read_params method:[Errno 2] No such file or directory: 'H:/consignment pricing using mlops/params.yaml'
2022-05-16/14:08:25		Error occured while reading the yaml file
2022-05-16/14:08:25		'read_params' FUNCTION STARTED
2022-05-16/14:08:25		Exception occured in read_params method:[Errno 2] No such file or directory: 'H:/consignment pricing using mlops/params.yaml'
2022-05-16/14:08:25		Error occured while reading the yaml file
2022-05-16/14:08:25		'get_data' FUNCTION STARTED
2022-05-16/14:08:25		Exception occured in get_data method:'NoneType' object is not subscriptable
2022-05-16/14:08:25		Error occured while reading the data
2022-05-16/14:09:32		'read_params' FUNCTION STARTED
2022-05-16/14:09:32		config file i.e 'params.yaml' loaded successfully
2022-05-16/14:09:32		'get_data' FUNCTION STARTED
2022-05-16/14:09:32		Raw data loaded successfully
2022-05-16/14:10:33		'read_params' FUNCTION STARTED
2022-05-16/14:10:33		config file i.e 'params.yaml' loaded successfully
2022-05-16/14:10:33		'get_data' FUNCTION STARTED
2022-05-16/14:10:33		Raw data loaded successfully
2022-05-16/14:10:39		'read_params' FUNCTION STARTED
2022-05-16/14:10:39		Exception occured in read_params method:[Errno 2] No such file or directory: 'H:/consignment pricing using mlops/params.yaml'
2022-05-16/14:10:39		Error occured while reading the yaml file
2022-05-16/14:10:39		'read_params' FUNCTION STARTED
2022-05-16/14:10:39		Exception occured in read_params method:[Errno 2] No such file or directory: 'H:/consignment pricing using mlops/params.yaml'
2022-05-16/14:10:39		Error occured while reading the yaml file
2022-05-16/14:10:39		'get_data' FUNCTION STARTED
2022-05-16/14:10:39		Exception occured in get_data method:'NoneType' object is not subscriptable
2022-05-16/14:10:39		Error occured while reading the data
2022-05-16/14:10:54		'read_params' FUNCTION STARTED
2022-05-16/14:10:54		Exception occured in read_params method:[Errno 2] No such file or directory: 'H:/consignment pricing using mlops/params.yaml'
2022-05-16/14:10:54		Error occured while reading the yaml file
2022-05-16/14:10:54		'read_params' FUNCTION STARTED
2022-05-16/14:10:54		Exception occured in read_params method:[Errno 2] No such file or directory: 'H:/consignment pricing using mlops/params.yaml'
2022-05-16/14:10:54		Error occured while reading the yaml file
2022-05-16/14:10:54		'get_data' FUNCTION STARTED
2022-05-16/14:10:54		Exception occured in get_data method:'NoneType' object is not subscriptable
2022-05-16/14:10:54		Error occured while reading the data
2022-05-16/14:12:42		'read_params' FUNCTION STARTED
2022-05-16/14:12:42		Exception occured in read_params method:[Errno 2] No such file or directory: 'H:/consignment pricing using mlops/params.yaml'
2022-05-16/14:12:42		Error occured while reading the yaml file
2022-05-16/14:12:42		'read_params' FUNCTION STARTED
2022-05-16/14:12:42		Exception occured in read_params method:[Errno 2] No such file or directory: 'H:/consignment pricing using mlops/params.yaml'
2022-05-16/14:12:42		Error occured while reading the yaml file
2022-05-16/14:12:42		'get_data' FUNCTION STARTED
2022-05-16/14:12:42		Exception occured in get_data method:'NoneType' object is not subscriptable
2022-05-16/14:12:42		Error occured while reading the data
2022-05-16/14:14:32		'read_params' FUNCTION STARTED
2022-05-16/14:14:32		Exception occured in read_params method:[Errno 2] No such file or directory: 'H:/consignment pricing using mlops/params.yaml'
2022-05-16/14:14:32		Error occured while reading the yaml file
2022-05-16/14:14:32		'read_params' FUNCTION STARTED
2022-05-16/14:14:32		Exception occured in read_params method:[Errno 2] No such file or directory: 'H:/consignment pricing using mlops/params.yaml'
2022-05-16/14:14:32		Error occured while reading the yaml file
2022-05-16/14:14:32		'get_data' FUNCTION STARTED
2022-05-16/14:14:32		Exception occured in get_data method:'NoneType' object is not subscriptable
2022-05-16/14:14:32		Error occured while reading the data
2022-05-16/14:15:54		'read_params' FUNCTION STARTED
2022-05-16/14:15:54		Exception occured in read_params method:[Errno 2] No such file or directory: 'H:/consignment pricing using mlops/params.yaml'
2022-05-16/14:15:54		Error occured while reading the yaml file
2022-05-16/14:15:54		'read_params' FUNCTION STARTED
2022-05-16/14:15:54		Exception occured in read_params method:[Errno 2] No such file or directory: 'H:/consignment pricing using mlops/params.yaml'
2022-05-16/14:15:54		Error occured while reading the yaml file
2022-05-16/14:15:54		'get_data' FUNCTION STARTED
2022-05-16/14:15:54		Exception occured in get_data method:'NoneType' object is not subscriptable
2022-05-16/14:15:54		Error occured while reading the data
2022-05-16/14:42:15		'read_params' FUNCTION STARTED
2022-05-16/14:42:15		Exception occured in read_params method:[Errno 2] No such file or directory: 'H:/consignment pricing using mlops/params.yaml'
2022-05-16/14:42:15		Error occured while reading the yaml file
2022-05-16/14:42:15		'read_params' FUNCTION STARTED
2022-05-16/14:42:15		Exception occured in read_params method:[Errno 2] No such file or directory: 'H:/consignment pricing using mlops/params.yaml'
2022-05-16/14:42:15		Error occured while reading the yaml file
2022-05-16/14:42:15		'get_data' FUNCTION STARTED
2022-05-16/14:42:15		Exception occured in get_data method:'NoneType' object is not subscriptable
2022-05-16/14:42:15		Error occured while reading the data
2022-05-16/14:43:40		'read_params' FUNCTION STARTED
2022-05-16/14:43:40		Exception occured in read_params method:[Errno 2] No such file or directory: 'H:/consignment pricing using mlops/params.yaml'
2022-05-16/14:43:40		Error occured while reading the yaml file
2022-05-16/14:43:40		'read_params' FUNCTION STARTED
2022-05-16/14:43:40		Exception occured in read_params method:[Errno 2] No such file or directory: 'H:/consignment pricing using mlops/params.yaml'
2022-05-16/14:43:40		Error occured while reading the yaml file
2022-05-16/14:43:40		'get_data' FUNCTION STARTED
2022-05-16/14:43:40		Exception occured in get_data method:'NoneType' object is not subscriptable
2022-05-16/14:43:40		Error occured while reading the data
2022-05-16/14:52:25		'read_params' FUNCTION STARTED
2022-05-16/14:52:25		Exception occured in read_params method:[Errno 2] No such file or directory: 'H:/consignment pricing using mlops/params.yaml'
2022-05-16/14:52:25		Error occured while reading the yaml file
2022-05-16/14:52:25		'read_params' FUNCTION STARTED
2022-05-16/14:52:25		Exception occured in read_params method:[Errno 2] No such file or directory: 'H:/consignment pricing using mlops/params.yaml'
2022-05-16/14:52:25		Error occured while reading the yaml file
2022-05-16/14:52:25		'get_data' FUNCTION STARTED
2022-05-16/14:52:25		Exception occured in get_data method:'NoneType' object is not subscriptable
2022-05-16/14:52:25		Error occured while reading the data
2022-05-16/14:52:27		'read_params' FUNCTION STARTED
2022-05-16/14:52:27		Exception occured in read_params method:[Errno 2] No such file or directory: 'H:/consignment pricing using mlops/params.yaml'
2022-05-16/14:52:27		Error occured while reading the yaml file
2022-05-16/14:52:27		'read_params' FUNCTION STARTED
2022-05-16/14:52:27		Exception occured in read_params method:[Errno 2] No such file or directory: 'H:/consignment pricing using mlops/params.yaml'
2022-05-16/14:52:27		Error occured while reading the yaml file
2022-05-16/14:52:27		'get_data' FUNCTION STARTED
2022-05-16/14:52:27		Exception occured in get_data method:'NoneType' object is not subscriptable
2022-05-16/14:52:27		Error occured while reading the data
2022-05-16/14:52:31		'read_params' FUNCTION STARTED
2022-05-16/14:52:31		Exception occured in read_params method:[Errno 2] No such file or directory: 'H:/consignment pricing using mlops/params.yaml'
2022-05-16/14:52:31		Error occured while reading the yaml file
2022-05-16/14:52:31		'read_params' FUNCTION STARTED
2022-05-16/14:52:31		Exception occured in read_params method:[Errno 2] No such file or directory: 'H:/consignment pricing using mlops/params.yaml'
2022-05-16/14:52:31		Error occured while reading the yaml file
2022-05-16/14:52:31		'get_data' FUNCTION STARTED
2022-05-16/14:52:31		Exception occured in get_data method:'NoneType' object is not subscriptable
2022-05-16/14:52:31		Error occured while reading the data
2022-05-16/14:53:29		'read_params' FUNCTION STARTED
2022-05-16/14:53:29		Exception occured in read_params method:[Errno 2] No such file or directory: 'H:/consignment pricing using mlops/params.yaml'
2022-05-16/14:53:29		Error occured while reading the yaml file
2022-05-16/14:53:29		'read_params' FUNCTION STARTED
2022-05-16/14:53:29		Exception occured in read_params method:[Errno 2] No such file or directory: 'H:/consignment pricing using mlops/params.yaml'
2022-05-16/14:53:29		Error occured while reading the yaml file
2022-05-16/14:53:29		'get_data' FUNCTION STARTED
2022-05-16/14:53:29		Exception occured in get_data method:'NoneType' object is not subscriptable
2022-05-16/14:53:29		Error occured while reading the data
2022-05-16/14:55:36		'read_params' FUNCTION STARTED
2022-05-16/14:55:36		config file i.e 'params.yaml' loaded successfully
2022-05-16/14:55:36		'get_data' FUNCTION STARTED
2022-05-16/14:55:36		Raw data loaded successfully
2022-05-16/15:02:30		'read_params' FUNCTION STARTED
2022-05-16/15:02:30		Exception occured in read_params method:[Errno 2] No such file or directory: 'H:/consignment pricing using mlops/params.yaml'
2022-05-16/15:02:30		Error occured while reading the yaml file
2022-05-16/15:02:30		'get_data' FUNCTION STARTED
2022-05-16/15:02:30		Exception occured in get_data method:'NoneType' object is not subscriptable
2022-05-16/15:02:30		Error occured while reading the data
2022-05-16/15:02:45		'read_params' FUNCTION STARTED
2022-05-16/15:02:45		Exception occured in read_params method:[Errno 2] No such file or directory: 'H:/consignment pricing using mlops/params.yaml'
2022-05-16/15:02:45		Error occured while reading the yaml file
2022-05-16/15:02:45		'get_data' FUNCTION STARTED
2022-05-16/15:02:45		Exception occured in get_data method:'NoneType' object is not subscriptable
2022-05-16/15:02:45		Error occured while reading the data
2022-05-16/15:03:37		'read_params' FUNCTION STARTED
2022-05-16/15:03:37		Exception occured in read_params method:[Errno 2] No such file or directory: 'params.yaml'
2022-05-16/15:03:37		Error occured while reading the yaml file
2022-05-16/15:03:37		'get_data' FUNCTION STARTED
2022-05-16/15:03:37		Exception occured in get_data method:'NoneType' object is not subscriptable
2022-05-16/15:03:37		Error occured while reading the data
2022-05-16/15:03:44		'read_params' FUNCTION STARTED
2022-05-16/15:03:44		Exception occured in read_params method:[Errno 2] No such file or directory: 'params.yaml'
2022-05-16/15:03:44		Error occured while reading the yaml file
2022-05-16/15:03:44		'get_data' FUNCTION STARTED
2022-05-16/15:03:44		Exception occured in get_data method:'NoneType' object is not subscriptable
2022-05-16/15:03:44		Error occured while reading the data
2022-05-16/15:04:15		'read_params' FUNCTION STARTED
2022-05-16/15:04:15		Exception occured in read_params method:[Errno 2] No such file or directory: 'H:/consignment pricing using mlops/params.yaml'
2022-05-16/15:04:15		Error occured while reading the yaml file
2022-05-16/15:04:15		'get_data' FUNCTION STARTED
2022-05-16/15:04:15		Exception occured in get_data method:'NoneType' object is not subscriptable
2022-05-16/15:04:15		Error occured while reading the data
2022-05-16/15:06:36		'read_params' FUNCTION STARTED
2022-05-16/15:06:36		Exception occured in read_params method:[Errno 2] No such file or directory: 'H:/consignment pricing using mlops/params.yaml'
2022-05-16/15:06:36		Error occured while reading the yaml file
2022-05-16/15:06:36		'get_data' FUNCTION STARTED
2022-05-16/15:06:36		Exception occured in get_data method:'NoneType' object is not subscriptable
2022-05-16/15:06:36		Error occured while reading the data
2022-05-16/15:06:56		'read_params' FUNCTION STARTED
2022-05-16/15:06:56		Exception occured in read_params method:[Errno 2] No such file or directory: 'H:/consignment pricing using mlops/params.yaml'
2022-05-16/15:06:56		Error occured while reading the yaml file
2022-05-16/15:06:56		'get_data' FUNCTION STARTED
2022-05-16/15:06:56		Exception occured in get_data method:'NoneType' object is not subscriptable
2022-05-16/15:06:56		Error occured while reading the data
2022-05-16/15:07:12		'read_params' FUNCTION STARTED
2022-05-16/15:07:12		Exception occured in read_params method:[Errno 2] No such file or directory: 'H:/consignment pricing using mlops/params.yaml'
2022-05-16/15:07:12		Error occured while reading the yaml file
2022-05-16/15:07:12		'get_data' FUNCTION STARTED
2022-05-16/15:07:12		Exception occured in get_data method:'NoneType' object is not subscriptable
2022-05-16/15:07:12		Error occured while reading the data
2022-05-16/15:07:41		'get_data' FUNCTION STARTED
2022-05-16/15:07:41		Exception occured in get_data method:read_params() takes 1 positional argument but 2 were given
2022-05-16/15:07:41		Error occured while reading the data
2022-05-16/15:08:40		'read_params' FUNCTION STARTED
2022-05-16/15:08:40		Exception occured in read_params method:[Errno 2] No such file or directory: 'H:/consignment pricing using mlops/params.yml'
2022-05-16/15:08:40		Error occured while reading the yaml file
2022-05-16/15:08:40		'get_data' FUNCTION STARTED
2022-05-16/15:08:40		Exception occured in get_data method:'NoneType' object is not subscriptable
2022-05-16/15:08:40		Error occured while reading the data
2022-05-16/15:08:46		'read_params' FUNCTION STARTED
2022-05-16/15:08:46		Exception occured in read_params method:[Errno 2] No such file or directory: 'H:/consignment pricing using mlops/params.yml'
2022-05-16/15:08:46		Error occured while reading the yaml file
2022-05-16/15:08:46		'get_data' FUNCTION STARTED
2022-05-16/15:08:46		Exception occured in get_data method:'NoneType' object is not subscriptable
2022-05-16/15:08:46		Error occured while reading the data
2022-05-16/15:09:03		'read_params' FUNCTION STARTED
2022-05-16/15:09:03		config file i.e 'params.yaml' loaded successfully
2022-05-16/15:09:03		'get_data' FUNCTION STARTED
2022-05-16/15:09:04		Raw data loaded successfully
2022-05-16/15:09:11		'read_params' FUNCTION STARTED
2022-05-16/15:09:11		config file i.e 'params.yaml' loaded successfully
2022-05-16/15:09:11		'get_data' FUNCTION STARTED
2022-05-16/15:09:11		Raw data loaded successfully
2022-05-16/15:09:25		'read_params' FUNCTION STARTED
2022-05-16/15:09:25		config file i.e 'params.yaml' loaded successfully
2022-05-16/15:09:25		'get_data' FUNCTION STARTED
2022-05-16/15:09:25		Raw data loaded successfully
2022-05-16/15:09:34		'read_params' FUNCTION STARTED
2022-05-16/15:09:34		config file i.e 'params.yaml' loaded successfully
2022-05-16/15:09:34		'get_data' FUNCTION STARTED
2022-05-16/15:09:34		Raw data loaded successfully
2022-05-16/15:09:48		'read_params' FUNCTION STARTED
2022-05-16/15:09:48		config file i.e 'params.yaml' loaded successfully
2022-05-16/15:09:48		'read_params' FUNCTION STARTED
2022-05-16/15:09:48		config file i.e 'params.yaml' loaded successfully
2022-05-16/15:09:48		'get_data' FUNCTION STARTED
2022-05-16/15:09:48		Raw data loaded successfully
2022-05-16/15:10:20		'read_params' FUNCTION STARTED
2022-05-16/15:10:20		config file i.e 'params.yaml' loaded successfully
2022-05-16/15:10:20		'read_params' FUNCTION STARTED
2022-05-16/15:10:20		config file i.e 'params.yaml' loaded successfully
2022-05-16/15:10:20		'get_data' FUNCTION STARTED
2022-05-16/15:10:20		Exception occured in get_data method:[Errno 2] No such file or directory: 'H:/consignment pricing using mlops/consignment_data/Consignment_pricing_raw.csv'
2022-05-16/15:10:20		Error occured while reading the data
2022-05-16/15:11:00		'read_params' FUNCTION STARTED
2022-05-16/15:11:00		config file i.e 'params.yaml' loaded successfully
2022-05-16/15:11:00		'read_params' FUNCTION STARTED
2022-05-16/15:11:00		config file i.e 'params.yaml' loaded successfully
2022-05-16/15:11:00		'get_data' FUNCTION STARTED
2022-05-16/15:11:00		Exception occured in get_data method:[Errno 2] No such file or directory: 'H:/consignment pricing using mlops/consignment_data/Consignment_pricing_raw.csv'
2022-05-16/15:11:00		Error occured while reading the data
2022-05-16/15:11:07		'read_params' FUNCTION STARTED
2022-05-16/15:11:07		config file i.e 'params.yaml' loaded successfully
2022-05-16/15:11:07		'get_data' FUNCTION STARTED
2022-05-16/15:11:07		Exception occured in get_data method:[Errno 2] No such file or directory: 'H:/consignment pricing using mlops/consignment_data/Consignment_pricing_raw.csv'
2022-05-16/15:11:07		Error occured while reading the data
2022-05-16/15:11:41		'read_params' FUNCTION STARTED
2022-05-16/15:11:41		config file i.e 'params.yaml' loaded successfully
2022-05-16/15:11:41		'get_data' FUNCTION STARTED
2022-05-16/15:11:41		Raw data loaded successfully
2022-05-16/15:11:47		'read_params' FUNCTION STARTED
2022-05-16/15:11:47		config file i.e 'params.yaml' loaded successfully
2022-05-16/15:11:47		'read_params' FUNCTION STARTED
2022-05-16/15:11:47		config file i.e 'params.yaml' loaded successfully
2022-05-16/15:11:47		'get_data' FUNCTION STARTED
2022-05-16/15:11:48		Raw data loaded successfully
2022-05-16/15:11:57		'read_params' FUNCTION STARTED
2022-05-16/15:11:57		config file i.e 'params.yaml' loaded successfully
2022-05-16/15:11:57		'read_params' FUNCTION STARTED
2022-05-16/15:11:57		config file i.e 'params.yaml' loaded successfully
2022-05-16/15:11:57		'get_data' FUNCTION STARTED
2022-05-16/15:11:58		Raw data loaded successfully
2022-05-16/15:12:50		'read_params' FUNCTION STARTED
2022-05-16/15:12:50		config file i.e 'params.yaml' loaded successfully
2022-05-16/15:12:50		'read_params' FUNCTION STARTED
2022-05-16/15:12:50		config file i.e 'params.yaml' loaded successfully
2022-05-16/15:12:50		'read_params' FUNCTION STARTED
2022-05-16/15:12:50		config file i.e 'params.yaml' loaded successfully
2022-05-16/15:12:50		'get_data' FUNCTION STARTED
2022-05-16/15:12:50		Raw data loaded successfully
2022-05-16/15:13:17		'read_params' FUNCTION STARTED
2022-05-16/15:13:17		Exception occured in read_params method:[Errno 2] No such file or directory: 'params.yaml'
2022-05-16/15:13:17		Error occured while reading the yaml file
2022-05-16/15:13:17		'read_params' FUNCTION STARTED
2022-05-16/15:13:17		Exception occured in read_params method:[Errno 2] No such file or directory: 'params.yaml'
2022-05-16/15:13:17		Error occured while reading the yaml file
2022-05-16/15:13:35		'read_params' FUNCTION STARTED
2022-05-16/15:13:35		Exception occured in read_params method:[Errno 2] No such file or directory: 'params.yaml'
2022-05-16/15:13:35		Error occured while reading the yaml file
2022-05-16/15:13:35		'read_params' FUNCTION STARTED
2022-05-16/15:13:35		Exception occured in read_params method:[Errno 2] No such file or directory: 'params.yaml'
2022-05-16/15:13:35		Error occured while reading the yaml file
2022-05-16/15:13:59		'read_params' FUNCTION STARTED
2022-05-16/15:13:59		config file i.e 'params.yaml' loaded successfully
2022-05-16/15:13:59		'read_params' FUNCTION STARTED
2022-05-16/15:13:59		config file i.e 'params.yaml' loaded successfully
2022-05-16/15:14:07		'read_params' FUNCTION STARTED
2022-05-16/15:14:07		config file i.e 'params.yaml' loaded successfully
2022-05-16/15:14:07		'read_params' FUNCTION STARTED
2022-05-16/15:14:07		config file i.e 'params.yaml' loaded successfully
2022-05-16/15:14:11		'read_params' FUNCTION STARTED
2022-05-16/15:14:11		config file i.e 'params.yaml' loaded successfully
2022-05-16/15:14:11		'read_params' FUNCTION STARTED
2022-05-16/15:14:11		config file i.e 'params.yaml' loaded successfully
2022-05-16/15:14:29		'read_params' FUNCTION STARTED
2022-05-16/15:14:29		Exception occured in read_params method:[Errno 2] No such file or directory: 'params.yaml'
2022-05-16/15:14:29		Error occured while reading the yaml file
2022-05-16/15:14:52		'read_params' FUNCTION STARTED
2022-05-16/15:14:52		config file i.e 'params.yaml' loaded successfully
2022-05-16/15:15:00		'read_params' FUNCTION STARTED
2022-05-16/15:15:00		config file i.e 'params.yaml' loaded successfully
2022-05-16/15:15:24		'read_params' FUNCTION STARTED
2022-05-16/15:15:24		config file i.e 'params.yaml' loaded successfully
2022-05-16/15:17:42		'read_params' FUNCTION STARTED
2022-05-16/15:17:42		config file i.e 'params.yaml' loaded successfully
2022-05-16/15:19:01		'read_params' FUNCTION STARTED
2022-05-16/15:19:01		config file i.e 'params.yaml' loaded successfully
2022-05-16/16:36:09		'read_params' FUNCTION STARTED
2022-05-16/16:36:09		config file i.e 'params.yaml' loaded successfully
2022-05-16/16:36:09		'read_params' FUNCTION STARTED
2022-05-16/16:36:09		config file i.e 'params.yaml' loaded successfully
2022-05-16/16:36:09		'get_data' FUNCTION STARTED
2022-05-16/16:36:09		Raw data loaded successfully
2022-05-16/16:36:21		'read_params' FUNCTION STARTED
2022-05-16/16:36:21		config file i.e 'params.yaml' loaded successfully
2022-05-16/16:36:21		'read_params' FUNCTION STARTED
2022-05-16/16:36:21		config file i.e 'params.yaml' loaded successfully
2022-05-16/16:36:21		'get_data' FUNCTION STARTED
2022-05-16/16:36:21		Raw data loaded successfully
2022-05-16/16:40:17		'read_params' FUNCTION STARTED
2022-05-16/16:40:17		config file i.e 'params.yaml' loaded successfully
2022-05-16/16:40:17		'read_params' FUNCTION STARTED
2022-05-16/16:40:17		config file i.e 'params.yaml' loaded successfully
2022-05-16/16:40:17		'get_data' FUNCTION STARTED
2022-05-16/16:40:17		Raw data loaded successfully
2022-05-16/16:40:26		'read_params' FUNCTION STARTED
2022-05-16/16:40:26		config file i.e 'params.yaml' loaded successfully
2022-05-16/16:40:26		'get_data' FUNCTION STARTED
2022-05-16/16:40:26		Raw data loaded successfully
2022-05-16/16:40:33		'read_params' FUNCTION STARTED
2022-05-16/16:40:33		config file i.e 'params.yaml' loaded successfully
2022-05-16/16:40:33		'get_data' FUNCTION STARTED
2022-05-16/16:40:33		Raw data loaded successfully
2022-05-16/16:40:48		'read_params' FUNCTION STARTED
2022-05-16/16:40:48		config file i.e 'params.yaml' loaded successfully
2022-05-16/16:40:48		'read_params' FUNCTION STARTED
2022-05-16/16:40:48		config file i.e 'params.yaml' loaded successfully
2022-05-16/16:40:48		'get_data' FUNCTION STARTED
2022-05-16/16:40:48		Raw data loaded successfully
2022-05-16/16:41:12		'read_params' FUNCTION STARTED
2022-05-16/16:41:12		config file i.e 'params.yaml' loaded successfully
2022-05-16/16:41:12		'read_params' FUNCTION STARTED
2022-05-16/16:41:12		config file i.e 'params.yaml' loaded successfully
2022-05-16/16:41:12		'get_data' FUNCTION STARTED
2022-05-16/16:41:12		Raw data loaded successfully
2022-05-16/16:42:04		'read_params' FUNCTION STARTED
2022-05-16/16:42:04		config file i.e 'params.yaml' loaded successfully
2022-05-16/16:42:04		'read_params' FUNCTION STARTED
2022-05-16/16:42:04		config file i.e 'params.yaml' loaded successfully
2022-05-16/16:42:04		'get_data' FUNCTION STARTED
2022-05-16/16:42:05		Raw data loaded successfully
2022-05-16/16:42:21		'read_params' FUNCTION STARTED
2022-05-16/16:42:21		config file i.e 'params.yaml' loaded successfully
2022-05-16/16:42:21		'read_params' FUNCTION STARTED
2022-05-16/16:42:21		config file i.e 'params.yaml' loaded successfully
2022-05-16/16:42:21		'read_params' FUNCTION STARTED
2022-05-16/16:42:21		config file i.e 'params.yaml' loaded successfully
2022-05-16/16:42:21		'get_data' FUNCTION STARTED
2022-05-16/16:42:21		Raw data loaded successfully
2022-05-16/16:42:26		'read_params' FUNCTION STARTED
2022-05-16/16:42:26		config file i.e 'params.yaml' loaded successfully
2022-05-16/16:42:26		'read_params' FUNCTION STARTED
2022-05-16/16:42:26		config file i.e 'params.yaml' loaded successfully
2022-05-16/16:42:43		'read_params' FUNCTION STARTED
2022-05-16/16:42:43		config file i.e 'params.yaml' loaded successfully
2022-05-16/16:42:44		'read_params' FUNCTION STARTED
2022-05-16/16:42:44		config file i.e 'params.yaml' loaded successfully
2022-05-16/16:42:46		'read_params' FUNCTION STARTED
2022-05-16/16:42:46		config file i.e 'params.yaml' loaded successfully
2022-05-16/16:43:03		'read_params' FUNCTION STARTED
2022-05-16/16:43:03		config file i.e 'params.yaml' loaded successfully
2022-05-16/16:43:17		'read_params' FUNCTION STARTED
2022-05-16/16:43:17		config file i.e 'params.yaml' loaded successfully
2022-05-16/16:43:46		'read_params' FUNCTION STARTED
2022-05-16/16:43:46		config file i.e 'params.yaml' loaded successfully
