[2022-06-14 23:28:56,768] root - INFO - Getting the data from the source
[2022-06-14 23:28:56,769] root - INFO - Reading all parameters from config_path
[2022-06-14 23:28:56,779] root - INFO - Parameters Readed from config_path Successfully !!!
[2022-06-14 23:28:56,878] root - INFO - Data Fetched from the source Successfully !!!
[2022-06-14 23:28:56,879] root - INFO - Loading data from the source
[2022-06-14 23:28:56,879] root - INFO - Reading all parameters from config_path
[2022-06-14 23:28:56,900] root - INFO - Parameters Readed from config_path Successfully !!!
[2022-06-14 23:28:56,900] root - INFO - Getting the data from the source
[2022-06-14 23:28:56,900] root - INFO - Reading all parameters from config_path
[2022-06-14 23:28:56,912] root - INFO - Parameters Readed from config_path Successfully !!!
[2022-06-14 23:28:57,043] root - INFO - Data Fetched from the source Successfully !!!
[2022-06-14 23:28:57,302] root - INFO - Data Loaded from the source Successfully !!!
[2022-06-14 23:28:57,302] root - INFO - 'data' FUNCTION STARTED
[2022-06-14 23:28:57,302] root - INFO - Reading all parameters from config_path
[2022-06-14 23:28:57,318] root - INFO - Parameters Readed from config_path Successfully !!!
[2022-06-14 23:28:57,318] root - INFO - 'drop_unnecessary_columns' FUNCTION STARTED
[2022-06-14 23:28:57,318] root - INFO - Reading all parameters from config_path
[2022-06-14 23:28:57,336] root - INFO - Parameters Readed from config_path Successfully !!!
[2022-06-14 23:28:57,336] root - INFO - 'transform_dates_columns' FUNCTION STARTED
[2022-06-14 23:28:57,336] root - INFO - 'transform_pq_first_sent_to_client_date_columns' FUNCTION STARTED
[2022-06-14 23:28:57,336] root - INFO - 'impute_missing' FUNCTION STARTED
[2022-06-14 23:28:57,336] root - INFO - 'column_imputation' FUNCTION STARTED
[2022-06-14 23:28:57,337] root - INFO - Getting the data from the source
[2022-06-14 23:28:57,337] root - INFO - Reading all parameters from config_path
[2022-06-14 23:28:57,353] root - INFO - Parameters Readed from config_path Successfully !!!
[2022-06-14 23:28:57,463] root - INFO - Data Fetched from the source Successfully !!!
[2022-06-14 23:28:57,464] root - INFO - 'column_imputation' FUNCTION COMPILED SUCCESSFULLY
[2022-06-14 23:28:57,469] root - INFO - 'impute_missing' FUNCTION COMPILED SUCCESSFULLY
[2022-06-14 23:29:01,013] root - INFO - 'transform_pq_first_sent_to_client_date_columns' FUNCTION COMPILED SUCCESSFULLY
[2022-06-14 23:29:07,429] root - INFO - transform_dates_columns function compiled successfully
[2022-06-14 23:29:07,437] root - INFO - drop_unnecessary_columns function compiled successfully
[2022-06-14 23:29:07,625] root - INFO - data function compiled successfully
[2022-06-14 23:29:07,629] root - INFO - 'split_data' function started
[2022-06-14 23:29:07,630] root - INFO - Reading all parameters from config_path
[2022-06-14 23:29:07,652] root - INFO - Parameters Readed from config_path Successfully !!!
[2022-06-14 23:29:07,863] root - INFO - 'split_data' function successfully compiled
[2022-06-14 23:29:07,865] root - INFO - 'train_evaluate' function started
[2022-06-14 23:29:07,865] root - INFO - Reading all parameters from config_path
[2022-06-14 23:29:07,891] root - INFO - Parameters Readed from config_path Successfully !!!
[2022-06-14 23:29:07,892] root - INFO - train data read successfully-->path: H:/consignment pricing using mlops/data/split_data/Consignment_pricing_train.csv
[2022-06-14 23:29:07,942] root - INFO - train data read successfully
[2022-06-14 23:29:07,965] root - INFO - test data read successfully
[2022-06-14 23:29:07,965] root - INFO - model training started
