[2022-06-15 19:59:47,456] root - INFO - Getting the data from the source
[2022-06-15 19:59:47,456] root - INFO - Reading all parameters from config_path
[2022-06-15 19:59:47,468] root - INFO - Parameters Readed from config_path Successfully !!!
[2022-06-15 19:59:47,571] root - INFO - Data Fetched from the source Successfully !!!
[2022-06-15 19:59:47,571] root - INFO - Loading data from the source
[2022-06-15 19:59:47,571] root - INFO - Reading all parameters from config_path
[2022-06-15 19:59:47,605] root - INFO - Parameters Readed from config_path Successfully !!!
[2022-06-15 19:59:47,605] root - INFO - Getting the data from the source
[2022-06-15 19:59:47,605] root - INFO - Reading all parameters from config_path
[2022-06-15 19:59:47,644] root - INFO - Parameters Readed from config_path Successfully !!!
[2022-06-15 19:59:47,818] root - INFO - Data Fetched from the source Successfully !!!
[2022-06-15 19:59:48,018] root - INFO - Data Loaded from the source Successfully !!!
[2022-06-15 19:59:48,018] root - INFO - 'data' FUNCTION STARTED
[2022-06-15 19:59:48,018] root - INFO - Reading all parameters from config_path
[2022-06-15 19:59:48,029] root - INFO - Parameters Readed from config_path Successfully !!!
[2022-06-15 19:59:48,029] root - INFO - 'drop_unnecessary_columns' FUNCTION STARTED
[2022-06-15 19:59:48,029] root - INFO - Reading all parameters from config_path
[2022-06-15 19:59:48,039] root - INFO - Parameters Readed from config_path Successfully !!!
[2022-06-15 19:59:48,040] root - INFO - 'transform_dates_columns' FUNCTION STARTED
[2022-06-15 19:59:48,040] root - INFO - 'transform_pq_first_sent_to_client_date_columns' FUNCTION STARTED
[2022-06-15 19:59:48,040] root - INFO - 'impute_missing' FUNCTION STARTED
[2022-06-15 19:59:48,040] root - INFO - 'column_imputation' FUNCTION STARTED
[2022-06-15 19:59:48,040] root - INFO - Getting the data from the source
[2022-06-15 19:59:48,040] root - INFO - Reading all parameters from config_path
[2022-06-15 19:59:48,050] root - INFO - Parameters Readed from config_path Successfully !!!
[2022-06-15 19:59:48,168] root - INFO - Data Fetched from the source Successfully !!!
[2022-06-15 19:59:48,169] root - INFO - 'column_imputation' FUNCTION COMPILED SUCCESSFULLY
[2022-06-15 19:59:48,174] root - INFO - 'impute_missing' FUNCTION COMPILED SUCCESSFULLY
[2022-06-15 19:59:50,195] root - INFO - 'transform_pq_first_sent_to_client_date_columns' FUNCTION COMPILED SUCCESSFULLY
[2022-06-15 19:59:57,314] root - INFO - transform_dates_columns function compiled successfully
[2022-06-15 19:59:57,325] root - INFO - drop_unnecessary_columns function compiled successfully
[2022-06-15 19:59:57,667] root - INFO - data function compiled successfully
[2022-06-15 19:59:57,671] root - INFO - 'data' FUNCTION STARTED
[2022-06-15 19:59:57,671] root - INFO - 'feature_engineering' FUNCTION STARTED
[2022-06-15 19:59:57,671] root - INFO - 'freight_cost_transform' FUNCTION STARTED
[2022-06-15 19:59:57,673] root - INFO - 'remove_outliers' FUNCTION STARTED
[2022-06-15 19:59:57,673] root - INFO - 'data_' FUNCTION STARTED
[2022-06-15 19:59:57,673] root - INFO - Reading all parameters from config_path
[2022-06-15 19:59:57,713] root - INFO - Parameters Readed from config_path Successfully !!!
[2022-06-15 19:59:57,848] root - INFO - Data loaded successfully
[2022-06-15 19:59:57,875] root - INFO - removed outliers function compiled successfully
[2022-06-15 19:59:57,905] root - INFO - freight_cost_transform function compiled successfully
[2022-06-15 19:59:58,729] root - INFO - Exception occurred while compiling the codeColumns must be same length as key
[2022-06-15 19:59:58,730] root - INFO - Failed to execute the code please check your code and run
[2022-06-15 19:59:58,730] root - INFO - Exception occurred while compiling the codeError occurred python script name [H:\consignment pricing using mlops\src\stage4_feature_engineering.py] line number [96] error message [Columns must be same length as key].
[2022-06-15 19:59:58,730] root - INFO - Failed to execute the code please check your code and run
