[2022-06-14 21:46:47,425] root - INFO - Getting the data from the source
[2022-06-14 21:46:47,425] root - INFO - Reading all parameters from config_path
[2022-06-14 21:46:47,439] root - INFO - Parameters Readed from config_path Successfully !!!
[2022-06-14 21:46:47,574] root - INFO - Data Fetched from the source Successfully !!!
[2022-06-14 21:46:47,574] root - INFO - Loading data from the source
[2022-06-14 21:46:47,574] root - INFO - Reading all parameters from config_path
[2022-06-14 21:46:47,586] root - INFO - Parameters Readed from config_path Successfully !!!
[2022-06-14 21:46:47,587] root - INFO - Getting the data from the source
[2022-06-14 21:46:47,587] root - INFO - Reading all parameters from config_path
[2022-06-14 21:46:47,601] root - INFO - Parameters Readed from config_path Successfully !!!
[2022-06-14 21:46:47,745] root - INFO - Data Fetched from the source Successfully !!!
[2022-06-14 21:46:48,002] root - INFO - Data Loaded from the source Successfully !!!
[2022-06-14 21:46:48,002] root - INFO - 'data' FUNCTION STARTED
[2022-06-14 21:46:48,002] root - INFO - Reading all parameters from config_path
[2022-06-14 21:46:48,024] root - INFO - Parameters Readed from config_path Successfully !!!
[2022-06-14 21:46:48,024] root - INFO - 'drop_unnecessary_columns' FUNCTION STARTED
[2022-06-14 21:46:48,024] root - INFO - Reading all parameters from config_path
[2022-06-14 21:46:48,036] root - INFO - Parameters Readed from config_path Successfully !!!
[2022-06-14 21:46:48,036] root - INFO - 'transform_dates_columns' FUNCTION STARTED
[2022-06-14 21:46:48,036] root - INFO - 'transform_pq_first_sent_to_client_date_columns' FUNCTION STARTED
[2022-06-14 21:46:48,036] root - INFO - 'impute_missing' FUNCTION STARTED
[2022-06-14 21:46:48,036] root - INFO - 'column_imputation' FUNCTION STARTED
[2022-06-14 21:46:48,036] root - INFO - Getting the data from the source
[2022-06-14 21:46:48,036] root - INFO - Reading all parameters from config_path
[2022-06-14 21:46:48,048] root - INFO - Parameters Readed from config_path Successfully !!!
[2022-06-14 21:46:48,152] root - INFO - Data Fetched from the source Successfully !!!
[2022-06-14 21:46:48,154] root - INFO - 'column_imputation' FUNCTION COMPILED SUCCESSFULLY
[2022-06-14 21:46:48,159] root - INFO - 'impute_missing' FUNCTION COMPILED SUCCESSFULLY
[2022-06-14 21:46:50,897] root - INFO - 'transform_pq_first_sent_to_client_date_columns' FUNCTION COMPILED SUCCESSFULLY
[2022-06-14 21:46:56,796] root - INFO - transform_dates_columns function compiled successfully
[2022-06-14 21:46:56,801] root - INFO - drop_unnecessary_columns function compiled successfully
[2022-06-14 21:46:56,936] root - INFO - data function compiled successfully
