[2022-06-15 19:01:40,261] root - INFO - Getting the data from the source
[2022-06-15 19:01:40,262] root - INFO - Reading all parameters from config_path
[2022-06-15 19:01:40,302] root - INFO - Parameters Readed from config_path Successfully !!!
[2022-06-15 19:01:40,508] root - INFO - Data Fetched from the source Successfully !!!
[2022-06-15 19:01:40,508] root - INFO - Loading data from the source
[2022-06-15 19:01:40,508] root - INFO - Reading all parameters from config_path
[2022-06-15 19:01:40,525] root - INFO - Parameters Readed from config_path Successfully !!!
[2022-06-15 19:01:40,526] root - INFO - Getting the data from the source
[2022-06-15 19:01:40,526] root - INFO - Reading all parameters from config_path
[2022-06-15 19:01:40,541] root - INFO - Parameters Readed from config_path Successfully !!!
[2022-06-15 19:01:40,668] root - INFO - Data Fetched from the source Successfully !!!
[2022-06-15 19:01:40,940] root - INFO - Data Loaded from the source Successfully !!!
[2022-06-15 19:01:40,940] root - INFO - 'data' FUNCTION STARTED
[2022-06-15 19:01:40,940] root - INFO - Reading all parameters from config_path
[2022-06-15 19:01:40,953] root - INFO - Parameters Readed from config_path Successfully !!!
[2022-06-15 19:01:40,953] root - INFO - 'drop_unnecessary_columns' FUNCTION STARTED
[2022-06-15 19:01:40,953] root - INFO - Reading all parameters from config_path
[2022-06-15 19:01:40,963] root - INFO - Parameters Readed from config_path Successfully !!!
[2022-06-15 19:01:40,963] root - INFO - 'transform_dates_columns' FUNCTION STARTED
[2022-06-15 19:01:40,963] root - INFO - 'transform_pq_first_sent_to_client_date_columns' FUNCTION STARTED
[2022-06-15 19:01:40,963] root - INFO - 'impute_missing' FUNCTION STARTED
[2022-06-15 19:01:40,963] root - INFO - 'column_imputation' FUNCTION STARTED
[2022-06-15 19:01:40,963] root - INFO - Getting the data from the source
[2022-06-15 19:01:40,963] root - INFO - Reading all parameters from config_path
[2022-06-15 19:01:40,973] root - INFO - Parameters Readed from config_path Successfully !!!
[2022-06-15 19:01:41,060] root - INFO - Data Fetched from the source Successfully !!!
[2022-06-15 19:01:41,061] root - INFO - 'column_imputation' FUNCTION COMPILED SUCCESSFULLY
[2022-06-15 19:01:41,066] root - INFO - 'impute_missing' FUNCTION COMPILED SUCCESSFULLY
[2022-06-15 19:01:42,974] root - INFO - 'transform_pq_first_sent_to_client_date_columns' FUNCTION COMPILED SUCCESSFULLY
[2022-06-15 19:01:47,091] root - INFO - transform_dates_columns function compiled successfully
[2022-06-15 19:01:47,094] root - INFO - drop_unnecessary_columns function compiled successfully
[2022-06-15 19:01:47,180] root - INFO - data function compiled successfully
[2022-06-15 19:01:47,182] root - INFO - 'data' FUNCTION STARTED
[2022-06-15 19:01:47,182] root - INFO - 'feature_engineering' FUNCTION STARTED
[2022-06-15 19:01:47,182] root - INFO - 'freight_cost_transform' FUNCTION STARTED
[2022-06-15 19:01:47,182] root - INFO - 'remove_outliers' FUNCTION STARTED
[2022-06-15 19:01:47,182] root - INFO - 'data_' FUNCTION STARTED
[2022-06-15 19:01:47,183] root - INFO - Reading all parameters from config_path
[2022-06-15 19:01:47,191] root - INFO - Parameters Readed from config_path Successfully !!!
[2022-06-15 19:01:47,254] root - INFO - Data loaded successfully
[2022-06-15 19:01:47,263] root - INFO - removed outliers function compiled successfully
[2022-06-15 19:01:47,272] root - INFO - freight_cost_transform function compiled successfully
[2022-06-15 19:01:47,518] root - INFO - Exception occurred while compiling the codeColumns must be same length as key
[2022-06-15 19:01:47,518] root - INFO - Failed to execute the code please check your code and run
[2022-06-15 19:01:47,518] root - INFO - Exception occurred while compiling the codeError occurred python script name [H:\consignment pricing using mlops\src\stage4_feature_engineering.py] line number [96] error message [Columns must be same length as key].
[2022-06-15 19:01:47,518] root - INFO - Failed to execute the code please check your code and run
