[2022-06-15 19:45:01,880] root - INFO - Getting the data from the source
[2022-06-15 19:45:01,880] root - INFO - Reading all parameters from config_path
[2022-06-15 19:45:01,890] root - INFO - Parameters Readed from config_path Successfully !!!
[2022-06-15 19:45:01,975] root - INFO - Data Fetched from the source Successfully !!!
[2022-06-15 19:45:01,975] root - INFO - Loading data from the source
[2022-06-15 19:45:01,975] root - INFO - Reading all parameters from config_path
[2022-06-15 19:45:01,984] root - INFO - Parameters Readed from config_path Successfully !!!
[2022-06-15 19:45:01,984] root - INFO - Getting the data from the source
[2022-06-15 19:45:01,985] root - INFO - Reading all parameters from config_path
[2022-06-15 19:45:01,995] root - INFO - Parameters Readed from config_path Successfully !!!
[2022-06-15 19:45:02,100] root - INFO - Data Fetched from the source Successfully !!!
[2022-06-15 19:45:02,280] root - INFO - Data Loaded from the source Successfully !!!
[2022-06-15 19:45:02,280] root - INFO - 'data' FUNCTION STARTED
[2022-06-15 19:45:02,281] root - INFO - Reading all parameters from config_path
[2022-06-15 19:45:02,290] root - INFO - Parameters Readed from config_path Successfully !!!
[2022-06-15 19:45:02,291] root - INFO - 'drop_unnecessary_columns' FUNCTION STARTED
[2022-06-15 19:45:02,291] root - INFO - Reading all parameters from config_path
[2022-06-15 19:45:02,303] root - INFO - Parameters Readed from config_path Successfully !!!
[2022-06-15 19:45:02,303] root - INFO - 'transform_dates_columns' FUNCTION STARTED
[2022-06-15 19:45:02,303] root - INFO - 'transform_pq_first_sent_to_client_date_columns' FUNCTION STARTED
[2022-06-15 19:45:02,303] root - INFO - 'impute_missing' FUNCTION STARTED
[2022-06-15 19:45:02,303] root - INFO - 'column_imputation' FUNCTION STARTED
[2022-06-15 19:45:02,303] root - INFO - Getting the data from the source
[2022-06-15 19:45:02,303] root - INFO - Reading all parameters from config_path
[2022-06-15 19:45:02,313] root - INFO - Parameters Readed from config_path Successfully !!!
[2022-06-15 19:45:02,399] root - INFO - Data Fetched from the source Successfully !!!
[2022-06-15 19:45:02,399] root - INFO - 'column_imputation' FUNCTION COMPILED SUCCESSFULLY
[2022-06-15 19:45:02,403] root - INFO - 'impute_missing' FUNCTION COMPILED SUCCESSFULLY
[2022-06-15 19:45:04,375] root - INFO - 'transform_pq_first_sent_to_client_date_columns' FUNCTION COMPILED SUCCESSFULLY
[2022-06-15 19:45:10,041] root - INFO - transform_dates_columns function compiled successfully
[2022-06-15 19:45:10,052] root - INFO - drop_unnecessary_columns function compiled successfully
[2022-06-15 19:45:10,337] root - INFO - data function compiled successfully
[2022-06-15 19:45:10,343] root - INFO - 'data' FUNCTION STARTED
[2022-06-15 19:45:10,343] root - INFO - 'feature_engineering' FUNCTION STARTED
[2022-06-15 19:45:10,344] root - INFO - 'freight_cost_transform' FUNCTION STARTED
[2022-06-15 19:45:10,345] root - INFO - 'remove_outliers' FUNCTION STARTED
[2022-06-15 19:45:10,345] root - INFO - 'data_' FUNCTION STARTED
[2022-06-15 19:45:10,345] root - INFO - Reading all parameters from config_path
[2022-06-15 19:45:10,395] root - INFO - Parameters Readed from config_path Successfully !!!
[2022-06-15 19:45:10,525] root - INFO - Data loaded successfully
[2022-06-15 19:45:10,548] root - INFO - removed outliers function compiled successfully
[2022-06-15 19:45:10,586] root - INFO - freight_cost_transform function compiled successfully
[2022-06-15 19:45:11,315] root - INFO - Exception occurred while compiling the codeColumns must be same length as key
[2022-06-15 19:45:11,315] root - INFO - Failed to execute the code please check your code and run
[2022-06-15 19:45:11,316] root - INFO - Exception occurred while compiling the codeError occurred python script name [H:\consignment pricing using mlops\src\stage4_feature_engineering.py] line number [96] error message [Columns must be same length as key].
[2022-06-15 19:45:11,316] root - INFO - Failed to execute the code please check your code and run
