[2022-06-15 19:28:26,779] root - INFO - Getting the data from the source
[2022-06-15 19:28:26,779] root - INFO - Reading all parameters from config_path
[2022-06-15 19:28:26,790] root - INFO - Parameters Readed from config_path Successfully !!!
[2022-06-15 19:28:26,883] root - INFO - Data Fetched from the source Successfully !!!
[2022-06-15 19:28:26,883] root - INFO - Loading data from the source
[2022-06-15 19:28:26,883] root - INFO - Reading all parameters from config_path
[2022-06-15 19:28:26,896] root - INFO - Parameters Readed from config_path Successfully !!!
[2022-06-15 19:28:26,896] root - INFO - Getting the data from the source
[2022-06-15 19:28:26,896] root - INFO - Reading all parameters from config_path
[2022-06-15 19:28:26,906] root - INFO - Parameters Readed from config_path Successfully !!!
[2022-06-15 19:28:26,995] root - INFO - Data Fetched from the source Successfully !!!
[2022-06-15 19:28:27,195] root - INFO - Data Loaded from the source Successfully !!!
[2022-06-15 19:28:27,196] root - INFO - 'data' FUNCTION STARTED
[2022-06-15 19:28:27,196] root - INFO - Reading all parameters from config_path
[2022-06-15 19:28:27,205] root - INFO - Parameters Readed from config_path Successfully !!!
[2022-06-15 19:28:27,205] root - INFO - 'drop_unnecessary_columns' FUNCTION STARTED
[2022-06-15 19:28:27,205] root - INFO - Reading all parameters from config_path
[2022-06-15 19:28:27,216] root - INFO - Parameters Readed from config_path Successfully !!!
[2022-06-15 19:28:27,216] root - INFO - 'transform_dates_columns' FUNCTION STARTED
[2022-06-15 19:28:27,216] root - INFO - 'transform_pq_first_sent_to_client_date_columns' FUNCTION STARTED
[2022-06-15 19:28:27,216] root - INFO - 'impute_missing' FUNCTION STARTED
[2022-06-15 19:28:27,216] root - INFO - 'column_imputation' FUNCTION STARTED
[2022-06-15 19:28:27,216] root - INFO - Getting the data from the source
[2022-06-15 19:28:27,216] root - INFO - Reading all parameters from config_path
[2022-06-15 19:28:27,227] root - INFO - Parameters Readed from config_path Successfully !!!
[2022-06-15 19:28:27,326] root - INFO - Data Fetched from the source Successfully !!!
[2022-06-15 19:28:27,327] root - INFO - 'column_imputation' FUNCTION COMPILED SUCCESSFULLY
[2022-06-15 19:28:27,332] root - INFO - 'impute_missing' FUNCTION COMPILED SUCCESSFULLY
[2022-06-15 19:28:29,349] root - INFO - 'transform_pq_first_sent_to_client_date_columns' FUNCTION COMPILED SUCCESSFULLY
[2022-06-15 19:28:33,533] root - INFO - transform_dates_columns function compiled successfully
[2022-06-15 19:28:33,536] root - INFO - drop_unnecessary_columns function compiled successfully
[2022-06-15 19:28:33,631] root - INFO - data function compiled successfully
[2022-06-15 19:28:33,633] root - INFO - 'data' FUNCTION STARTED
[2022-06-15 19:28:33,633] root - INFO - 'feature_engineering' FUNCTION STARTED
[2022-06-15 19:28:33,633] root - INFO - 'freight_cost_transform' FUNCTION STARTED
[2022-06-15 19:28:33,633] root - INFO - 'remove_outliers' FUNCTION STARTED
[2022-06-15 19:28:33,633] root - INFO - 'data_' FUNCTION STARTED
[2022-06-15 19:28:33,633] root - INFO - Reading all parameters from config_path
[2022-06-15 19:28:33,643] root - INFO - Parameters Readed from config_path Successfully !!!
[2022-06-15 19:28:33,691] root - INFO - Data loaded successfully
[2022-06-15 19:28:33,700] root - INFO - removed outliers function compiled successfully
[2022-06-15 19:28:33,709] root - INFO - freight_cost_transform function compiled successfully
[2022-06-15 19:28:33,966] root - INFO - Exception occurred while compiling the codeColumns must be same length as key
[2022-06-15 19:28:33,966] root - INFO - Failed to execute the code please check your code and run
[2022-06-15 19:28:33,966] root - INFO - Exception occurred while compiling the codeError occurred python script name [H:\consignment pricing using mlops\src\stage4_feature_engineering.py] line number [96] error message [Columns must be same length as key].
[2022-06-15 19:28:33,966] root - INFO - Failed to execute the code please check your code and run
