[2022-06-14 21:52:27,131] root - INFO - Getting the data from the source
[2022-06-14 21:52:27,131] root - INFO - Reading all parameters from config_path
[2022-06-14 21:52:27,148] root - INFO - Parameters Readed from config_path Successfully !!!
[2022-06-14 21:52:27,274] root - INFO - Data Fetched from the source Successfully !!!
[2022-06-14 21:52:27,274] root - INFO - Loading data from the source
[2022-06-14 21:52:27,275] root - INFO - Reading all parameters from config_path
[2022-06-14 21:52:27,291] root - INFO - Parameters Readed from config_path Successfully !!!
[2022-06-14 21:52:27,292] root - INFO - Getting the data from the source
[2022-06-14 21:52:27,292] root - INFO - Reading all parameters from config_path
[2022-06-14 21:52:27,305] root - INFO - Parameters Readed from config_path Successfully !!!
[2022-06-14 21:52:27,408] root - INFO - Data Fetched from the source Successfully !!!
[2022-06-14 21:52:27,636] root - INFO - Data Loaded from the source Successfully !!!
[2022-06-14 21:52:27,636] root - INFO - 'data' FUNCTION STARTED
[2022-06-14 21:52:27,637] root - INFO - Reading all parameters from config_path
[2022-06-14 21:52:27,653] root - INFO - Parameters Readed from config_path Successfully !!!
[2022-06-14 21:52:27,654] root - INFO - 'drop_unnecessary_columns' FUNCTION STARTED
[2022-06-14 21:52:27,654] root - INFO - Reading all parameters from config_path
[2022-06-14 21:52:27,669] root - INFO - Parameters Readed from config_path Successfully !!!
[2022-06-14 21:52:27,669] root - INFO - 'transform_dates_columns' FUNCTION STARTED
[2022-06-14 21:52:27,669] root - INFO - 'transform_pq_first_sent_to_client_date_columns' FUNCTION STARTED
[2022-06-14 21:52:27,669] root - INFO - 'impute_missing' FUNCTION STARTED
[2022-06-14 21:52:27,669] root - INFO - 'column_imputation' FUNCTION STARTED
[2022-06-14 21:52:27,669] root - INFO - Getting the data from the source
[2022-06-14 21:52:27,669] root - INFO - Reading all parameters from config_path
[2022-06-14 21:52:27,680] root - INFO - Parameters Readed from config_path Successfully !!!
[2022-06-14 21:52:27,808] root - INFO - Data Fetched from the source Successfully !!!
[2022-06-14 21:52:27,809] root - INFO - 'column_imputation' FUNCTION COMPILED SUCCESSFULLY
[2022-06-14 21:52:27,815] root - INFO - 'impute_missing' FUNCTION COMPILED SUCCESSFULLY
[2022-06-14 21:52:30,521] root - INFO - 'transform_pq_first_sent_to_client_date_columns' FUNCTION COMPILED SUCCESSFULLY
[2022-06-14 21:52:35,873] root - INFO - transform_dates_columns function compiled successfully
[2022-06-14 21:52:35,877] root - INFO - drop_unnecessary_columns function compiled successfully
[2022-06-14 21:52:35,982] root - INFO - data function compiled successfully
