[2022-06-15 19:39:22,301] root - INFO - Getting the data from the source
[2022-06-15 19:39:22,302] root - INFO - Reading all parameters from config_path
[2022-06-15 19:39:22,350] root - INFO - Parameters Readed from config_path Successfully !!!
[2022-06-15 19:39:22,464] root - INFO - Data Fetched from the source Successfully !!!
[2022-06-15 19:39:22,464] root - INFO - Loading data from the source
[2022-06-15 19:39:22,464] root - INFO - Reading all parameters from config_path
[2022-06-15 19:39:22,476] root - INFO - Parameters Readed from config_path Successfully !!!
[2022-06-15 19:39:22,477] root - INFO - Getting the data from the source
[2022-06-15 19:39:22,477] root - INFO - Reading all parameters from config_path
[2022-06-15 19:39:22,487] root - INFO - Parameters Readed from config_path Successfully !!!
[2022-06-15 19:39:22,576] root - INFO - Data Fetched from the source Successfully !!!
[2022-06-15 19:39:22,765] root - INFO - Data Loaded from the source Successfully !!!
[2022-06-15 19:39:22,765] root - INFO - 'data' FUNCTION STARTED
[2022-06-15 19:39:22,765] root - INFO - Reading all parameters from config_path
[2022-06-15 19:39:22,774] root - INFO - Parameters Readed from config_path Successfully !!!
[2022-06-15 19:39:22,774] root - INFO - 'drop_unnecessary_columns' FUNCTION STARTED
[2022-06-15 19:39:22,774] root - INFO - Reading all parameters from config_path
[2022-06-15 19:39:22,783] root - INFO - Parameters Readed from config_path Successfully !!!
[2022-06-15 19:39:22,784] root - INFO - 'transform_dates_columns' FUNCTION STARTED
[2022-06-15 19:39:22,784] root - INFO - 'transform_pq_first_sent_to_client_date_columns' FUNCTION STARTED
[2022-06-15 19:39:22,784] root - INFO - 'impute_missing' FUNCTION STARTED
[2022-06-15 19:39:22,784] root - INFO - 'column_imputation' FUNCTION STARTED
[2022-06-15 19:39:22,784] root - INFO - Getting the data from the source
[2022-06-15 19:39:22,784] root - INFO - Reading all parameters from config_path
[2022-06-15 19:39:22,794] root - INFO - Parameters Readed from config_path Successfully !!!
[2022-06-15 19:39:22,877] root - INFO - Data Fetched from the source Successfully !!!
[2022-06-15 19:39:22,878] root - INFO - 'column_imputation' FUNCTION COMPILED SUCCESSFULLY
[2022-06-15 19:39:22,882] root - INFO - 'impute_missing' FUNCTION COMPILED SUCCESSFULLY
[2022-06-15 19:39:24,809] root - INFO - 'transform_pq_first_sent_to_client_date_columns' FUNCTION COMPILED SUCCESSFULLY
[2022-06-15 19:39:32,037] root - INFO - transform_dates_columns function compiled successfully
[2022-06-15 19:39:32,051] root - INFO - drop_unnecessary_columns function compiled successfully
[2022-06-15 19:39:32,306] root - INFO - data function compiled successfully
[2022-06-15 19:39:32,310] root - INFO - 'data' FUNCTION STARTED
[2022-06-15 19:39:32,310] root - INFO - 'feature_engineering' FUNCTION STARTED
[2022-06-15 19:39:32,310] root - INFO - 'freight_cost_transform' FUNCTION STARTED
[2022-06-15 19:39:32,311] root - INFO - 'remove_outliers' FUNCTION STARTED
[2022-06-15 19:39:32,311] root - INFO - 'data_' FUNCTION STARTED
[2022-06-15 19:39:32,311] root - INFO - Reading all parameters from config_path
[2022-06-15 19:39:32,332] root - INFO - Parameters Readed from config_path Successfully !!!
[2022-06-15 19:39:32,431] root - INFO - Data loaded successfully
[2022-06-15 19:39:32,448] root - INFO - removed outliers function compiled successfully
[2022-06-15 19:39:32,469] root - INFO - freight_cost_transform function compiled successfully
[2022-06-15 19:39:32,961] root - INFO - Exception occurred while compiling the codeColumns must be same length as key
[2022-06-15 19:39:32,961] root - INFO - Failed to execute the code please check your code and run
[2022-06-15 19:39:32,961] root - INFO - Exception occurred while compiling the codeError occurred python script name [H:\consignment pricing using mlops\src\stage4_feature_engineering.py] line number [96] error message [Columns must be same length as key].
[2022-06-15 19:39:32,961] root - INFO - Failed to execute the code please check your code and run
