[2022-06-14 22:58:35,956] root - INFO - Getting the data from the source
[2022-06-14 22:58:35,956] root - INFO - Reading all parameters from config_path
[2022-06-14 22:58:35,970] root - INFO - Parameters Readed from config_path Successfully !!!
[2022-06-14 22:58:36,078] root - INFO - Data Fetched from the source Successfully !!!
[2022-06-14 22:58:36,079] root - INFO - Loading data from the source
[2022-06-14 22:58:36,079] root - INFO - Reading all parameters from config_path
[2022-06-14 22:58:36,091] root - INFO - Parameters Readed from config_path Successfully !!!
[2022-06-14 22:58:36,091] root - INFO - Getting the data from the source
[2022-06-14 22:58:36,091] root - INFO - Reading all parameters from config_path
[2022-06-14 22:58:36,112] root - INFO - Parameters Readed from config_path Successfully !!!
[2022-06-14 22:58:36,236] root - INFO - Data Fetched from the source Successfully !!!
[2022-06-14 22:58:36,502] root - INFO - Data Loaded from the source Successfully !!!
[2022-06-14 22:58:36,502] root - INFO - 'data' FUNCTION STARTED
[2022-06-14 22:58:36,502] root - INFO - Reading all parameters from config_path
[2022-06-14 22:58:36,523] root - INFO - Parameters Readed from config_path Successfully !!!
[2022-06-14 22:58:36,524] root - INFO - 'drop_unnecessary_columns' FUNCTION STARTED
[2022-06-14 22:58:36,524] root - INFO - Reading all parameters from config_path
[2022-06-14 22:58:36,540] root - INFO - Parameters Readed from config_path Successfully !!!
[2022-06-14 22:58:36,540] root - INFO - 'transform_dates_columns' FUNCTION STARTED
[2022-06-14 22:58:36,541] root - INFO - 'transform_pq_first_sent_to_client_date_columns' FUNCTION STARTED
[2022-06-14 22:58:36,541] root - INFO - 'impute_missing' FUNCTION STARTED
[2022-06-14 22:58:36,541] root - INFO - 'column_imputation' FUNCTION STARTED
[2022-06-14 22:58:36,541] root - INFO - Getting the data from the source
[2022-06-14 22:58:36,541] root - INFO - Reading all parameters from config_path
[2022-06-14 22:58:36,554] root - INFO - Parameters Readed from config_path Successfully !!!
[2022-06-14 22:58:36,665] root - INFO - Data Fetched from the source Successfully !!!
[2022-06-14 22:58:36,666] root - INFO - 'column_imputation' FUNCTION COMPILED SUCCESSFULLY
[2022-06-14 22:58:36,671] root - INFO - 'impute_missing' FUNCTION COMPILED SUCCESSFULLY
[2022-06-14 22:58:39,368] root - INFO - 'transform_pq_first_sent_to_client_date_columns' FUNCTION COMPILED SUCCESSFULLY
[2022-06-14 22:58:45,118] root - INFO - transform_dates_columns function compiled successfully
[2022-06-14 22:58:45,123] root - INFO - drop_unnecessary_columns function compiled successfully
[2022-06-14 22:58:45,299] root - INFO - data function compiled successfully
