[2022-06-15 18:56:52,073] root - INFO - Getting the data from the source
[2022-06-15 18:56:52,073] root - INFO - Reading all parameters from config_path
[2022-06-15 18:56:52,090] root - INFO - Parameters Readed from config_path Successfully !!!
[2022-06-15 18:56:52,189] root - INFO - Data Fetched from the source Successfully !!!
[2022-06-15 18:56:52,189] root - INFO - Loading data from the source
[2022-06-15 18:56:52,189] root - INFO - Reading all parameters from config_path
[2022-06-15 18:56:52,198] root - INFO - Parameters Readed from config_path Successfully !!!
[2022-06-15 18:56:52,198] root - INFO - Getting the data from the source
[2022-06-15 18:56:52,199] root - INFO - Reading all parameters from config_path
[2022-06-15 18:56:52,208] root - INFO - Parameters Readed from config_path Successfully !!!
[2022-06-15 18:56:52,291] root - INFO - Data Fetched from the source Successfully !!!
[2022-06-15 18:56:52,466] root - INFO - Data Loaded from the source Successfully !!!
[2022-06-15 18:56:52,466] root - INFO - 'data' FUNCTION STARTED
[2022-06-15 18:56:52,466] root - INFO - Reading all parameters from config_path
[2022-06-15 18:56:52,477] root - INFO - Parameters Readed from config_path Successfully !!!
[2022-06-15 18:56:52,478] root - INFO - 'drop_unnecessary_columns' FUNCTION STARTED
[2022-06-15 18:56:52,478] root - INFO - Reading all parameters from config_path
[2022-06-15 18:56:52,488] root - INFO - Parameters Readed from config_path Successfully !!!
[2022-06-15 18:56:52,488] root - INFO - 'transform_dates_columns' FUNCTION STARTED
[2022-06-15 18:56:52,488] root - INFO - 'transform_pq_first_sent_to_client_date_columns' FUNCTION STARTED
[2022-06-15 18:56:52,488] root - INFO - 'impute_missing' FUNCTION STARTED
[2022-06-15 18:56:52,488] root - INFO - 'column_imputation' FUNCTION STARTED
[2022-06-15 18:56:52,488] root - INFO - Getting the data from the source
[2022-06-15 18:56:52,488] root - INFO - Reading all parameters from config_path
[2022-06-15 18:56:52,497] root - INFO - Parameters Readed from config_path Successfully !!!
[2022-06-15 18:56:52,580] root - INFO - Data Fetched from the source Successfully !!!
[2022-06-15 18:56:52,581] root - INFO - 'column_imputation' FUNCTION COMPILED SUCCESSFULLY
[2022-06-15 18:56:52,586] root - INFO - 'impute_missing' FUNCTION COMPILED SUCCESSFULLY
[2022-06-15 18:56:54,546] root - INFO - 'transform_pq_first_sent_to_client_date_columns' FUNCTION COMPILED SUCCESSFULLY
[2022-06-15 18:56:58,572] root - INFO - transform_dates_columns function compiled successfully
[2022-06-15 18:56:58,575] root - INFO - drop_unnecessary_columns function compiled successfully
[2022-06-15 18:56:58,668] root - INFO - data function compiled successfully
[2022-06-15 18:56:58,670] root - INFO - 'data' FUNCTION STARTED
[2022-06-15 18:56:58,670] root - INFO - 'feature_engineering' FUNCTION STARTED
[2022-06-15 18:56:58,670] root - INFO - 'freight_cost_transform' FUNCTION STARTED
[2022-06-15 18:56:58,670] root - INFO - 'remove_outliers' FUNCTION STARTED
[2022-06-15 18:56:58,670] root - INFO - 'data_' FUNCTION STARTED
[2022-06-15 18:56:58,670] root - INFO - Reading all parameters from config_path
[2022-06-15 18:56:58,679] root - INFO - Parameters Readed from config_path Successfully !!!
[2022-06-15 18:56:58,724] root - INFO - Data loaded successfully
[2022-06-15 18:56:58,733] root - INFO - removed outliers function compiled successfully
[2022-06-15 18:56:58,745] root - INFO - freight_cost_transform function compiled successfully
[2022-06-15 18:56:59,001] root - INFO - Exception occurred while compiling the codeColumns must be same length as key
[2022-06-15 18:56:59,001] root - INFO - Failed to execute the code please check your code and run
[2022-06-15 18:56:59,001] root - INFO - Exception occurred while compiling the codeError occurred python script name [H:\consignment pricing using mlops\src\stage4_feature_engineering.py] line number [96] error message [Columns must be same length as key].
[2022-06-15 18:56:59,001] root - INFO - Failed to execute the code please check your code and run
