[2022-06-15 19:00:57,885] root - INFO - Getting the data from the source
[2022-06-15 19:00:57,885] root - INFO - Reading all parameters from config_path
[2022-06-15 19:00:57,900] root - INFO - Parameters Readed from config_path Successfully !!!
[2022-06-15 19:00:57,987] root - INFO - Data Fetched from the source Successfully !!!
[2022-06-15 19:00:57,987] root - INFO - Loading data from the source
[2022-06-15 19:00:57,987] root - INFO - Reading all parameters from config_path
[2022-06-15 19:00:57,998] root - INFO - Parameters Readed from config_path Successfully !!!
[2022-06-15 19:00:57,998] root - INFO - Getting the data from the source
[2022-06-15 19:00:57,998] root - INFO - Reading all parameters from config_path
[2022-06-15 19:00:58,008] root - INFO - Parameters Readed from config_path Successfully !!!
[2022-06-15 19:00:58,098] root - INFO - Data Fetched from the source Successfully !!!
[2022-06-15 19:00:58,289] root - INFO - Data Loaded from the source Successfully !!!
[2022-06-15 19:00:58,289] root - INFO - 'data' FUNCTION STARTED
[2022-06-15 19:00:58,289] root - INFO - Reading all parameters from config_path
[2022-06-15 19:00:58,299] root - INFO - Parameters Readed from config_path Successfully !!!
[2022-06-15 19:00:58,299] root - INFO - 'drop_unnecessary_columns' FUNCTION STARTED
[2022-06-15 19:00:58,299] root - INFO - Reading all parameters from config_path
[2022-06-15 19:00:58,309] root - INFO - Parameters Readed from config_path Successfully !!!
[2022-06-15 19:00:58,310] root - INFO - 'transform_dates_columns' FUNCTION STARTED
[2022-06-15 19:00:58,310] root - INFO - 'transform_pq_first_sent_to_client_date_columns' FUNCTION STARTED
[2022-06-15 19:00:58,310] root - INFO - 'impute_missing' FUNCTION STARTED
[2022-06-15 19:00:58,310] root - INFO - 'column_imputation' FUNCTION STARTED
[2022-06-15 19:00:58,310] root - INFO - Getting the data from the source
[2022-06-15 19:00:58,310] root - INFO - Reading all parameters from config_path
[2022-06-15 19:00:58,319] root - INFO - Parameters Readed from config_path Successfully !!!
[2022-06-15 19:00:58,405] root - INFO - Data Fetched from the source Successfully !!!
[2022-06-15 19:00:58,406] root - INFO - 'column_imputation' FUNCTION COMPILED SUCCESSFULLY
[2022-06-15 19:00:58,411] root - INFO - 'impute_missing' FUNCTION COMPILED SUCCESSFULLY
[2022-06-15 19:01:00,380] root - INFO - 'transform_pq_first_sent_to_client_date_columns' FUNCTION COMPILED SUCCESSFULLY
[2022-06-15 19:01:04,419] root - INFO - transform_dates_columns function compiled successfully
[2022-06-15 19:01:04,422] root - INFO - drop_unnecessary_columns function compiled successfully
[2022-06-15 19:01:04,517] root - INFO - data function compiled successfully
[2022-06-15 19:01:04,518] root - INFO - 'data' FUNCTION STARTED
[2022-06-15 19:01:04,519] root - INFO - 'feature_engineering' FUNCTION STARTED
[2022-06-15 19:01:04,519] root - INFO - 'freight_cost_transform' FUNCTION STARTED
[2022-06-15 19:01:04,519] root - INFO - 'remove_outliers' FUNCTION STARTED
[2022-06-15 19:01:04,519] root - INFO - 'data_' FUNCTION STARTED
[2022-06-15 19:01:04,519] root - INFO - Reading all parameters from config_path
[2022-06-15 19:01:04,530] root - INFO - Parameters Readed from config_path Successfully !!!
[2022-06-15 19:01:04,588] root - INFO - Data loaded successfully
[2022-06-15 19:01:04,597] root - INFO - removed outliers function compiled successfully
[2022-06-15 19:01:04,606] root - INFO - freight_cost_transform function compiled successfully
[2022-06-15 19:01:04,859] root - INFO - Exception occurred while compiling the codeColumns must be same length as key
[2022-06-15 19:01:04,859] root - INFO - Failed to execute the code please check your code and run
[2022-06-15 19:01:04,859] root - INFO - Exception occurred while compiling the codeError occurred python script name [H:\consignment pricing using mlops\src\stage4_feature_engineering.py] line number [96] error message [Columns must be same length as key].
[2022-06-15 19:01:04,859] root - INFO - Failed to execute the code please check your code and run
