[2022-06-15 00:01:32,156] root - INFO - Getting the data from the source
[2022-06-15 00:01:32,157] root - INFO - Reading all parameters from config_path
[2022-06-15 00:01:32,183] root - INFO - Parameters Readed from config_path Successfully !!!
[2022-06-15 00:01:32,320] root - INFO - Data Fetched from the source Successfully !!!
[2022-06-15 00:01:32,320] root - INFO - Loading data from the source
[2022-06-15 00:01:32,321] root - INFO - Reading all parameters from config_path
[2022-06-15 00:01:32,342] root - INFO - Parameters Readed from config_path Successfully !!!
[2022-06-15 00:01:32,343] root - INFO - Getting the data from the source
[2022-06-15 00:01:32,343] root - INFO - Reading all parameters from config_path
[2022-06-15 00:01:32,356] root - INFO - Parameters Readed from config_path Successfully !!!
[2022-06-15 00:01:32,476] root - INFO - Data Fetched from the source Successfully !!!
[2022-06-15 00:01:32,776] root - INFO - Data Loaded from the source Successfully !!!
[2022-06-15 00:01:32,776] root - INFO - 'data' FUNCTION STARTED
[2022-06-15 00:01:32,776] root - INFO - Reading all parameters from config_path
[2022-06-15 00:01:32,795] root - INFO - Parameters Readed from config_path Successfully !!!
[2022-06-15 00:01:32,795] root - INFO - 'drop_unnecessary_columns' FUNCTION STARTED
[2022-06-15 00:01:32,795] root - INFO - Reading all parameters from config_path
[2022-06-15 00:01:32,808] root - INFO - Parameters Readed from config_path Successfully !!!
[2022-06-15 00:01:32,809] root - INFO - 'transform_dates_columns' FUNCTION STARTED
[2022-06-15 00:01:32,809] root - INFO - 'transform_pq_first_sent_to_client_date_columns' FUNCTION STARTED
[2022-06-15 00:01:32,809] root - INFO - 'impute_missing' FUNCTION STARTED
[2022-06-15 00:01:32,809] root - INFO - 'column_imputation' FUNCTION STARTED
[2022-06-15 00:01:32,809] root - INFO - Getting the data from the source
[2022-06-15 00:01:32,809] root - INFO - Reading all parameters from config_path
[2022-06-15 00:01:32,821] root - INFO - Parameters Readed from config_path Successfully !!!
[2022-06-15 00:01:32,948] root - INFO - Data Fetched from the source Successfully !!!
[2022-06-15 00:01:32,949] root - INFO - 'column_imputation' FUNCTION COMPILED SUCCESSFULLY
[2022-06-15 00:01:32,954] root - INFO - 'impute_missing' FUNCTION COMPILED SUCCESSFULLY
[2022-06-15 00:01:35,941] root - INFO - 'transform_pq_first_sent_to_client_date_columns' FUNCTION COMPILED SUCCESSFULLY
[2022-06-15 00:01:40,189] root - INFO - transform_dates_columns function compiled successfully
[2022-06-15 00:01:40,192] root - INFO - drop_unnecessary_columns function compiled successfully
[2022-06-15 00:01:40,283] root - INFO - data function compiled successfully
[2022-06-15 00:01:40,285] root - INFO - 'split_data' function started
[2022-06-15 00:01:40,285] root - INFO - Reading all parameters from config_path
[2022-06-15 00:01:40,294] root - INFO - Parameters Readed from config_path Successfully !!!
[2022-06-15 00:01:40,376] root - INFO - 'split_data' function successfully compiled
[2022-06-15 00:01:40,376] root - INFO - 'train_evaluate' function started
[2022-06-15 00:01:40,376] root - INFO - Reading all parameters from config_path
[2022-06-15 00:01:40,385] root - INFO - Parameters Readed from config_path Successfully !!!
[2022-06-15 00:01:40,385] root - INFO - train data read successfully-->path: H:/consignment pricing using mlops/data/split_data/Consignment_pricing_train.csv
[2022-06-15 00:01:40,406] root - INFO - train data read successfully
[2022-06-15 00:01:40,416] root - INFO - test data read successfully
[2022-06-15 00:01:40,417] root - INFO - model training started
[2022-06-15 00:18:11,038] concurrent.futures - ERROR - exception calling callback for <Future at 0x23d9748c1c0 state=finished raised TerminatedWorkerError>
Traceback (most recent call last):
  File "C:\Users\U\anaconda3\envs\firebase\lib\site-packages\joblib\externals\loky\_base.py", line 625, in _invoke_callbacks
    callback(self)
  File "C:\Users\U\anaconda3\envs\firebase\lib\site-packages\joblib\parallel.py", line 359, in __call__
    self.parallel.dispatch_next()
  File "C:\Users\U\anaconda3\envs\firebase\lib\site-packages\joblib\parallel.py", line 794, in dispatch_next
    if not self.dispatch_one_batch(self._original_iterator):
  File "C:\Users\U\anaconda3\envs\firebase\lib\site-packages\joblib\parallel.py", line 861, in dispatch_one_batch
    self._dispatch(tasks)
  File "C:\Users\U\anaconda3\envs\firebase\lib\site-packages\joblib\parallel.py", line 779, in _dispatch
    job = self._backend.apply_async(batch, callback=cb)
  File "C:\Users\U\anaconda3\envs\firebase\lib\site-packages\joblib\_parallel_backends.py", line 531, in apply_async
    future = self._workers.submit(SafeFunction(func))
  File "C:\Users\U\anaconda3\envs\firebase\lib\site-packages\joblib\externals\loky\reusable_executor.py", line 177, in submit
    return super(_ReusablePoolExecutor, self).submit(
  File "C:\Users\U\anaconda3\envs\firebase\lib\site-packages\joblib\externals\loky\process_executor.py", line 1115, in submit
    raise self._flags.broken
joblib.externals.loky.process_executor.TerminatedWorkerError: A worker process managed by the executor was unexpectedly terminated. This could be caused by a segmentation fault while calling the function or by an excessive memory usage causing the Operating System to kill the worker.

