[2022-06-14 21:42:56,685] root - INFO - Getting the data from the source
[2022-06-14 21:42:56,685] root - INFO - Reading all parameters from config_path
[2022-06-14 21:42:56,698] root - INFO - Parameters Readed from config_path Successfully !!!
[2022-06-14 21:42:56,803] root - INFO - Data Fetched from the source Successfully !!!
[2022-06-14 21:42:56,804] root - INFO - Loading data from the source
[2022-06-14 21:42:56,804] root - INFO - Reading all parameters from config_path
[2022-06-14 21:42:56,814] root - INFO - Parameters Readed from config_path Successfully !!!
[2022-06-14 21:42:56,814] root - INFO - Getting the data from the source
[2022-06-14 21:42:56,814] root - INFO - Reading all parameters from config_path
[2022-06-14 21:42:56,824] root - INFO - Parameters Readed from config_path Successfully !!!
[2022-06-14 21:42:56,914] root - INFO - Data Fetched from the source Successfully !!!
[2022-06-14 21:42:57,093] root - INFO - Data Loaded from the source Successfully !!!
[2022-06-14 21:42:57,093] root - INFO - 'data' FUNCTION STARTED
[2022-06-14 21:42:57,093] root - INFO - Reading all parameters from config_path
[2022-06-14 21:42:57,103] root - INFO - Parameters Readed from config_path Successfully !!!
[2022-06-14 21:42:57,104] root - INFO - 'drop_unnecessary_columns' FUNCTION STARTED
[2022-06-14 21:42:57,104] root - INFO - Reading all parameters from config_path
[2022-06-14 21:42:57,113] root - INFO - Parameters Readed from config_path Successfully !!!
[2022-06-14 21:42:57,113] root - INFO - 'transform_dates_columns' FUNCTION STARTED
[2022-06-14 21:42:57,113] root - INFO - 'transform_pq_first_sent_to_client_date_columns' FUNCTION STARTED
[2022-06-14 21:42:57,113] root - INFO - 'impute_missing' FUNCTION STARTED
[2022-06-14 21:42:57,113] root - INFO - 'column_imputation' FUNCTION STARTED
[2022-06-14 21:42:57,113] root - INFO - Getting the data from the source
[2022-06-14 21:42:57,113] root - INFO - Reading all parameters from config_path
[2022-06-14 21:42:57,123] root - INFO - Parameters Readed from config_path Successfully !!!
[2022-06-14 21:42:57,207] root - INFO - Data Fetched from the source Successfully !!!
[2022-06-14 21:42:57,207] root - INFO - 'column_imputation' FUNCTION COMPILED SUCCESSFULLY
[2022-06-14 21:42:57,211] root - INFO - 'impute_missing' FUNCTION COMPILED SUCCESSFULLY
[2022-06-14 21:43:00,070] root - INFO - 'transform_pq_first_sent_to_client_date_columns' FUNCTION COMPILED SUCCESSFULLY
[2022-06-14 21:43:06,054] root - INFO - transform_dates_columns function compiled successfully
[2022-06-14 21:43:06,058] root - INFO - drop_unnecessary_columns function compiled successfully
[2022-06-14 21:43:06,167] root - INFO - data function compiled successfully
