[2022-06-15 19:05:56,699] root - INFO - Getting the data from the source
[2022-06-15 19:05:56,699] root - INFO - Reading all parameters from config_path
[2022-06-15 19:05:56,714] root - INFO - Parameters Readed from config_path Successfully !!!
[2022-06-15 19:05:56,829] root - INFO - Data Fetched from the source Successfully !!!
[2022-06-15 19:05:56,829] root - INFO - Loading data from the source
[2022-06-15 19:05:56,829] root - INFO - Reading all parameters from config_path
[2022-06-15 19:05:56,850] root - INFO - Parameters Readed from config_path Successfully !!!
[2022-06-15 19:05:56,850] root - INFO - Getting the data from the source
[2022-06-15 19:05:56,851] root - INFO - Reading all parameters from config_path
[2022-06-15 19:05:56,861] root - INFO - Parameters Readed from config_path Successfully !!!
[2022-06-15 19:05:56,987] root - INFO - Data Fetched from the source Successfully !!!
[2022-06-15 19:05:57,229] root - INFO - Data Loaded from the source Successfully !!!
[2022-06-15 19:05:57,229] root - INFO - 'data' FUNCTION STARTED
[2022-06-15 19:05:57,229] root - INFO - Reading all parameters from config_path
[2022-06-15 19:05:57,242] root - INFO - Parameters Readed from config_path Successfully !!!
[2022-06-15 19:05:57,242] root - INFO - 'drop_unnecessary_columns' FUNCTION STARTED
[2022-06-15 19:05:57,242] root - INFO - Reading all parameters from config_path
[2022-06-15 19:05:57,257] root - INFO - Parameters Readed from config_path Successfully !!!
[2022-06-15 19:05:57,257] root - INFO - 'transform_dates_columns' FUNCTION STARTED
[2022-06-15 19:05:57,257] root - INFO - 'transform_pq_first_sent_to_client_date_columns' FUNCTION STARTED
[2022-06-15 19:05:57,257] root - INFO - 'impute_missing' FUNCTION STARTED
[2022-06-15 19:05:57,257] root - INFO - 'column_imputation' FUNCTION STARTED
[2022-06-15 19:05:57,257] root - INFO - Getting the data from the source
[2022-06-15 19:05:57,257] root - INFO - Reading all parameters from config_path
[2022-06-15 19:05:57,275] root - INFO - Parameters Readed from config_path Successfully !!!
[2022-06-15 19:05:57,392] root - INFO - Data Fetched from the source Successfully !!!
[2022-06-15 19:05:57,393] root - INFO - 'column_imputation' FUNCTION COMPILED SUCCESSFULLY
[2022-06-15 19:05:57,397] root - INFO - 'impute_missing' FUNCTION COMPILED SUCCESSFULLY
[2022-06-15 19:05:59,336] root - INFO - 'transform_pq_first_sent_to_client_date_columns' FUNCTION COMPILED SUCCESSFULLY
[2022-06-15 19:06:03,330] root - INFO - transform_dates_columns function compiled successfully
[2022-06-15 19:06:03,334] root - INFO - drop_unnecessary_columns function compiled successfully
[2022-06-15 19:06:03,421] root - INFO - data function compiled successfully
[2022-06-15 19:06:03,423] root - INFO - 'data' FUNCTION STARTED
[2022-06-15 19:06:03,423] root - INFO - 'feature_engineering' FUNCTION STARTED
[2022-06-15 19:06:03,423] root - INFO - 'freight_cost_transform' FUNCTION STARTED
[2022-06-15 19:06:03,423] root - INFO - 'remove_outliers' FUNCTION STARTED
[2022-06-15 19:06:03,423] root - INFO - 'data_' FUNCTION STARTED
[2022-06-15 19:06:03,423] root - INFO - Reading all parameters from config_path
[2022-06-15 19:06:03,432] root - INFO - Parameters Readed from config_path Successfully !!!
[2022-06-15 19:06:03,480] root - INFO - Data loaded successfully
[2022-06-15 19:06:03,490] root - INFO - removed outliers function compiled successfully
[2022-06-15 19:06:03,501] root - INFO - freight_cost_transform function compiled successfully
[2022-06-15 19:06:03,759] root - INFO - Exception occurred while compiling the codeColumns must be same length as key
[2022-06-15 19:06:03,759] root - INFO - Failed to execute the code please check your code and run
[2022-06-15 19:06:03,759] root - INFO - Exception occurred while compiling the codeError occurred python script name [H:\consignment pricing using mlops\src\stage4_feature_engineering.py] line number [96] error message [Columns must be same length as key].
[2022-06-15 19:06:03,759] root - INFO - Failed to execute the code please check your code and run
