[2022-06-15 19:07:24,439] root - INFO - Getting the data from the source
[2022-06-15 19:07:24,439] root - INFO - Reading all parameters from config_path
[2022-06-15 19:07:24,454] root - INFO - Parameters Readed from config_path Successfully !!!
[2022-06-15 19:07:24,554] root - INFO - Data Fetched from the source Successfully !!!
[2022-06-15 19:07:24,554] root - INFO - Loading data from the source
[2022-06-15 19:07:24,554] root - INFO - Reading all parameters from config_path
[2022-06-15 19:07:24,564] root - INFO - Parameters Readed from config_path Successfully !!!
[2022-06-15 19:07:24,565] root - INFO - Getting the data from the source
[2022-06-15 19:07:24,565] root - INFO - Reading all parameters from config_path
[2022-06-15 19:07:24,576] root - INFO - Parameters Readed from config_path Successfully !!!
[2022-06-15 19:07:24,664] root - INFO - Data Fetched from the source Successfully !!!
[2022-06-15 19:07:24,854] root - INFO - Data Loaded from the source Successfully !!!
[2022-06-15 19:07:24,854] root - INFO - 'data' FUNCTION STARTED
[2022-06-15 19:07:24,854] root - INFO - Reading all parameters from config_path
[2022-06-15 19:07:24,864] root - INFO - Parameters Readed from config_path Successfully !!!
[2022-06-15 19:07:24,864] root - INFO - 'drop_unnecessary_columns' FUNCTION STARTED
[2022-06-15 19:07:24,864] root - INFO - Reading all parameters from config_path
[2022-06-15 19:07:24,874] root - INFO - Parameters Readed from config_path Successfully !!!
[2022-06-15 19:07:24,874] root - INFO - 'transform_dates_columns' FUNCTION STARTED
[2022-06-15 19:07:24,874] root - INFO - 'transform_pq_first_sent_to_client_date_columns' FUNCTION STARTED
[2022-06-15 19:07:24,874] root - INFO - 'impute_missing' FUNCTION STARTED
[2022-06-15 19:07:24,874] root - INFO - 'column_imputation' FUNCTION STARTED
[2022-06-15 19:07:24,874] root - INFO - Getting the data from the source
[2022-06-15 19:07:24,874] root - INFO - Reading all parameters from config_path
[2022-06-15 19:07:24,883] root - INFO - Parameters Readed from config_path Successfully !!!
[2022-06-15 19:07:24,969] root - INFO - Data Fetched from the source Successfully !!!
[2022-06-15 19:07:24,970] root - INFO - 'column_imputation' FUNCTION COMPILED SUCCESSFULLY
[2022-06-15 19:07:24,974] root - INFO - 'impute_missing' FUNCTION COMPILED SUCCESSFULLY
[2022-06-15 19:07:26,925] root - INFO - 'transform_pq_first_sent_to_client_date_columns' FUNCTION COMPILED SUCCESSFULLY
[2022-06-15 19:07:33,534] root - INFO - transform_dates_columns function compiled successfully
[2022-06-15 19:07:33,553] root - INFO - drop_unnecessary_columns function compiled successfully
[2022-06-15 19:07:33,792] root - INFO - data function compiled successfully
[2022-06-15 19:07:33,797] root - INFO - 'data' FUNCTION STARTED
[2022-06-15 19:07:33,797] root - INFO - 'feature_engineering' FUNCTION STARTED
[2022-06-15 19:07:33,797] root - INFO - 'freight_cost_transform' FUNCTION STARTED
[2022-06-15 19:07:33,797] root - INFO - 'remove_outliers' FUNCTION STARTED
[2022-06-15 19:07:33,797] root - INFO - 'data_' FUNCTION STARTED
[2022-06-15 19:07:33,797] root - INFO - Reading all parameters from config_path
[2022-06-15 19:07:33,828] root - INFO - Parameters Readed from config_path Successfully !!!
[2022-06-15 19:07:33,937] root - INFO - Data loaded successfully
[2022-06-15 19:07:33,960] root - INFO - removed outliers function compiled successfully
[2022-06-15 19:07:33,980] root - INFO - freight_cost_transform function compiled successfully
[2022-06-15 19:07:34,555] root - INFO - Exception occurred while compiling the codeColumns must be same length as key
[2022-06-15 19:07:34,555] root - INFO - Failed to execute the code please check your code and run
[2022-06-15 19:07:34,555] root - INFO - Exception occurred while compiling the codeError occurred python script name [H:\consignment pricing using mlops\src\stage4_feature_engineering.py] line number [96] error message [Columns must be same length as key].
[2022-06-15 19:07:34,555] root - INFO - Failed to execute the code please check your code and run
