[2022-06-26 10:08:09,638] root - INFO - Getting the data from the source
[2022-06-26 10:08:09,638] root - INFO - Reading all parameters from config_path
[2022-06-26 10:08:09,649] root - INFO - Parameters Readed from config_path Successfully !!!
[2022-06-26 10:08:09,745] root - INFO - Data Fetched from the source Successfully !!!
[2022-06-26 10:08:09,746] root - INFO - Loading data from the source
[2022-06-26 10:08:09,746] root - INFO - Reading all parameters from config_path
[2022-06-26 10:08:09,755] root - INFO - Parameters Readed from config_path Successfully !!!
[2022-06-26 10:08:09,755] root - INFO - Getting the data from the source
[2022-06-26 10:08:09,755] root - INFO - Reading all parameters from config_path
[2022-06-26 10:08:09,764] root - INFO - Parameters Readed from config_path Successfully !!!
[2022-06-26 10:08:09,846] root - INFO - Data Fetched from the source Successfully !!!
[2022-06-26 10:08:10,009] root - INFO - Data Loaded from the source Successfully !!!
[2022-06-26 10:08:10,032] root - INFO - 'data' FUNCTION STARTED
[2022-06-26 10:08:10,032] root - INFO - Reading all parameters from config_path
[2022-06-26 10:08:10,041] root - INFO - Parameters Readed from config_path Successfully !!!
[2022-06-26 10:08:10,041] root - INFO - 'drop_unnecessary_columns' FUNCTION STARTED
[2022-06-26 10:08:10,041] root - INFO - Reading all parameters from config_path
[2022-06-26 10:08:10,050] root - INFO - Parameters Readed from config_path Successfully !!!
[2022-06-26 10:08:10,050] root - INFO - 'transform_dates_columns' FUNCTION STARTED
[2022-06-26 10:08:10,050] root - INFO - 'transform_pq_first_sent_to_client_date_columns' FUNCTION STARTED
[2022-06-26 10:08:10,050] root - INFO - 'impute_missing' FUNCTION STARTED
[2022-06-26 10:08:10,050] root - INFO - 'column_imputation' FUNCTION STARTED
[2022-06-26 10:08:10,051] root - INFO - Getting the data from the source
[2022-06-26 10:08:10,051] root - INFO - Reading all parameters from config_path
[2022-06-26 10:08:10,065] root - INFO - Parameters Readed from config_path Successfully !!!
[2022-06-26 10:08:10,150] root - INFO - Data Fetched from the source Successfully !!!
[2022-06-26 10:08:10,150] root - INFO - 'column_imputation' FUNCTION COMPILED SUCCESSFULLY
[2022-06-26 10:08:10,158] root - INFO - 'impute_missing' FUNCTION COMPILED SUCCESSFULLY
[2022-06-26 10:08:11,311] root - INFO - 'transform_pq_first_sent_to_client_date_columns' FUNCTION COMPILED SUCCESSFULLY
[2022-06-26 10:08:13,672] root - INFO - transform_dates_columns function compiled successfully
[2022-06-26 10:08:13,676] root - INFO - drop_unnecessary_columns function compiled successfully
[2022-06-26 10:08:13,780] root - INFO - data function compiled successfully
[2022-06-26 10:08:13,796] root - INFO - 'data' FUNCTION STARTED
[2022-06-26 10:08:13,796] root - INFO - 'feature_engineering' FUNCTION STARTED
[2022-06-26 10:08:13,796] root - INFO - 'freight_cost_transform' FUNCTION STARTED
[2022-06-26 10:08:13,796] root - INFO - 'remove_outliers' FUNCTION STARTED
[2022-06-26 10:08:13,796] root - INFO - 'data_' FUNCTION STARTED
[2022-06-26 10:08:13,796] root - INFO - Reading all parameters from config_path
[2022-06-26 10:08:13,804] root - INFO - Parameters Readed from config_path Successfully !!!
[2022-06-26 10:08:13,846] root - INFO - Data loaded successfully
[2022-06-26 10:08:13,865] numexpr.utils - INFO - NumExpr defaulting to 8 threads.
[2022-06-26 10:08:13,880] root - INFO - removed outliers function compiled successfully
[2022-06-26 10:08:13,891] root - INFO - freight_cost_transform function compiled successfully
[2022-06-26 10:08:14,041] root - INFO - feature engineering function compiled successfully
[2022-06-26 10:08:14,041] root - INFO - Reading all parameters from config_path
[2022-06-26 10:08:14,050] root - INFO - Parameters Readed from config_path Successfully !!!
[2022-06-26 10:08:14,154] root - INFO - Final Data for prediction successfully created
[2022-06-26 10:08:14,173] root - INFO - 'split_data' function started
[2022-06-26 10:08:14,173] root - INFO - Reading all parameters from config_path
[2022-06-26 10:08:14,184] root - INFO - Parameters Readed from config_path Successfully !!!
[2022-06-26 10:08:14,273] root - INFO - 'split_data' function successfully compiled
