[2022-06-15 23:51:55,403] root - INFO - Getting the data from the source
[2022-06-15 23:51:55,403] root - INFO - Reading all parameters from config_path
[2022-06-15 23:51:55,413] root - INFO - Parameters Readed from config_path Successfully !!!
[2022-06-15 23:51:55,490] root - INFO - Data Fetched from the source Successfully !!!
[2022-06-15 23:51:55,505] root - INFO - Loading data from the source
[2022-06-15 23:51:55,505] root - INFO - Reading all parameters from config_path
[2022-06-15 23:51:55,519] root - INFO - Parameters Readed from config_path Successfully !!!
[2022-06-15 23:51:55,519] root - INFO - Getting the data from the source
[2022-06-15 23:51:55,519] root - INFO - Reading all parameters from config_path
[2022-06-15 23:51:55,542] root - INFO - Parameters Readed from config_path Successfully !!!
[2022-06-15 23:51:55,625] root - INFO - Data Fetched from the source Successfully !!!
[2022-06-15 23:51:55,795] root - INFO - Data Loaded from the source Successfully !!!
[2022-06-15 23:51:55,815] root - INFO - 'data' FUNCTION STARTED
[2022-06-15 23:51:55,815] root - INFO - Reading all parameters from config_path
[2022-06-15 23:51:55,829] root - INFO - Parameters Readed from config_path Successfully !!!
[2022-06-15 23:51:55,830] root - INFO - 'drop_unnecessary_columns' FUNCTION STARTED
[2022-06-15 23:51:55,830] root - INFO - Reading all parameters from config_path
[2022-06-15 23:51:55,843] root - INFO - Parameters Readed from config_path Successfully !!!
[2022-06-15 23:51:55,843] root - INFO - 'transform_dates_columns' FUNCTION STARTED
[2022-06-15 23:51:55,844] root - INFO - 'transform_pq_first_sent_to_client_date_columns' FUNCTION STARTED
[2022-06-15 23:51:55,844] root - INFO - 'impute_missing' FUNCTION STARTED
[2022-06-15 23:51:55,844] root - INFO - 'column_imputation' FUNCTION STARTED
[2022-06-15 23:51:55,844] root - INFO - Getting the data from the source
[2022-06-15 23:51:55,844] root - INFO - Reading all parameters from config_path
[2022-06-15 23:51:55,854] root - INFO - Parameters Readed from config_path Successfully !!!
[2022-06-15 23:51:55,938] root - INFO - Data Fetched from the source Successfully !!!
[2022-06-15 23:51:55,939] root - INFO - 'column_imputation' FUNCTION COMPILED SUCCESSFULLY
[2022-06-15 23:51:55,946] root - INFO - 'impute_missing' FUNCTION COMPILED SUCCESSFULLY
[2022-06-15 23:51:57,000] root - INFO - 'transform_pq_first_sent_to_client_date_columns' FUNCTION COMPILED SUCCESSFULLY
[2022-06-15 23:51:59,043] root - INFO - transform_dates_columns function compiled successfully
[2022-06-15 23:51:59,046] root - INFO - drop_unnecessary_columns function compiled successfully
[2022-06-15 23:51:59,259] root - INFO - data function compiled successfully
[2022-06-15 23:51:59,284] root - INFO - 'data' FUNCTION STARTED
[2022-06-15 23:51:59,285] root - INFO - 'feature_engineering' FUNCTION STARTED
[2022-06-15 23:51:59,285] root - INFO - 'freight_cost_transform' FUNCTION STARTED
[2022-06-15 23:51:59,285] root - INFO - 'remove_outliers' FUNCTION STARTED
[2022-06-15 23:51:59,285] root - INFO - 'data_' FUNCTION STARTED
[2022-06-15 23:51:59,285] root - INFO - Reading all parameters from config_path
[2022-06-15 23:51:59,301] root - INFO - Parameters Readed from config_path Successfully !!!
[2022-06-15 23:51:59,400] root - INFO - Data loaded successfully
[2022-06-15 23:51:59,414] root - INFO - removed outliers function compiled successfully
[2022-06-15 23:51:59,427] root - INFO - freight_cost_transform function compiled successfully
[2022-06-15 23:51:59,694] root - INFO - Exception occurred while compiling the codeColumns must be same length as key
[2022-06-15 23:51:59,694] root - INFO - Failed to execute the code please check your code and run
[2022-06-15 23:51:59,694] root - INFO - Exception occurred while compiling the codeError occurred python script name [H:\consignment pricing using mlops\src\stage4_feature_engineering.py] line number [96] error message [Columns must be same length as key].
[2022-06-15 23:51:59,694] root - INFO - Failed to execute the code please check your code and run
