[2022-06-14 21:58:02,382] root - INFO - Getting the data from the source
[2022-06-14 21:58:02,382] root - INFO - Reading all parameters from config_path
[2022-06-14 21:58:02,405] root - INFO - Parameters Readed from config_path Successfully !!!
[2022-06-14 21:58:02,542] root - INFO - Data Fetched from the source Successfully !!!
[2022-06-14 21:58:02,543] root - INFO - Loading data from the source
[2022-06-14 21:58:02,543] root - INFO - Reading all parameters from config_path
[2022-06-14 21:58:02,558] root - INFO - Parameters Readed from config_path Successfully !!!
[2022-06-14 21:58:02,558] root - INFO - Getting the data from the source
[2022-06-14 21:58:02,558] root - INFO - Reading all parameters from config_path
[2022-06-14 21:58:02,572] root - INFO - Parameters Readed from config_path Successfully !!!
[2022-06-14 21:58:02,692] root - INFO - Data Fetched from the source Successfully !!!
[2022-06-14 21:58:02,918] root - INFO - Data Loaded from the source Successfully !!!
[2022-06-14 21:58:02,918] root - INFO - 'data' FUNCTION STARTED
[2022-06-14 21:58:02,919] root - INFO - Reading all parameters from config_path
[2022-06-14 21:58:02,932] root - INFO - Parameters Readed from config_path Successfully !!!
[2022-06-14 21:58:02,933] root - INFO - 'drop_unnecessary_columns' FUNCTION STARTED
[2022-06-14 21:58:02,933] root - INFO - Reading all parameters from config_path
[2022-06-14 21:58:02,944] root - INFO - Parameters Readed from config_path Successfully !!!
[2022-06-14 21:58:02,944] root - INFO - 'transform_dates_columns' FUNCTION STARTED
[2022-06-14 21:58:02,944] root - INFO - 'transform_pq_first_sent_to_client_date_columns' FUNCTION STARTED
[2022-06-14 21:58:02,944] root - INFO - 'impute_missing' FUNCTION STARTED
[2022-06-14 21:58:02,945] root - INFO - 'column_imputation' FUNCTION STARTED
[2022-06-14 21:58:02,945] root - INFO - Getting the data from the source
[2022-06-14 21:58:02,945] root - INFO - Reading all parameters from config_path
[2022-06-14 21:58:02,955] root - INFO - Parameters Readed from config_path Successfully !!!
[2022-06-14 21:58:03,058] root - INFO - Data Fetched from the source Successfully !!!
[2022-06-14 21:58:03,059] root - INFO - 'column_imputation' FUNCTION COMPILED SUCCESSFULLY
[2022-06-14 21:58:03,064] root - INFO - 'impute_missing' FUNCTION COMPILED SUCCESSFULLY
[2022-06-14 21:58:06,171] root - INFO - 'transform_pq_first_sent_to_client_date_columns' FUNCTION COMPILED SUCCESSFULLY
[2022-06-14 21:58:12,686] root - INFO - transform_dates_columns function compiled successfully
[2022-06-14 21:58:12,692] root - INFO - drop_unnecessary_columns function compiled successfully
[2022-06-14 21:58:12,856] root - INFO - data function compiled successfully
