[2022-06-15 19:48:52,978] root - INFO - Getting the data from the source
[2022-06-15 19:48:52,978] root - INFO - Reading all parameters from config_path
[2022-06-15 19:48:52,989] root - INFO - Parameters Readed from config_path Successfully !!!
[2022-06-15 19:48:53,079] root - INFO - Data Fetched from the source Successfully !!!
[2022-06-15 19:48:53,079] root - INFO - Loading data from the source
[2022-06-15 19:48:53,079] root - INFO - Reading all parameters from config_path
[2022-06-15 19:48:53,089] root - INFO - Parameters Readed from config_path Successfully !!!
[2022-06-15 19:48:53,090] root - INFO - Getting the data from the source
[2022-06-15 19:48:53,090] root - INFO - Reading all parameters from config_path
[2022-06-15 19:48:53,100] root - INFO - Parameters Readed from config_path Successfully !!!
[2022-06-15 19:48:53,183] root - INFO - Data Fetched from the source Successfully !!!
[2022-06-15 19:48:53,369] root - INFO - Data Loaded from the source Successfully !!!
[2022-06-15 19:48:53,369] root - INFO - 'data' FUNCTION STARTED
[2022-06-15 19:48:53,369] root - INFO - Reading all parameters from config_path
[2022-06-15 19:48:53,378] root - INFO - Parameters Readed from config_path Successfully !!!
[2022-06-15 19:48:53,378] root - INFO - 'drop_unnecessary_columns' FUNCTION STARTED
[2022-06-15 19:48:53,378] root - INFO - Reading all parameters from config_path
[2022-06-15 19:48:53,388] root - INFO - Parameters Readed from config_path Successfully !!!
[2022-06-15 19:48:53,388] root - INFO - 'transform_dates_columns' FUNCTION STARTED
[2022-06-15 19:48:53,388] root - INFO - 'transform_pq_first_sent_to_client_date_columns' FUNCTION STARTED
[2022-06-15 19:48:53,388] root - INFO - 'impute_missing' FUNCTION STARTED
[2022-06-15 19:48:53,388] root - INFO - 'column_imputation' FUNCTION STARTED
[2022-06-15 19:48:53,388] root - INFO - Getting the data from the source
[2022-06-15 19:48:53,388] root - INFO - Reading all parameters from config_path
[2022-06-15 19:48:53,399] root - INFO - Parameters Readed from config_path Successfully !!!
[2022-06-15 19:48:53,483] root - INFO - Data Fetched from the source Successfully !!!
[2022-06-15 19:48:53,484] root - INFO - 'column_imputation' FUNCTION COMPILED SUCCESSFULLY
[2022-06-15 19:48:53,488] root - INFO - 'impute_missing' FUNCTION COMPILED SUCCESSFULLY
[2022-06-15 19:48:55,406] root - INFO - 'transform_pq_first_sent_to_client_date_columns' FUNCTION COMPILED SUCCESSFULLY
[2022-06-15 19:49:01,657] root - INFO - transform_dates_columns function compiled successfully
[2022-06-15 19:49:01,663] root - INFO - drop_unnecessary_columns function compiled successfully
[2022-06-15 19:49:01,872] root - INFO - data function compiled successfully
[2022-06-15 19:49:01,876] root - INFO - 'data' FUNCTION STARTED
[2022-06-15 19:49:01,876] root - INFO - 'feature_engineering' FUNCTION STARTED
[2022-06-15 19:49:01,876] root - INFO - 'freight_cost_transform' FUNCTION STARTED
[2022-06-15 19:49:01,877] root - INFO - 'remove_outliers' FUNCTION STARTED
[2022-06-15 19:49:01,877] root - INFO - 'data_' FUNCTION STARTED
[2022-06-15 19:49:01,877] root - INFO - Reading all parameters from config_path
[2022-06-15 19:49:01,899] root - INFO - Parameters Readed from config_path Successfully !!!
[2022-06-15 19:49:01,998] root - INFO - Data loaded successfully
[2022-06-15 19:49:02,015] root - INFO - removed outliers function compiled successfully
[2022-06-15 19:49:02,035] root - INFO - freight_cost_transform function compiled successfully
[2022-06-15 19:49:02,622] root - INFO - Exception occurred while compiling the codeColumns must be same length as key
[2022-06-15 19:49:02,622] root - INFO - Failed to execute the code please check your code and run
[2022-06-15 19:49:02,623] root - INFO - Exception occurred while compiling the codeError occurred python script name [H:\consignment pricing using mlops\src\stage4_feature_engineering.py] line number [96] error message [Columns must be same length as key].
[2022-06-15 19:49:02,623] root - INFO - Failed to execute the code please check your code and run
