[2022-06-15 19:52:58,253] root - INFO - Getting the data from the source
[2022-06-15 19:52:58,254] root - INFO - Reading all parameters from config_path
[2022-06-15 19:52:58,264] root - INFO - Parameters Readed from config_path Successfully !!!
[2022-06-15 19:52:58,353] root - INFO - Data Fetched from the source Successfully !!!
[2022-06-15 19:52:58,353] root - INFO - Loading data from the source
[2022-06-15 19:52:58,353] root - INFO - Reading all parameters from config_path
[2022-06-15 19:52:58,365] root - INFO - Parameters Readed from config_path Successfully !!!
[2022-06-15 19:52:58,365] root - INFO - Getting the data from the source
[2022-06-15 19:52:58,365] root - INFO - Reading all parameters from config_path
[2022-06-15 19:52:58,375] root - INFO - Parameters Readed from config_path Successfully !!!
[2022-06-15 19:52:58,462] root - INFO - Data Fetched from the source Successfully !!!
[2022-06-15 19:52:58,678] root - INFO - Data Loaded from the source Successfully !!!
[2022-06-15 19:52:58,678] root - INFO - 'data' FUNCTION STARTED
[2022-06-15 19:52:58,678] root - INFO - Reading all parameters from config_path
[2022-06-15 19:52:58,688] root - INFO - Parameters Readed from config_path Successfully !!!
[2022-06-15 19:52:58,688] root - INFO - 'drop_unnecessary_columns' FUNCTION STARTED
[2022-06-15 19:52:58,688] root - INFO - Reading all parameters from config_path
[2022-06-15 19:52:58,698] root - INFO - Parameters Readed from config_path Successfully !!!
[2022-06-15 19:52:58,698] root - INFO - 'transform_dates_columns' FUNCTION STARTED
[2022-06-15 19:52:58,698] root - INFO - 'transform_pq_first_sent_to_client_date_columns' FUNCTION STARTED
[2022-06-15 19:52:58,698] root - INFO - 'impute_missing' FUNCTION STARTED
[2022-06-15 19:52:58,698] root - INFO - 'column_imputation' FUNCTION STARTED
[2022-06-15 19:52:58,698] root - INFO - Getting the data from the source
[2022-06-15 19:52:58,698] root - INFO - Reading all parameters from config_path
[2022-06-15 19:52:58,708] root - INFO - Parameters Readed from config_path Successfully !!!
[2022-06-15 19:52:58,796] root - INFO - Data Fetched from the source Successfully !!!
[2022-06-15 19:52:58,796] root - INFO - 'column_imputation' FUNCTION COMPILED SUCCESSFULLY
[2022-06-15 19:52:58,800] root - INFO - 'impute_missing' FUNCTION COMPILED SUCCESSFULLY
[2022-06-15 19:53:00,945] root - INFO - 'transform_pq_first_sent_to_client_date_columns' FUNCTION COMPILED SUCCESSFULLY
[2022-06-15 19:53:13,025] root - INFO - transform_dates_columns function compiled successfully
[2022-06-15 19:53:13,035] root - INFO - drop_unnecessary_columns function compiled successfully
[2022-06-15 19:53:13,346] root - INFO - data function compiled successfully
[2022-06-15 19:53:13,350] root - INFO - 'data' FUNCTION STARTED
[2022-06-15 19:53:13,351] root - INFO - 'feature_engineering' FUNCTION STARTED
[2022-06-15 19:53:13,352] root - INFO - 'freight_cost_transform' FUNCTION STARTED
[2022-06-15 19:53:13,352] root - INFO - 'remove_outliers' FUNCTION STARTED
[2022-06-15 19:53:13,352] root - INFO - 'data_' FUNCTION STARTED
[2022-06-15 19:53:13,352] root - INFO - Reading all parameters from config_path
[2022-06-15 19:53:13,396] root - INFO - Parameters Readed from config_path Successfully !!!
[2022-06-15 19:53:13,528] root - INFO - Data loaded successfully
[2022-06-15 19:53:13,557] root - INFO - removed outliers function compiled successfully
[2022-06-15 19:53:13,591] root - INFO - freight_cost_transform function compiled successfully
[2022-06-15 19:53:14,381] root - INFO - Exception occurred while compiling the codeColumns must be same length as key
[2022-06-15 19:53:14,382] root - INFO - Failed to execute the code please check your code and run
[2022-06-15 19:53:14,382] root - INFO - Exception occurred while compiling the codeError occurred python script name [H:\consignment pricing using mlops\src\stage4_feature_engineering.py] line number [96] error message [Columns must be same length as key].
[2022-06-15 19:53:14,382] root - INFO - Failed to execute the code please check your code and run
