[2022-06-14 21:47:05,176] root - INFO - Getting the data from the source
[2022-06-14 21:47:05,177] root - INFO - Reading all parameters from config_path
[2022-06-14 21:47:05,192] root - INFO - Parameters Readed from config_path Successfully !!!
[2022-06-14 21:47:05,336] root - INFO - Data Fetched from the source Successfully !!!
[2022-06-14 21:47:05,336] root - INFO - Loading data from the source
[2022-06-14 21:47:05,336] root - INFO - Reading all parameters from config_path
[2022-06-14 21:47:05,353] root - INFO - Parameters Readed from config_path Successfully !!!
[2022-06-14 21:47:05,354] root - INFO - Getting the data from the source
[2022-06-14 21:47:05,354] root - INFO - Reading all parameters from config_path
[2022-06-14 21:47:05,367] root - INFO - Parameters Readed from config_path Successfully !!!
[2022-06-14 21:47:05,496] root - INFO - Data Fetched from the source Successfully !!!
[2022-06-14 21:47:05,867] root - INFO - Data Loaded from the source Successfully !!!
[2022-06-14 21:47:05,867] root - INFO - 'data' FUNCTION STARTED
[2022-06-14 21:47:05,868] root - INFO - Reading all parameters from config_path
[2022-06-14 21:47:05,880] root - INFO - Parameters Readed from config_path Successfully !!!
[2022-06-14 21:47:05,881] root - INFO - 'drop_unnecessary_columns' FUNCTION STARTED
[2022-06-14 21:47:05,881] root - INFO - Reading all parameters from config_path
[2022-06-14 21:47:05,903] root - INFO - Parameters Readed from config_path Successfully !!!
[2022-06-14 21:47:05,904] root - INFO - 'transform_dates_columns' FUNCTION STARTED
[2022-06-14 21:47:05,904] root - INFO - 'transform_pq_first_sent_to_client_date_columns' FUNCTION STARTED
[2022-06-14 21:47:05,904] root - INFO - 'impute_missing' FUNCTION STARTED
[2022-06-14 21:47:05,904] root - INFO - 'column_imputation' FUNCTION STARTED
[2022-06-14 21:47:05,904] root - INFO - Getting the data from the source
[2022-06-14 21:47:05,904] root - INFO - Reading all parameters from config_path
[2022-06-14 21:47:05,920] root - INFO - Parameters Readed from config_path Successfully !!!
[2022-06-14 21:47:06,055] root - INFO - Data Fetched from the source Successfully !!!
[2022-06-14 21:47:06,056] root - INFO - 'column_imputation' FUNCTION COMPILED SUCCESSFULLY
[2022-06-14 21:47:06,061] root - INFO - 'impute_missing' FUNCTION COMPILED SUCCESSFULLY
[2022-06-14 21:47:09,392] root - INFO - 'transform_pq_first_sent_to_client_date_columns' FUNCTION COMPILED SUCCESSFULLY
[2022-06-14 21:47:15,702] root - INFO - transform_dates_columns function compiled successfully
[2022-06-14 21:47:15,707] root - INFO - drop_unnecessary_columns function compiled successfully
[2022-06-14 21:47:15,817] root - INFO - data function compiled successfully
