[2022-06-16 17:02:24,234] root - INFO - Getting the data from the source
[2022-06-16 17:02:24,234] root - INFO - Reading all parameters from config_path
[2022-06-16 17:02:24,245] root - INFO - Parameters Readed from config_path Successfully !!!
[2022-06-16 17:02:24,331] root - INFO - Data Fetched from the source Successfully !!!
[2022-06-16 17:02:24,345] root - INFO - Loading data from the source
[2022-06-16 17:02:24,345] root - INFO - Reading all parameters from config_path
[2022-06-16 17:02:24,361] root - INFO - Parameters Readed from config_path Successfully !!!
[2022-06-16 17:02:24,361] root - INFO - Getting the data from the source
[2022-06-16 17:02:24,361] root - INFO - Reading all parameters from config_path
[2022-06-16 17:02:24,373] root - INFO - Parameters Readed from config_path Successfully !!!
[2022-06-16 17:02:24,461] root - INFO - Data Fetched from the source Successfully !!!
[2022-06-16 17:02:24,626] root - INFO - Data Loaded from the source Successfully !!!
[2022-06-16 17:02:24,642] root - INFO - 'data' FUNCTION STARTED
[2022-06-16 17:02:24,642] root - INFO - Reading all parameters from config_path
[2022-06-16 17:02:24,661] root - INFO - Parameters Readed from config_path Successfully !!!
[2022-06-16 17:02:24,661] root - INFO - 'drop_unnecessary_columns' FUNCTION STARTED
[2022-06-16 17:02:24,661] root - INFO - Reading all parameters from config_path
[2022-06-16 17:02:24,679] root - INFO - Parameters Readed from config_path Successfully !!!
[2022-06-16 17:02:24,679] root - INFO - 'transform_dates_columns' FUNCTION STARTED
[2022-06-16 17:02:24,679] root - INFO - 'transform_pq_first_sent_to_client_date_columns' FUNCTION STARTED
[2022-06-16 17:02:24,679] root - INFO - 'impute_missing' FUNCTION STARTED
[2022-06-16 17:02:24,679] root - INFO - 'column_imputation' FUNCTION STARTED
[2022-06-16 17:02:24,679] root - INFO - Getting the data from the source
[2022-06-16 17:02:24,679] root - INFO - Reading all parameters from config_path
[2022-06-16 17:02:24,690] root - INFO - Parameters Readed from config_path Successfully !!!
[2022-06-16 17:02:24,776] root - INFO - Data Fetched from the source Successfully !!!
[2022-06-16 17:02:24,777] root - INFO - 'column_imputation' FUNCTION COMPILED SUCCESSFULLY
[2022-06-16 17:02:24,781] root - INFO - 'impute_missing' FUNCTION COMPILED SUCCESSFULLY
[2022-06-16 17:02:25,758] root - INFO - 'transform_pq_first_sent_to_client_date_columns' FUNCTION COMPILED SUCCESSFULLY
[2022-06-16 17:02:27,962] root - INFO - transform_dates_columns function compiled successfully
[2022-06-16 17:02:27,965] root - INFO - drop_unnecessary_columns function compiled successfully
[2022-06-16 17:02:28,048] root - INFO - data function compiled successfully
[2022-06-16 17:02:28,071] root - INFO - 'data' FUNCTION STARTED
[2022-06-16 17:02:28,071] root - INFO - 'feature_engineering' FUNCTION STARTED
[2022-06-16 17:02:28,071] root - INFO - 'freight_cost_transform' FUNCTION STARTED
[2022-06-16 17:02:28,071] root - INFO - 'remove_outliers' FUNCTION STARTED
[2022-06-16 17:02:28,071] root - INFO - 'data_' FUNCTION STARTED
[2022-06-16 17:02:28,071] root - INFO - Reading all parameters from config_path
[2022-06-16 17:02:28,087] root - INFO - Parameters Readed from config_path Successfully !!!
[2022-06-16 17:02:28,151] root - INFO - Data loaded successfully
[2022-06-16 17:02:28,161] numexpr.utils - INFO - NumExpr defaulting to 8 threads.
[2022-06-16 17:02:28,173] root - INFO - removed outliers function compiled successfully
[2022-06-16 17:02:28,183] root - INFO - freight_cost_transform function compiled successfully
[2022-06-16 17:02:28,318] root - INFO - feature engineering function compiled successfully
[2022-06-16 17:02:28,318] root - INFO - Reading all parameters from config_path
[2022-06-16 17:02:28,327] root - INFO - Parameters Readed from config_path Successfully !!!
[2022-06-16 17:02:28,405] root - INFO - Final Data for prediction successfully created
[2022-06-16 17:02:28,432] root - INFO - 'split_data' function started
[2022-06-16 17:02:28,432] root - INFO - Reading all parameters from config_path
[2022-06-16 17:02:28,443] root - INFO - Parameters Readed from config_path Successfully !!!
[2022-06-16 17:02:28,565] root - INFO - 'split_data' function successfully compiled
