[2022-06-15 10:08:30,348] root - INFO - Getting the data from the source
[2022-06-15 10:08:30,348] root - INFO - Reading all parameters from config_path
[2022-06-15 10:08:30,372] root - INFO - Parameters Readed from config_path Successfully !!!
[2022-06-15 10:08:30,483] root - INFO - Data Fetched from the source Successfully !!!
[2022-06-15 10:08:30,484] root - INFO - Loading data from the source
[2022-06-15 10:08:30,484] root - INFO - Reading all parameters from config_path
[2022-06-15 10:08:30,495] root - INFO - Parameters Readed from config_path Successfully !!!
[2022-06-15 10:08:30,495] root - INFO - Getting the data from the source
[2022-06-15 10:08:30,495] root - INFO - Reading all parameters from config_path
[2022-06-15 10:08:30,505] root - INFO - Parameters Readed from config_path Successfully !!!
[2022-06-15 10:08:30,596] root - INFO - Data Fetched from the source Successfully !!!
[2022-06-15 10:08:30,792] root - INFO - Data Loaded from the source Successfully !!!
[2022-06-15 10:08:30,792] root - INFO - 'data' FUNCTION STARTED
[2022-06-15 10:08:30,792] root - INFO - Reading all parameters from config_path
[2022-06-15 10:08:30,803] root - INFO - Parameters Readed from config_path Successfully !!!
[2022-06-15 10:08:30,803] root - INFO - 'drop_unnecessary_columns' FUNCTION STARTED
[2022-06-15 10:08:30,803] root - INFO - Reading all parameters from config_path
[2022-06-15 10:08:30,814] root - INFO - Parameters Readed from config_path Successfully !!!
[2022-06-15 10:08:30,815] root - INFO - 'transform_dates_columns' FUNCTION STARTED
[2022-06-15 10:08:30,815] root - INFO - 'transform_pq_first_sent_to_client_date_columns' FUNCTION STARTED
[2022-06-15 10:08:30,815] root - INFO - 'impute_missing' FUNCTION STARTED
[2022-06-15 10:08:30,815] root - INFO - 'column_imputation' FUNCTION STARTED
[2022-06-15 10:08:30,815] root - INFO - Getting the data from the source
[2022-06-15 10:08:30,815] root - INFO - Reading all parameters from config_path
[2022-06-15 10:08:30,825] root - INFO - Parameters Readed from config_path Successfully !!!
[2022-06-15 10:08:30,914] root - INFO - Data Fetched from the source Successfully !!!
[2022-06-15 10:08:30,915] root - INFO - 'column_imputation' FUNCTION COMPILED SUCCESSFULLY
[2022-06-15 10:08:30,919] root - INFO - 'impute_missing' FUNCTION COMPILED SUCCESSFULLY
[2022-06-15 10:08:33,441] root - INFO - 'transform_pq_first_sent_to_client_date_columns' FUNCTION COMPILED SUCCESSFULLY
[2022-06-15 10:08:38,177] root - INFO - transform_dates_columns function compiled successfully
[2022-06-15 10:08:38,181] root - INFO - drop_unnecessary_columns function compiled successfully
[2022-06-15 10:08:38,280] root - INFO - data function compiled successfully
[2022-06-15 10:08:38,282] root - INFO - 'split_data' function started
[2022-06-15 10:08:38,282] root - INFO - Reading all parameters from config_path
[2022-06-15 10:08:38,292] root - INFO - Parameters Readed from config_path Successfully !!!
[2022-06-15 10:08:38,392] root - INFO - 'split_data' function successfully compiled
[2022-06-15 10:08:38,393] root - INFO - 'train_evaluate' function started
[2022-06-15 10:08:38,393] root - INFO - Reading all parameters from config_path
[2022-06-15 10:08:38,403] root - INFO - Parameters Readed from config_path Successfully !!!
[2022-06-15 10:08:38,403] root - INFO - train data read successfully-->path: H:/consignment pricing using mlops/data/split_data/Consignment_pricing_train.csv
[2022-06-15 10:08:38,481] root - INFO - train data read successfully
[2022-06-15 10:08:38,506] root - INFO - test data read successfully
[2022-06-15 10:08:38,507] root - INFO - model training started
