[2022-06-14 21:44:26,254] root - INFO - Getting the data from the source
[2022-06-14 21:44:26,254] root - INFO - Reading all parameters from config_path
[2022-06-14 21:44:26,277] root - INFO - Parameters Readed from config_path Successfully !!!
[2022-06-14 21:44:26,417] root - INFO - Data Fetched from the source Successfully !!!
[2022-06-14 21:44:26,417] root - INFO - Loading data from the source
[2022-06-14 21:44:26,417] root - INFO - Reading all parameters from config_path
[2022-06-14 21:44:26,439] root - INFO - Parameters Readed from config_path Successfully !!!
[2022-06-14 21:44:26,439] root - INFO - Getting the data from the source
[2022-06-14 21:44:26,440] root - INFO - Reading all parameters from config_path
[2022-06-14 21:44:26,456] root - INFO - Parameters Readed from config_path Successfully !!!
[2022-06-14 21:44:26,609] root - INFO - Data Fetched from the source Successfully !!!
[2022-06-14 21:44:26,900] root - INFO - Data Loaded from the source Successfully !!!
[2022-06-14 21:44:26,900] root - INFO - 'data' FUNCTION STARTED
[2022-06-14 21:44:26,900] root - INFO - Reading all parameters from config_path
[2022-06-14 21:44:26,912] root - INFO - Parameters Readed from config_path Successfully !!!
[2022-06-14 21:44:26,912] root - INFO - 'drop_unnecessary_columns' FUNCTION STARTED
[2022-06-14 21:44:26,912] root - INFO - Reading all parameters from config_path
[2022-06-14 21:44:26,929] root - INFO - Parameters Readed from config_path Successfully !!!
[2022-06-14 21:44:26,929] root - INFO - 'transform_dates_columns' FUNCTION STARTED
[2022-06-14 21:44:26,929] root - INFO - 'transform_pq_first_sent_to_client_date_columns' FUNCTION STARTED
[2022-06-14 21:44:26,929] root - INFO - 'impute_missing' FUNCTION STARTED
[2022-06-14 21:44:26,930] root - INFO - 'column_imputation' FUNCTION STARTED
[2022-06-14 21:44:26,930] root - INFO - Getting the data from the source
[2022-06-14 21:44:26,930] root - INFO - Reading all parameters from config_path
[2022-06-14 21:44:26,950] root - INFO - Parameters Readed from config_path Successfully !!!
[2022-06-14 21:44:27,091] root - INFO - Data Fetched from the source Successfully !!!
[2022-06-14 21:44:27,092] root - INFO - 'column_imputation' FUNCTION COMPILED SUCCESSFULLY
[2022-06-14 21:44:27,098] root - INFO - 'impute_missing' FUNCTION COMPILED SUCCESSFULLY
[2022-06-14 21:44:30,266] root - INFO - 'transform_pq_first_sent_to_client_date_columns' FUNCTION COMPILED SUCCESSFULLY
[2022-06-14 21:44:35,937] root - INFO - transform_dates_columns function compiled successfully
[2022-06-14 21:44:35,941] root - INFO - drop_unnecessary_columns function compiled successfully
[2022-06-14 21:44:36,076] root - INFO - data function compiled successfully
