2022-05-20/23:58:43		Exception occured in 'train_evaluate' functionlog() missing 1 required positional argument: 'log_message'
2022-05-20/23:58:43		train_evaluate function reported error in the function
2022-05-20/23:59:13		Exception occured in 'train_evaluate' functionlog() missing 1 required positional argument: 'log_message'
2022-05-20/23:59:13		train_evaluate function reported error in the functionlog() missing 1 required positional argument: 'log_message'
2022-05-20/23:59:42		'train_evaluate' function started
2022-05-20/23:59:42		Exception occured in 'train_evaluate' function'TrainEvaluate' object has no attribute 'train'
2022-05-20/23:59:42		train_evaluate function reported error in the function
2022-05-21/00:00:10		'train_evaluate' function started
2022-05-21/00:00:10		train data read successfully-->path: H:/consignment pricing using mlops/data/split_data/Consignment_pricing_train.csv
2022-05-21/00:00:10		Exception occured in 'train_evaluate' functionNumExpr 2 does not support Unicode as a dtype.
2022-05-21/00:00:10		train_evaluate function reported error in the function
2022-05-21/00:00:53		'train_evaluate' function started
2022-05-21/00:00:53		train data read successfully-->path: H:/consignment pricing using mlops/data/split_data/Consignment_pricing_train.csv
2022-05-21/00:00:53		train data read successfully
2022-05-21/00:00:53		test data read successfully
2022-05-21/00:00:53		model training started
2022-05-21/00:00:53		Exception occured in 'train_evaluate' function'max_deapth'
2022-05-21/00:00:53		train_evaluate function reported error in the function
2022-05-21/00:08:52		'train_evaluate' function started
2022-05-21/00:08:52		train data read successfully-->path: H:/consignment pricing using mlops/data/split_data/Consignment_pricing_train.csv
2022-05-21/00:08:52		train data read successfully
2022-05-21/00:08:52		test data read successfully
2022-05-21/00:08:52		model training started
2022-05-21/00:10:26		Model Trained successfully
2022-05-21/00:10:26		Exception occured in 'train_evaluate' functionlog() missing 1 required positional argument: 'log_message'
2022-05-21/00:10:26		train_evaluate function reported error in the function
2022-05-21/00:11:42		'train_evaluate' function started
2022-05-21/00:11:42		train data read successfully-->path: H:/consignment pricing using mlops/data/split_data/Consignment_pricing_train.csv
2022-05-21/00:11:42		train data read successfully
2022-05-21/00:11:42		test data read successfully
2022-05-21/00:11:42		model training started
2022-05-21/00:13:00		Model Trained successfully
2022-05-21/00:13:00		scores written to file
2022-05-21/00:13:00		Exception occured in 'train_evaluate' functionObject of type function is not JSON serializable
2022-05-21/00:13:00		train_evaluate function reported error in the function
2022-05-21/00:14:35		'train_evaluate' function started
2022-05-21/00:14:35		train data read successfully-->path: H:/consignment pricing using mlops/data/split_data/Consignment_pricing_train.csv
2022-05-21/00:14:35		train data read successfully
2022-05-21/00:14:35		test data read successfully
2022-05-21/00:14:35		model training started
2022-05-21/00:15:56		Model Trained successfully
2022-05-21/00:15:57		scores written to file
2022-05-21/00:15:57		Exception occured in 'train_evaluate' functionObject of type function is not JSON serializable
2022-05-21/00:15:57		train_evaluate function reported error in the function
2022-05-21/00:16:35		'train_evaluate' function started
2022-05-21/00:16:35		train data read successfully-->path: H:/consignment pricing using mlops/data/split_data/Consignment_pricing_train.csv
2022-05-21/00:16:35		train data read successfully
2022-05-21/00:16:35		test data read successfully
2022-05-21/00:16:35		model training started
2022-05-21/00:17:50		Model Trained successfully
2022-05-21/00:17:50		scores written to file
2022-05-21/01:01:15		'train_evaluate' function started
2022-05-21/01:01:15		train data read successfully-->path: H:/consignment pricing using mlops/data/split_data/Consignment_pricing_train.csv
2022-05-21/01:01:15		train data read successfully
2022-05-21/01:01:15		test data read successfully
2022-05-21/01:01:15		model training started
2022-05-21/01:01:15		Exception occured in 'train_evaluate' functionlocal variable 'rf' referenced before assignment
2022-05-21/01:01:15		train_evaluate function reported error in the function
2022-05-21/01:02:00		'train_evaluate' function started
2022-05-21/01:02:00		train data read successfully-->path: H:/consignment pricing using mlops/data/split_data/Consignment_pricing_train.csv
2022-05-21/01:02:00		train data read successfully
2022-05-21/01:02:00		test data read successfully
2022-05-21/01:02:00		model training started
2022-05-21/01:02:00		Exception occured in 'train_evaluate' functionParameter value is not iterable or distribution (key='oob_score', value=True)
2022-05-21/01:02:00		train_evaluate function reported error in the function
2022-05-21/01:07:23		'train_evaluate' function started
2022-05-21/01:07:23		train data read successfully-->path: H:/consignment pricing using mlops/data/split_data/Consignment_pricing_train.csv
2022-05-21/01:07:23		train data read successfully
2022-05-21/01:07:23		test data read successfully
2022-05-21/01:07:23		model training started
2022-05-21/01:07:23		Exception occured in 'train_evaluate' functionParameter value is not iterable or distribution (key='return_train_score', value=True)
2022-05-21/01:07:23		train_evaluate function reported error in the function
2022-05-21/01:08:20		'train_evaluate' function started
2022-05-21/01:08:20		train data read successfully-->path: H:/consignment pricing using mlops/data/split_data/Consignment_pricing_train.csv
2022-05-21/01:08:20		train data read successfully
2022-05-21/01:08:20		test data read successfully
2022-05-21/01:08:20		model training started
2022-05-21/01:08:20		Exception occured in 'train_evaluate' functionParameter value is not iterable or distribution (key='return_train_score', value=True)
2022-05-21/01:08:20		train_evaluate function reported error in the function
2022-05-21/01:11:07		'train_evaluate' function started
2022-05-21/01:11:07		train data read successfully-->path: H:/consignment pricing using mlops/data/split_data/Consignment_pricing_train.csv
2022-05-21/01:11:07		train data read successfully
2022-05-21/01:11:07		test data read successfully
2022-05-21/01:11:07		model training started
2022-05-21/01:11:07		Exception occured in 'train_evaluate' functionParameter value is not iterable or distribution (key='oob_score', value=True)
2022-05-21/01:11:07		train_evaluate function reported error in the function
2022-05-21/01:11:17		'train_evaluate' function started
2022-05-21/01:11:17		train data read successfully-->path: H:/consignment pricing using mlops/data/split_data/Consignment_pricing_train.csv
2022-05-21/01:11:17		train data read successfully
2022-05-21/01:11:17		test data read successfully
2022-05-21/01:11:17		model training started
2022-05-21/12:25:23		'train_evaluate' function started
2022-05-21/12:25:23		train data read successfully-->path: H:/consignment pricing using mlops/data/split_data/Consignment_pricing_train.csv
2022-05-21/12:25:24		train data read successfully
2022-05-21/12:25:24		test data read successfully
2022-05-21/12:25:24		model training started
2022-05-21/12:26:39		'train_evaluate' function started
2022-05-21/12:26:39		train data read successfully-->path: H:/consignment pricing using mlops/data/split_data/Consignment_pricing_train.csv
2022-05-21/12:26:39		train data read successfully
2022-05-21/12:26:39		test data read successfully
2022-05-21/12:26:39		model training started
2022-05-21/12:44:05		Exception occured in 'train_evaluate' functionThis RandomForestRegressor instance is not fitted yet. Call 'fit' with appropriate arguments before using this estimator.
2022-05-21/12:44:05		train_evaluate function reported error in the function
2022-05-21/12:48:48		'train_evaluate' function started
2022-05-21/12:48:48		train data read successfully-->path: H:/consignment pricing using mlops/data/split_data/Consignment_pricing_train.csv
2022-05-21/12:48:48		train data read successfully
2022-05-21/12:48:48		test data read successfully
2022-05-21/12:48:48		model training started
2022-05-21/13:04:41		Exception occured in 'train_evaluate' function[Errno 2] No such file or directory: 'H:/consignment pricing using mlops/prediction_service/data/main_data/train_data.csv'
2022-05-21/13:04:41		train_evaluate function reported error in the function
2022-05-21/13:05:08		'train_evaluate' function started
2022-05-21/13:05:08		train data read successfully-->path: H:/consignment pricing using mlops/data/split_data/Consignment_pricing_train.csv
2022-05-21/13:05:08		train data read successfully
2022-05-21/13:05:08		test data read successfully
2022-05-21/13:05:08		model training started
2022-05-21/13:20:45		Exception occured in 'train_evaluate' function[Errno 2] No such file or directory: 'H:/consignment pricing using mlops/prediction_service/data/main_data/train_data.csv'
2022-05-21/13:20:45		train_evaluate function reported error in the function
2022-05-21/15:16:18		'train_evaluate' function started
2022-05-21/15:16:18		train data read successfully-->path: H:/consignment pricing using mlops/data/split_data/Consignment_pricing_train.csv
2022-05-21/15:16:18		train data read successfully
2022-05-21/15:16:18		test data read successfully
2022-05-21/15:16:18		model training started
2022-05-21/15:35:13		Exception occured in 'train_evaluate' functionNumber of features of the model must match the input. Model n_features is 16 and input n_features is 5 
2022-05-21/15:35:13		train_evaluate function reported error in the function
2022-05-22/23:28:01		'train_evaluate' function started
2022-05-22/23:28:01		train data read successfully-->path: H:/consignment pricing using mlops/data/split_data/Consignment_pricing_train.csv
2022-05-22/23:28:01		train data read successfully
2022-05-22/23:28:01		test data read successfully
2022-05-22/23:28:01		model training started
2022-05-22/23:51:00		'train_evaluate' function started
2022-05-22/23:51:00		train data read successfully-->path: H:/consignment pricing using mlops/data/split_data/Consignment_pricing_train.csv
2022-05-22/23:51:00		train data read successfully
2022-05-22/23:51:00		test data read successfully
2022-05-22/23:51:00		model training started
2022-05-23/00:18:27		Exception occured in 'train_evaluate' functionNumber of features of the model must match the input. Model n_features is 15 and input n_features is 9 
2022-05-23/00:18:27		train_evaluate function reported error in the function
2022-05-23/00:24:16		'train_evaluate' function started
2022-05-23/00:24:17		train data read successfully-->path: H:/consignment pricing using mlops/data/split_data/Consignment_pricing_train.csv
2022-05-23/00:24:17		train data read successfully
2022-05-23/00:24:17		test data read successfully
2022-05-23/00:24:17		model training started
2022-05-23/00:53:59		Model Trained on RandomizedSearchCV successfully
2022-05-23/00:53:59		scores written to file
2022-05-23/00:53:59		Exception occured in 'train_evaluate' function'TrainEvaluate' object has no attribute 'criterion'
2022-05-23/00:53:59		train_evaluate function reported error in the function
